{"/Users/rickgao/WebstormProjects/noded/src/services/gemini-service.ts": {"path":"/Users/rickgao/WebstormProjects/noded/src/services/gemini-service.ts","statementMap":{"0":{"start":{"line":1,"column":0},"end":{"line":1,"column":44}},"1":{"start":{"line":2,"column":0},"end":{"line":2,"column":50}},"2":{"start":{"line":12,"column":10},"end":{"line":12,"column":124}},"3":{"start":{"line":15,"column":4},"end":{"line":15,"column":46}},"4":{"start":{"line":16,"column":4},"end":{"line":16,"column":59}},"5":{"start":{"line":18,"column":4},"end":{"line":18,"column":60}},"6":{"start":{"line":32,"column":22},"end":{"line":32,"column":39}},"7":{"start":{"line":33,"column":4},"end":{"line":35,"column":7}},"8":{"start":{"line":37,"column":4},"end":{"line":219,"column":5}},"9":{"start":{"line":39,"column":6},"end":{"line":46,"column":7}},"10":{"start":{"line":40,"column":8},"end":{"line":45,"column":10}},"11":{"start":{"line":49,"column":6},"end":{"line":56,"column":7}},"12":{"start":{"line":50,"column":8},"end":{"line":55,"column":10}},"13":{"start":{"line":59,"column":26},"end":{"line":71,"column":8}},"14":{"start":{"line":73,"column":6},"end":{"line":75,"column":9}},"15":{"start":{"line":78,"column":6},"end":{"line":78,"column":41}},"16":{"start":{"line":79,"column":6},"end":{"line":79,"column":43}},"17":{"start":{"line":80,"column":6},"end":{"line":80,"column":34}},"18":{"start":{"line":81,"column":6},"end":{"line":81,"column":58}},"19":{"start":{"line":82,"column":6},"end":{"line":82,"column":39}},"20":{"start":{"line":83,"column":6},"end":{"line":83,"column":59}},"21":{"start":{"line":84,"column":6},"end":{"line":84,"column":73}},"22":{"start":{"line":85,"column":6},"end":{"line":85,"column":41}},"23":{"start":{"line":88,"column":23},"end":{"line":94,"column":8}},"24":{"start":{"line":96,"column":6},"end":{"line":111,"column":7}},"25":{"start":{"line":97,"column":26},"end":{"line":97,"column":47}},"26":{"start":{"line":98,"column":8},"end":{"line":102,"column":11}},"27":{"start":{"line":104,"column":8},"end":{"line":110,"column":10}},"28":{"start":{"line":114,"column":21},"end":{"line":114,"column":47}},"29":{"start":{"line":115,"column":22},"end":{"line":115,"column":39}},"30":{"start":{"line":116,"column":25},"end":{"line":116,"column":27}},"31":{"start":{"line":118,"column":6},"end":{"line":125,"column":7}},"32":{"start":{"line":119,"column":8},"end":{"line":124,"column":10}},"33":{"start":{"line":127,"column":19},"end":{"line":127,"column":21}},"34":{"start":{"line":129,"column":6},"end":{"line":183,"column":7}},"35":{"start":{"line":130,"column":32},"end":{"line":130,"column":51}},"36":{"start":{"line":132,"column":8},"end":{"line":134,"column":9}},"37":{"start":{"line":133,"column":10},"end":{"line":133,"column":16}},"38":{"start":{"line":136,"column":22},"end":{"line":136,"column":61}},"39":{"start":{"line":137,"column":8},"end":{"line":137,"column":24}},"40":{"start":{"line":140,"column":24},"end":{"line":140,"column":42}},"41":{"start":{"line":143,"column":8},"end":{"line":143,"column":37}},"42":{"start":{"line":145,"column":8},"end":{"line":182,"column":9}},"43":{"start":{"line":146,"column":10},"end":{"line":146,"column":39}},"44":{"start":{"line":146,"column":30},"end":{"line":146,"column":39}},"45":{"start":{"line":148,"column":24},"end":{"line":148,"column":26}},"46":{"start":{"line":149,"column":10},"end":{"line":181,"column":11}},"47":{"start":{"line":151,"column":12},"end":{"line":151,"column":90}},"48":{"start":{"line":152,"column":12},"end":{"line":152,"column":54}},"49":{"start":{"line":152,"column":45},"end":{"line":152,"column":54}},"50":{"start":{"line":154,"column":25},"end":{"line":154,"column":44}},"51":{"start":{"line":157,"column":12},"end":{"line":173,"column":13}},"52":{"start":{"line":158,"column":27},"end":{"line":158,"column":74}},"53":{"start":{"line":159,"column":14},"end":{"line":172,"column":15}},"54":{"start":{"line":160,"column":16},"end":{"line":160,"column":37}},"55":{"start":{"line":161,"column":16},"end":{"line":161,"column":30}},"56":{"start":{"line":163,"column":16},"end":{"line":166,"column":19}},"57":{"start":{"line":169,"column":16},"end":{"line":171,"column":17}},"58":{"start":{"line":170,"column":18},"end":{"line":170,"column":102}},"59":{"start":{"line":176,"column":12},"end":{"line":180,"column":13}},"60":{"start":{"line":177,"column":14},"end":{"line":179,"column":17}},"61":{"start":{"line":185,"column":28},"end":{"line":185,"column":57}},"62":{"start":{"line":186,"column":6},"end":{"line":186,"column":78}},"63":{"start":{"line":187,"column":6},"end":{"line":189,"column":24}},"64":{"start":{"line":192,"column":6},"end":{"line":192,"column":41}},"65":{"start":{"line":193,"column":6},"end":{"line":193,"column":52}},"66":{"start":{"line":194,"column":6},"end":{"line":194,"column":34}},"67":{"start":{"line":195,"column":6},"end":{"line":195,"column":58}},"68":{"start":{"line":196,"column":6},"end":{"line":196,"column":70}},"69":{"start":{"line":197,"column":6},"end":{"line":197,"column":79}},"70":{"start":{"line":198,"column":6},"end":{"line":198,"column":36}},"71":{"start":{"line":199,"column":6},"end":{"line":199,"column":34}},"72":{"start":{"line":200,"column":6},"end":{"line":200,"column":32}},"73":{"start":{"line":201,"column":6},"end":{"line":201,"column":41}},"74":{"start":{"line":203,"column":6},"end":{"line":203,"column":26}},"75":{"start":{"line":206,"column":6},"end":{"line":206,"column":58}},"76":{"start":{"line":208,"column":6},"end":{"line":210,"column":7}},"77":{"start":{"line":209,"column":8},"end":{"line":209,"column":20}},"78":{"start":{"line":212,"column":6},"end":{"line":218,"column":8}},"79":{"start":{"line":228,"column":4},"end":{"line":228,"column":46}},"80":{"start":{"line":230,"column":4},"end":{"line":230,"column":25}},"81":{"start":{"line":232,"column":4},"end":{"line":232,"column":56}},"82":{"start":{"line":233,"column":4},"end":{"line":233,"column":45}},"83":{"start":{"line":8,"column":0},"end":{"line":8,"column":13}},"84":{"start":{"line":238,"column":13},"end":{"line":238,"column":49}}},"fnMap":{"0":{"name":"(anonymous_0)","decl":{"start":{"line":14,"column":2},"end":{"line":14,"column":null}},"loc":{"start":{"line":14,"column":2},"end":{"line":19,"column":3}}},"1":{"name":"(anonymous_1)","decl":{"start":{"line":28,"column":9},"end":{"line":28,"column":14}},"loc":{"start":{"line":30,"column":36},"end":{"line":220,"column":3}}},"2":{"name":"(anonymous_2)","decl":{"start":{"line":227,"column":9},"end":{"line":227,"column":18}},"loc":{"start":{"line":227,"column":33},"end":{"line":234,"column":3}}}},"branchMap":{"0":{"loc":{"start":{"line":39,"column":6},"end":{"line":46,"column":7}},"type":"if","locations":[{"start":{"line":39,"column":6},"end":{"line":46,"column":7}}]},"1":{"loc":{"start":{"line":39,"column":10},"end":{"line":39,"column":37}},"type":"binary-expr","locations":[{"start":{"line":39,"column":10},"end":{"line":39,"column":18}},{"start":{"line":39,"column":22},"end":{"line":39,"column":37}}]},"2":{"loc":{"start":{"line":49,"column":6},"end":{"line":56,"column":7}},"type":"if","locations":[{"start":{"line":49,"column":6},"end":{"line":56,"column":7}}]},"3":{"loc":{"start":{"line":49,"column":10},"end":{"line":49,"column":68}},"type":"binary-expr","locations":[{"start":{"line":49,"column":10},"end":{"line":49,"column":22}},{"start":{"line":49,"column":26},"end":{"line":49,"column":68}}]},"4":{"loc":{"start":{"line":96,"column":6},"end":{"line":111,"column":7}},"type":"if","locations":[{"start":{"line":96,"column":6},"end":{"line":111,"column":7}}]},"5":{"loc":{"start":{"line":118,"column":6},"end":{"line":125,"column":7}},"type":"if","locations":[{"start":{"line":118,"column":6},"end":{"line":125,"column":7}}]},"6":{"loc":{"start":{"line":132,"column":8},"end":{"line":134,"column":9}},"type":"if","locations":[{"start":{"line":132,"column":8},"end":{"line":134,"column":9}}]},"7":{"loc":{"start":{"line":143,"column":17},"end":{"line":143,"column":36}},"type":"binary-expr","locations":[{"start":{"line":143,"column":17},"end":{"line":143,"column":30}},{"start":{"line":143,"column":34},"end":{"line":143,"column":36}}]},"8":{"loc":{"start":{"line":146,"column":10},"end":{"line":146,"column":39}},"type":"if","locations":[{"start":{"line":146,"column":10},"end":{"line":146,"column":39}}]},"9":{"loc":{"start":{"line":151,"column":22},"end":{"line":151,"column":89}},"type":"cond-expr","locations":[{"start":{"line":151,"column":47},"end":{"line":151,"column":73}},{"start":{"line":151,"column":76},"end":{"line":151,"column":89}}]},"10":{"loc":{"start":{"line":152,"column":12},"end":{"line":152,"column":54}},"type":"if","locations":[{"start":{"line":152,"column":12},"end":{"line":152,"column":54}}]},"11":{"loc":{"start":{"line":152,"column":16},"end":{"line":152,"column":43}},"type":"binary-expr","locations":[{"start":{"line":152,"column":16},"end":{"line":152,"column":24}},{"start":{"line":152,"column":28},"end":{"line":152,"column":43}}]},"12":{"loc":{"start":{"line":157,"column":12},"end":{"line":173,"column":13}},"type":"if","locations":[{"start":{"line":157,"column":12},"end":{"line":173,"column":13}}]},"13":{"loc":{"start":{"line":157,"column":16},"end":{"line":157,"column":69}},"type":"binary-expr","locations":[{"start":{"line":157,"column":16},"end":{"line":157,"column":31}},{"start":{"line":157,"column":35},"end":{"line":157,"column":69}}]},"14":{"loc":{"start":{"line":158,"column":27},"end":{"line":158,"column":74}},"type":"binary-expr","locations":[{"start":{"line":158,"column":27},"end":{"line":158,"column":68}},{"start":{"line":158,"column":72},"end":{"line":158,"column":74}}]},"15":{"loc":{"start":{"line":159,"column":14},"end":{"line":172,"column":15}},"type":"if","locations":[{"start":{"line":159,"column":14},"end":{"line":172,"column":15}}]},"16":{"loc":{"start":{"line":169,"column":16},"end":{"line":171,"column":17}},"type":"if","locations":[{"start":{"line":169,"column":16},"end":{"line":171,"column":17}}]},"17":{"loc":{"start":{"line":176,"column":12},"end":{"line":180,"column":13}},"type":"if","locations":[{"start":{"line":176,"column":12},"end":{"line":180,"column":13}}]},"18":{"loc":{"start":{"line":176,"column":16},"end":{"line":176,"column":61}},"type":"binary-expr","locations":[{"start":{"line":176,"column":16},"end":{"line":176,"column":23}},{"start":{"line":176,"column":27},"end":{"line":176,"column":42}},{"start":{"line":176,"column":46},"end":{"line":176,"column":61}}]},"19":{"loc":{"start":{"line":208,"column":6},"end":{"line":210,"column":7}},"type":"if","locations":[{"start":{"line":208,"column":6},"end":{"line":210,"column":7}}]},"20":{"loc":{"start":{"line":208,"column":10},"end":{"line":208,"column":64}},"type":"binary-expr","locations":[{"start":{"line":208,"column":10},"end":{"line":208,"column":32}},{"start":{"line":208,"column":36},"end":{"line":208,"column":64}}]}},"s":{"0":0,"1":0,"2":0,"3":0,"4":0,"5":0,"6":0,"7":0,"8":0,"9":0,"10":0,"11":0,"12":0,"13":0,"14":0,"15":0,"16":0,"17":0,"18":0,"19":0,"20":0,"21":0,"22":0,"23":0,"24":0,"25":0,"26":0,"27":0,"28":0,"29":0,"30":0,"31":0,"32":0,"33":0,"34":0,"35":0,"36":0,"37":0,"38":0,"39":0,"40":0,"41":0,"42":0,"43":0,"44":0,"45":0,"46":0,"47":0,"48":0,"49":0,"50":0,"51":0,"52":0,"53":0,"54":0,"55":0,"56":0,"57":0,"58":0,"59":0,"60":0,"61":0,"62":0,"63":0,"64":0,"65":0,"66":0,"67":0,"68":0,"69":0,"70":0,"71":0,"72":0,"73":0,"74":0,"75":0,"76":0,"77":0,"78":0,"79":0,"80":0,"81":0,"82":0,"83":0,"84":0},"f":{"0":0,"1":0,"2":0},"b":{"0":[0],"1":[0,0],"2":[0],"3":[0,0],"4":[0],"5":[0],"6":[0],"7":[0,0],"8":[0],"9":[0,0],"10":[0],"11":[0,0],"12":[0],"13":[0,0],"14":[0,0],"15":[0],"16":[0],"17":[0],"18":[0,0,0],"19":[0],"20":[0,0]}}
,"/Users/rickgao/WebstormProjects/noded/src/utils/logger.ts": {"path":"/Users/rickgao/WebstormProjects/noded/src/utils/logger.ts","statementMap":{"0":{"start":{"line":6,"column":0},"end":{"line":6,"column":null}},"1":{"start":{"line":7,"column":2},"end":{"line":7,"column":null}},"2":{"start":{"line":8,"column":2},"end":{"line":8,"column":null}},"3":{"start":{"line":9,"column":2},"end":{"line":9,"column":null}},"4":{"start":{"line":10,"column":2},"end":{"line":10,"column":null}},"5":{"start":{"line":11,"column":2},"end":{"line":11,"column":null}},"6":{"start":{"line":12,"column":2},"end":{"line":12,"column":null}},"7":{"start":{"line":37,"column":4},"end":{"line":37,"column":35}},"8":{"start":{"line":38,"column":4},"end":{"line":38,"column":46}},"9":{"start":{"line":39,"column":4},"end":{"line":39,"column":54}},"10":{"start":{"line":46,"column":4},"end":{"line":50,"column":7}},"11":{"start":{"line":57,"column":4},"end":{"line":62,"column":7}},"12":{"start":{"line":69,"column":4},"end":{"line":75,"column":7}},"13":{"start":{"line":82,"column":4},"end":{"line":88,"column":7}},"14":{"start":{"line":95,"column":4},"end":{"line":101,"column":7}},"15":{"start":{"line":108,"column":4},"end":{"line":113,"column":7}},"16":{"start":{"line":120,"column":18},"end":{"line":120,"column":64}},"17":{"start":{"line":121,"column":4},"end":{"line":127,"column":7}},"18":{"start":{"line":134,"column":4},"end":{"line":141,"column":7}},"19":{"start":{"line":148,"column":4},"end":{"line":152,"column":7}},"20":{"start":{"line":159,"column":4},"end":{"line":163,"column":7}},"21":{"start":{"line":170,"column":4},"end":{"line":174,"column":7}},"22":{"start":{"line":178,"column":31},"end":{"line":187,"column":6}},"23":{"start":{"line":190,"column":4},"end":{"line":190,"column":42}},"24":{"start":{"line":197,"column":47},"end":{"line":197,"column":49}},"25":{"start":{"line":199,"column":4},"end":{"line":208,"column":5}},"26":{"start":{"line":200,"column":6},"end":{"line":207,"column":7}},"27":{"start":{"line":201,"column":22},"end":{"line":201,"column":37}},"28":{"start":{"line":202,"column":8},"end":{"line":206,"column":9}},"29":{"start":{"line":203,"column":10},"end":{"line":203,"column":40}},"30":{"start":{"line":205,"column":10},"end":{"line":205,"column":53}},"31":{"start":{"line":210,"column":4},"end":{"line":210,"column":21}},"32":{"start":{"line":217,"column":4},"end":{"line":219,"column":5}},"33":{"start":{"line":218,"column":6},"end":{"line":218,"column":24}},"34":{"start":{"line":220,"column":4},"end":{"line":220,"column":17}},"35":{"start":{"line":227,"column":4},"end":{"line":229,"column":5}},"36":{"start":{"line":228,"column":6},"end":{"line":228,"column":45}},"37":{"start":{"line":230,"column":4},"end":{"line":230,"column":17}},"38":{"start":{"line":237,"column":4},"end":{"line":237,"column":35}},"39":{"start":{"line":237,"column":18},"end":{"line":237,"column":35}},"40":{"start":{"line":238,"column":4},"end":{"line":238,"column":44}},"41":{"start":{"line":245,"column":28},"end":{"line":245,"column":80}},"42":{"start":{"line":246,"column":4},"end":{"line":248,"column":6}},"43":{"start":{"line":247,"column":6},"end":{"line":247,"column":49}},"44":{"start":{"line":255,"column":4},"end":{"line":255,"column":78}},"45":{"start":{"line":262,"column":4},"end":{"line":262,"column":75}},"46":{"start":{"line":269,"column":4},"end":{"line":269,"column":39}},"47":{"start":{"line":31,"column":0},"end":{"line":31,"column":13}}},"fnMap":{"0":{"name":"(anonymous_0)","decl":{"start":{"line":6,"column":0},"end":{"line":6,"column":12}},"loc":{"start":{"line":6,"column":20},"end":{"line":13,"column":1}}},"1":{"name":"(anonymous_1)","decl":{"start":{"line":36,"column":2},"end":{"line":36,"column":14}},"loc":{"start":{"line":36,"column":33},"end":{"line":40,"column":3}}},"2":{"name":"(anonymous_2)","decl":{"start":{"line":45,"column":9},"end":{"line":45,"column":25}},"loc":{"start":{"line":45,"column":88},"end":{"line":51,"column":3}}},"3":{"name":"(anonymous_3)","decl":{"start":{"line":56,"column":9},"end":{"line":56,"column":24}},"loc":{"start":{"line":56,"column":92},"end":{"line":63,"column":3}}},"4":{"name":"(anonymous_4)","decl":{"start":{"line":68,"column":9},"end":{"line":68,"column":18}},"loc":{"start":{"line":68,"column":111},"end":{"line":76,"column":3}}},"5":{"name":"(anonymous_5)","decl":{"start":{"line":81,"column":9},"end":{"line":81,"column":16}},"loc":{"start":{"line":81,"column":115},"end":{"line":89,"column":3}}},"6":{"name":"(anonymous_6)","decl":{"start":{"line":94,"column":9},"end":{"line":94,"column":30}},"loc":{"start":{"line":94,"column":125},"end":{"line":102,"column":3}}},"7":{"name":"(anonymous_7)","decl":{"start":{"line":107,"column":9},"end":{"line":107,"column":27}},"loc":{"start":{"line":107,"column":98},"end":{"line":114,"column":3}}},"8":{"name":"(anonymous_8)","decl":{"start":{"line":119,"column":9},"end":{"line":119,"column":23}},"loc":{"start":{"line":119,"column":117},"end":{"line":128,"column":3}}},"9":{"name":"(anonymous_9)","decl":{"start":{"line":133,"column":9},"end":{"line":133,"column":17}},"loc":{"start":{"line":133,"column":87},"end":{"line":142,"column":3}}},"10":{"name":"(anonymous_10)","decl":{"start":{"line":147,"column":9},"end":{"line":147,"column":16}},"loc":{"start":{"line":147,"column":91},"end":{"line":153,"column":3}}},"11":{"name":"(anonymous_11)","decl":{"start":{"line":158,"column":9},"end":{"line":158,"column":16}},"loc":{"start":{"line":158,"column":91},"end":{"line":164,"column":3}}},"12":{"name":"(anonymous_12)","decl":{"start":{"line":169,"column":9},"end":{"line":169,"column":17}},"loc":{"start":{"line":169,"column":92},"end":{"line":175,"column":3}}},"13":{"name":"(anonymous_13)","decl":{"start":{"line":177,"column":10},"end":{"line":177,"column":13}},"loc":{"start":{"line":177,"column":86},"end":{"line":191,"column":3}}},"14":{"name":"(anonymous_14)","decl":{"start":{"line":196,"column":10},"end":{"line":196,"column":28}},"loc":{"start":{"line":196,"column":64},"end":{"line":211,"column":3}}},"15":{"name":"(anonymous_15)","decl":{"start":{"line":216,"column":10},"end":{"line":216,"column":29}},"loc":{"start":{"line":216,"column":44},"end":{"line":221,"column":3}}},"16":{"name":"(anonymous_16)","decl":{"start":{"line":226,"column":10},"end":{"line":226,"column":23}},"loc":{"start":{"line":226,"column":38},"end":{"line":231,"column":3}}},"17":{"name":"(anonymous_17)","decl":{"start":{"line":236,"column":10},"end":{"line":236,"column":25}},"loc":{"start":{"line":236,"column":59},"end":{"line":239,"column":3}}},"18":{"name":"(anonymous_18)","decl":{"start":{"line":244,"column":10},"end":{"line":244,"column":26}},"loc":{"start":{"line":244,"column":44},"end":{"line":249,"column":3}}},"19":{"name":"(anonymous_19)","decl":{"start":{"line":246,"column":32},"end":{"line":246,"column":41}},"loc":{"start":{"line":247,"column":6},"end":{"line":247,"column":49}}},"20":{"name":"(anonymous_20)","decl":{"start":{"line":254,"column":10},"end":{"line":254,"column":27}},"loc":{"start":{"line":254,"column":27},"end":{"line":256,"column":3}}},"21":{"name":"(anonymous_21)","decl":{"start":{"line":261,"column":10},"end":{"line":261,"column":31}},"loc":{"start":{"line":261,"column":31},"end":{"line":263,"column":3}}},"22":{"name":"(anonymous_22)","decl":{"start":{"line":268,"column":9},"end":{"line":268,"column":25}},"loc":{"start":{"line":268,"column":47},"end":{"line":270,"column":3}}}},"branchMap":{"0":{"loc":{"start":{"line":6,"column":12},"end":{"line":6,"column":null}},"type":"binary-expr","locations":[{"start":{"line":6,"column":12},"end":{"line":6,"column":20}},{"start":{"line":6,"column":20},"end":{"line":6,"column":null}}]},"1":{"loc":{"start":{"line":45,"column":48},"end":{"line":45,"column":88}},"type":"default-arg","locations":[{"start":{"line":45,"column":86},"end":{"line":45,"column":88}}]},"2":{"loc":{"start":{"line":120,"column":18},"end":{"line":120,"column":64}},"type":"cond-expr","locations":[{"start":{"line":120,"column":34},"end":{"line":120,"column":47}},{"start":{"line":120,"column":50},"end":{"line":120,"column":64}}]},"3":{"loc":{"start":{"line":177,"column":48},"end":{"line":177,"column":86}},"type":"default-arg","locations":[{"start":{"line":177,"column":84},"end":{"line":177,"column":86}}]},"4":{"loc":{"start":{"line":182,"column":16},"end":{"line":182,"column":60}},"type":"binary-expr","locations":[{"start":{"line":182,"column":16},"end":{"line":182,"column":47}},{"start":{"line":182,"column":51},"end":{"line":182,"column":60}}]},"5":{"loc":{"start":{"line":200,"column":6},"end":{"line":207,"column":7}},"type":"if","locations":[{"start":{"line":200,"column":6},"end":{"line":207,"column":7}}]},"6":{"loc":{"start":{"line":202,"column":8},"end":{"line":206,"column":9}},"type":"if","locations":[{"start":{"line":202,"column":8},"end":{"line":206,"column":9}},{"start":{"line":204,"column":15},"end":{"line":206,"column":9}}]},"7":{"loc":{"start":{"line":217,"column":4},"end":{"line":219,"column":5}},"type":"if","locations":[{"start":{"line":217,"column":4},"end":{"line":219,"column":5}}]},"8":{"loc":{"start":{"line":217,"column":8},"end":{"line":217,"column":51}},"type":"binary-expr","locations":[{"start":{"line":217,"column":8},"end":{"line":217,"column":33}},{"start":{"line":217,"column":37},"end":{"line":217,"column":51}}]},"9":{"loc":{"start":{"line":227,"column":4},"end":{"line":229,"column":5}},"type":"if","locations":[{"start":{"line":227,"column":4},"end":{"line":229,"column":5}}]},"10":{"loc":{"start":{"line":227,"column":8},"end":{"line":227,"column":55}},"type":"binary-expr","locations":[{"start":{"line":227,"column":8},"end":{"line":227,"column":33}},{"start":{"line":227,"column":37},"end":{"line":227,"column":55}}]},"11":{"loc":{"start":{"line":237,"column":4},"end":{"line":237,"column":35}},"type":"if","locations":[{"start":{"line":237,"column":4},"end":{"line":237,"column":35}}]}},"s":{"0":0,"1":0,"2":0,"3":0,"4":0,"5":0,"6":0,"7":0,"8":0,"9":0,"10":0,"11":0,"12":0,"13":0,"14":0,"15":0,"16":0,"17":0,"18":0,"19":0,"20":0,"21":0,"22":0,"23":0,"24":0,"25":0,"26":0,"27":0,"28":0,"29":0,"30":0,"31":0,"32":0,"33":0,"34":0,"35":0,"36":0,"37":0,"38":0,"39":0,"40":0,"41":0,"42":0,"43":0,"44":0,"45":0,"46":0,"47":0},"f":{"0":0,"1":0,"2":0,"3":0,"4":0,"5":0,"6":0,"7":0,"8":0,"9":0,"10":0,"11":0,"12":0,"13":0,"14":0,"15":0,"16":0,"17":0,"18":0,"19":0,"20":0,"21":0,"22":0},"b":{"0":[0,0],"1":[0],"2":[0,0],"3":[0],"4":[0,0],"5":[0],"6":[0,0],"7":[0],"8":[0,0],"9":[0],"10":[0,0],"11":[0]}}
,"/Users/rickgao/WebstormProjects/noded/src/utils/markdown.ts": {"path":"/Users/rickgao/WebstormProjects/noded/src/utils/markdown.ts","statementMap":{"0":{"start":{"line":1,"column":0},"end":{"line":1,"column":37}},"1":{"start":{"line":11,"column":4},"end":{"line":11,"column":50}},"2":{"start":{"line":22,"column":22},"end":{"line":22,"column":39}},"3":{"start":{"line":23,"column":4},"end":{"line":26,"column":7}},"4":{"start":{"line":28,"column":4},"end":{"line":104,"column":5}},"5":{"start":{"line":30,"column":6},"end":{"line":35,"column":7}},"6":{"start":{"line":31,"column":8},"end":{"line":33,"column":11}},"7":{"start":{"line":34,"column":8},"end":{"line":34,"column":18}},"8":{"start":{"line":37,"column":6},"end":{"line":40,"column":7}},"9":{"start":{"line":38,"column":8},"end":{"line":38,"column":70}},"10":{"start":{"line":39,"column":8},"end":{"line":39,"column":54}},"11":{"start":{"line":43,"column":6},"end":{"line":93,"column":7}},"12":{"start":{"line":44,"column":24},"end":{"line":44,"column":45}},"13":{"start":{"line":47,"column":8},"end":{"line":64,"column":11}},"14":{"start":{"line":49,"column":12},"end":{"line":59,"column":13}},"15":{"start":{"line":50,"column":14},"end":{"line":58,"column":15}},"16":{"start":{"line":51,"column":16},"end":{"line":51,"column":86}},"17":{"start":{"line":53,"column":16},"end":{"line":56,"column":19}},"18":{"start":{"line":57,"column":16},"end":{"line":57,"column":28}},"19":{"start":{"line":60,"column":12},"end":{"line":60,"column":24}},"20":{"start":{"line":67,"column":28},"end":{"line":67,"column":54}},"21":{"start":{"line":70,"column":28},"end":{"line":70,"column":80}},"22":{"start":{"line":72,"column":8},"end":{"line":76,"column":11}},"23":{"start":{"line":78,"column":30},"end":{"line":78,"column":59}},"24":{"start":{"line":79,"column":8},"end":{"line":79,"column":86}},"25":{"start":{"line":80,"column":8},"end":{"line":80,"column":88}},"26":{"start":{"line":82,"column":8},"end":{"line":82,"column":27}},"27":{"start":{"line":85,"column":8},"end":{"line":85,"column":94}},"28":{"start":{"line":86,"column":28},"end":{"line":86,"column":57}},"29":{"start":{"line":87,"column":29},"end":{"line":87,"column":92}},"30":{"start":{"line":89,"column":30},"end":{"line":89,"column":59}},"31":{"start":{"line":90,"column":8},"end":{"line":90,"column":89}},"32":{"start":{"line":92,"column":8},"end":{"line":92,"column":28}},"33":{"start":{"line":96,"column":6},"end":{"line":99,"column":9}},"34":{"start":{"line":102,"column":26},"end":{"line":102,"column":55}},"35":{"start":{"line":103,"column":6},"end":{"line":103,"column":83}},"36":{"start":{"line":113,"column":22},"end":{"line":113,"column":39}},"37":{"start":{"line":114,"column":4},"end":{"line":116,"column":7}},"38":{"start":{"line":118,"column":4},"end":{"line":148,"column":5}},"39":{"start":{"line":119,"column":6},"end":{"line":142,"column":7}},"40":{"start":{"line":120,"column":27},"end":{"line":120,"column":63}},"41":{"start":{"line":122,"column":8},"end":{"line":122,"column":96}},"42":{"start":{"line":124,"column":8},"end":{"line":133,"column":11}},"43":{"start":{"line":125,"column":10},"end":{"line":132,"column":11}},"44":{"start":{"line":126,"column":13},"end":{"line":126,"column":57}},"45":{"start":{"line":127,"column":12},"end":{"line":127,"column":94}},"46":{"start":{"line":129,"column":12},"end":{"line":131,"column":15}},"47":{"start":{"line":135,"column":30},"end":{"line":135,"column":59}},"48":{"start":{"line":136,"column":8},"end":{"line":136,"column":96}},"49":{"start":{"line":137,"column":8},"end":{"line":139,"column":26}},"50":{"start":{"line":141,"column":8},"end":{"line":141,"column":81}},"51":{"start":{"line":145,"column":6},"end":{"line":147,"column":9}},"52":{"start":{"line":158,"column":4},"end":{"line":160,"column":5}},"53":{"start":{"line":159,"column":6},"end":{"line":159,"column":19}},"54":{"start":{"line":163,"column":29},"end":{"line":176,"column":6}},"55":{"start":{"line":178,"column":4},"end":{"line":178,"column":64}},"56":{"start":{"line":178,"column":44},"end":{"line":178,"column":62}},"57":{"start":{"line":189,"column":16},"end":{"line":189,"column":45}},"58":{"start":{"line":190,"column":4},"end":{"line":190,"column":27}},"59":{"start":{"line":191,"column":4},"end":{"line":191,"column":25}},"60":{"start":{"line":7,"column":0},"end":{"line":7,"column":13}},"61":{"start":{"line":196,"column":13},"end":{"line":196,"column":57}}},"fnMap":{"0":{"name":"(anonymous_0)","decl":{"start":{"line":10,"column":2},"end":{"line":10,"column":null}},"loc":{"start":{"line":10,"column":2},"end":{"line":12,"column":3}}},"1":{"name":"(anonymous_1)","decl":{"start":{"line":21,"column":9},"end":{"line":21,"column":23}},"loc":{"start":{"line":21,"column":76},"end":{"line":105,"column":3}}},"2":{"name":"(anonymous_2)","decl":{"start":{"line":48,"column":21},"end":{"line":48,"column":22}},"loc":{"start":{"line":48,"column":52},"end":{"line":61,"column":11}}},"3":{"name":"(anonymous_3)","decl":{"start":{"line":112,"column":9},"end":{"line":112,"column":28}},"loc":{"start":{"line":112,"column":49},"end":{"line":149,"column":3}}},"4":{"name":"(anonymous_4)","decl":{"start":{"line":124,"column":27},"end":{"line":124,"column":28}},"loc":{"start":{"line":124,"column":44},"end":{"line":133,"column":9}}},"5":{"name":"(anonymous_5)","decl":{"start":{"line":157,"column":9},"end":{"line":157,"column":26}},"loc":{"start":{"line":157,"column":39},"end":{"line":179,"column":3}}},"6":{"name":"(anonymous_6)","decl":{"start":{"line":178,"column":33},"end":{"line":178,"column":40}},"loc":{"start":{"line":178,"column":44},"end":{"line":178,"column":62}}},"7":{"name":"(anonymous_7)","decl":{"start":{"line":188,"column":10},"end":{"line":188,"column":20}},"loc":{"start":{"line":188,"column":33},"end":{"line":192,"column":3}}}},"branchMap":{"0":{"loc":{"start":{"line":21,"column":46},"end":{"line":21,"column":76}},"type":"default-arg","locations":[{"start":{"line":21,"column":66},"end":{"line":21,"column":76}}]},"1":{"loc":{"start":{"line":30,"column":6},"end":{"line":35,"column":7}},"type":"if","locations":[{"start":{"line":30,"column":6},"end":{"line":35,"column":7}}]},"2":{"loc":{"start":{"line":37,"column":6},"end":{"line":40,"column":7}},"type":"if","locations":[{"start":{"line":37,"column":6},"end":{"line":40,"column":7}}]},"3":{"loc":{"start":{"line":43,"column":6},"end":{"line":93,"column":7}},"type":"if","locations":[{"start":{"line":43,"column":6},"end":{"line":93,"column":7}},{"start":{"line":83,"column":13},"end":{"line":93,"column":7}}]},"4":{"loc":{"start":{"line":43,"column":10},"end":{"line":43,"column":65}},"type":"binary-expr","locations":[{"start":{"line":43,"column":10},"end":{"line":43,"column":39}},{"start":{"line":43,"column":44},"end":{"line":43,"column":65}}]},"5":{"loc":{"start":{"line":49,"column":12},"end":{"line":59,"column":13}},"type":"if","locations":[{"start":{"line":49,"column":12},"end":{"line":59,"column":13}}]},"6":{"loc":{"start":{"line":49,"column":16},"end":{"line":49,"column":67}},"type":"binary-expr","locations":[{"start":{"line":49,"column":16},"end":{"line":49,"column":59}},{"start":{"line":49,"column":63},"end":{"line":49,"column":67}}]},"7":{"loc":{"start":{"line":115,"column":17},"end":{"line":115,"column":40}},"type":"binary-expr","locations":[{"start":{"line":115,"column":17},"end":{"line":115,"column":27}},{"start":{"line":115,"column":31},"end":{"line":115,"column":40}}]},"8":{"loc":{"start":{"line":119,"column":6},"end":{"line":142,"column":7}},"type":"if","locations":[{"start":{"line":119,"column":6},"end":{"line":142,"column":7}},{"start":{"line":140,"column":13},"end":{"line":142,"column":7}}]},"9":{"loc":{"start":{"line":146,"column":19},"end":{"line":146,"column":42}},"type":"binary-expr","locations":[{"start":{"line":146,"column":19},"end":{"line":146,"column":29}},{"start":{"line":146,"column":33},"end":{"line":146,"column":42}}]},"10":{"loc":{"start":{"line":158,"column":4},"end":{"line":160,"column":5}},"type":"if","locations":[{"start":{"line":158,"column":4},"end":{"line":160,"column":5}}]},"11":{"loc":{"start":{"line":158,"column":8},"end":{"line":158,"column":41}},"type":"binary-expr","locations":[{"start":{"line":158,"column":8},"end":{"line":158,"column":13}},{"start":{"line":158,"column":17},"end":{"line":158,"column":41}}]}},"s":{"0":0,"1":0,"2":0,"3":0,"4":0,"5":0,"6":0,"7":0,"8":0,"9":0,"10":0,"11":0,"12":0,"13":0,"14":0,"15":0,"16":0,"17":0,"18":0,"19":0,"20":0,"21":0,"22":0,"23":0,"24":0,"25":0,"26":0,"27":0,"28":0,"29":0,"30":0,"31":0,"32":0,"33":0,"34":0,"35":0,"36":0,"37":0,"38":0,"39":0,"40":0,"41":0,"42":0,"43":0,"44":0,"45":0,"46":0,"47":0,"48":0,"49":0,"50":0,"51":0,"52":0,"53":0,"54":0,"55":0,"56":0,"57":0,"58":0,"59":0,"60":0,"61":0},"f":{"0":0,"1":0,"2":0,"3":0,"4":0,"5":0,"6":0,"7":0},"b":{"0":[0],"1":[0],"2":[0],"3":[0,0],"4":[0,0],"5":[0],"6":[0,0],"7":[0,0],"8":[0,0],"9":[0,0],"10":[0],"11":[0,0]}}
,"/Users/rickgao/WebstormProjects/noded/src/utils/quill-manager.ts": {"path":"/Users/rickgao/WebstormProjects/noded/src/utils/quill-manager.ts","statementMap":{"0":{"start":{"line":1,"column":0},"end":{"line":1,"column":37}},"1":{"start":{"line":9,"column":10},"end":{"line":9,"column":48}},"2":{"start":{"line":13,"column":4},"end":{"line":13,"column":45}},"3":{"start":{"line":14,"column":4},"end":{"line":14,"column":47}},"4":{"start":{"line":32,"column":22},"end":{"line":32,"column":39}},"5":{"start":{"line":33,"column":4},"end":{"line":36,"column":7}},"6":{"start":{"line":38,"column":4},"end":{"line":120,"column":5}},"7":{"start":{"line":40,"column":6},"end":{"line":43,"column":7}},"8":{"start":{"line":41,"column":8},"end":{"line":41,"column":88}},"9":{"start":{"line":42,"column":8},"end":{"line":42,"column":95}},"10":{"start":{"line":46,"column":6},"end":{"line":48,"column":7}},"11":{"start":{"line":47,"column":8},"end":{"line":47,"column":36}},"12":{"start":{"line":51,"column":30},"end":{"line":51,"column":59}},"13":{"start":{"line":52,"column":6},"end":{"line":52,"column":53}},"14":{"start":{"line":53,"column":6},"end":{"line":53,"column":45}},"15":{"start":{"line":56,"column":22},"end":{"line":69,"column":8}},"16":{"start":{"line":72,"column":20},"end":{"line":72,"column":68}},"17":{"start":{"line":75,"column":6},"end":{"line":85,"column":7}},"18":{"start":{"line":77,"column":8},"end":{"line":84,"column":9}},"19":{"start":{"line":79,"column":10},"end":{"line":79,"column":48}},"20":{"start":{"line":82,"column":24},"end":{"line":82,"column":67}},"21":{"start":{"line":83,"column":10},"end":{"line":83,"column":35}},"22":{"start":{"line":88,"column":6},"end":{"line":104,"column":7}},"23":{"start":{"line":89,"column":8},"end":{"line":103,"column":11}},"24":{"start":{"line":91,"column":23},"end":{"line":91,"column":43}},"25":{"start":{"line":93,"column":23},"end":{"line":93,"column":38}},"26":{"start":{"line":96,"column":10},"end":{"line":96,"column":25}},"27":{"start":{"line":98,"column":10},"end":{"line":102,"column":13}},"28":{"start":{"line":107,"column":6},"end":{"line":107,"column":39}},"29":{"start":{"line":109,"column":6},"end":{"line":109,"column":79}},"30":{"start":{"line":111,"column":28},"end":{"line":111,"column":57}},"31":{"start":{"line":112,"column":6},"end":{"line":112,"column":83}},"32":{"start":{"line":113,"column":6},"end":{"line":113,"column":78}},"33":{"start":{"line":115,"column":6},"end":{"line":115,"column":19}},"34":{"start":{"line":118,"column":6},"end":{"line":118,"column":72}},"35":{"start":{"line":119,"column":6},"end":{"line":119,"column":86}},"36":{"start":{"line":130,"column":18},"end":{"line":130,"column":38}},"37":{"start":{"line":131,"column":23},"end":{"line":131,"column":25}},"38":{"start":{"line":133,"column":4},"end":{"line":187,"column":5}},"39":{"start":{"line":134,"column":6},"end":{"line":186,"column":7}},"40":{"start":{"line":135,"column":8},"end":{"line":135,"column":44}},"41":{"start":{"line":136,"column":8},"end":{"line":136,"column":62}},"42":{"start":{"line":137,"column":13},"end":{"line":186,"column":7}},"43":{"start":{"line":138,"column":8},"end":{"line":138,"column":44}},"44":{"start":{"line":139,"column":8},"end":{"line":139,"column":62}},"45":{"start":{"line":140,"column":13},"end":{"line":186,"column":7}},"46":{"start":{"line":141,"column":8},"end":{"line":141,"column":44}},"47":{"start":{"line":142,"column":8},"end":{"line":142,"column":62}},"48":{"start":{"line":143,"column":13},"end":{"line":186,"column":7}},"49":{"start":{"line":144,"column":8},"end":{"line":144,"column":44}},"50":{"start":{"line":145,"column":8},"end":{"line":145,"column":69}},"51":{"start":{"line":146,"column":13},"end":{"line":186,"column":7}},"52":{"start":{"line":147,"column":8},"end":{"line":147,"column":44}},"53":{"start":{"line":148,"column":8},"end":{"line":148,"column":67}},"54":{"start":{"line":149,"column":13},"end":{"line":186,"column":7}},"55":{"start":{"line":150,"column":8},"end":{"line":150,"column":58}},"56":{"start":{"line":151,"column":8},"end":{"line":151,"column":68}},"57":{"start":{"line":152,"column":13},"end":{"line":186,"column":7}},"58":{"start":{"line":154,"column":8},"end":{"line":154,"column":17}},"59":{"start":{"line":155,"column":13},"end":{"line":186,"column":7}},"60":{"start":{"line":157,"column":28},"end":{"line":157,"column":32}},"61":{"start":{"line":160,"column":8},"end":{"line":163,"column":11}},"62":{"start":{"line":161,"column":10},"end":{"line":161,"column":65}},"63":{"start":{"line":162,"column":10},"end":{"line":162,"column":20}},"64":{"start":{"line":166,"column":8},"end":{"line":169,"column":11}},"65":{"start":{"line":167,"column":10},"end":{"line":167,"column":67}},"66":{"start":{"line":168,"column":10},"end":{"line":168,"column":20}},"67":{"start":{"line":172,"column":8},"end":{"line":175,"column":11}},"68":{"start":{"line":173,"column":10},"end":{"line":173,"column":65}},"69":{"start":{"line":174,"column":10},"end":{"line":174,"column":20}},"70":{"start":{"line":178,"column":8},"end":{"line":180,"column":9}},"71":{"start":{"line":179,"column":10},"end":{"line":179,"column":46}},"72":{"start":{"line":182,"column":8},"end":{"line":182,"column":35}},"73":{"start":{"line":185,"column":8},"end":{"line":185,"column":35}},"74":{"start":{"line":189,"column":4},"end":{"line":189,"column":19}},"75":{"start":{"line":199,"column":4},"end":{"line":202,"column":7}},"76":{"start":{"line":204,"column":4},"end":{"line":225,"column":5}},"77":{"start":{"line":205,"column":21},"end":{"line":205,"column":46}},"78":{"start":{"line":207,"column":6},"end":{"line":210,"column":7}},"79":{"start":{"line":208,"column":8},"end":{"line":208,"column":78}},"80":{"start":{"line":209,"column":8},"end":{"line":209,"column":15}},"81":{"start":{"line":212,"column":6},"end":{"line":219,"column":7}},"82":{"start":{"line":214,"column":8},"end":{"line":214,"column":40}},"83":{"start":{"line":217,"column":22},"end":{"line":217,"column":58}},"84":{"start":{"line":218,"column":8},"end":{"line":218,"column":34}},"85":{"start":{"line":221,"column":6},"end":{"line":221,"column":82}},"86":{"start":{"line":224,"column":6},"end":{"line":224,"column":73}},"87":{"start":{"line":235,"column":4},"end":{"line":235,"column":60}},"88":{"start":{"line":237,"column":4},"end":{"line":257,"column":5}},"89":{"start":{"line":238,"column":21},"end":{"line":238,"column":46}},"90":{"start":{"line":240,"column":6},"end":{"line":243,"column":7}},"91":{"start":{"line":241,"column":8},"end":{"line":241,"column":75}},"92":{"start":{"line":242,"column":8},"end":{"line":242,"column":18}},"93":{"start":{"line":245,"column":19},"end":{"line":245,"column":40}},"94":{"start":{"line":247,"column":6},"end":{"line":250,"column":9}},"95":{"start":{"line":252,"column":6},"end":{"line":252,"column":18}},"96":{"start":{"line":255,"column":6},"end":{"line":255,"column":70}},"97":{"start":{"line":256,"column":6},"end":{"line":256,"column":16}},"98":{"start":{"line":267,"column":4},"end":{"line":267,"column":62}},"99":{"start":{"line":269,"column":4},"end":{"line":289,"column":5}},"100":{"start":{"line":270,"column":21},"end":{"line":270,"column":46}},"101":{"start":{"line":272,"column":6},"end":{"line":275,"column":7}},"102":{"start":{"line":273,"column":8},"end":{"line":273,"column":77}},"103":{"start":{"line":274,"column":8},"end":{"line":274,"column":18}},"104":{"start":{"line":277,"column":19},"end":{"line":277,"column":35}},"105":{"start":{"line":279,"column":6},"end":{"line":282,"column":9}},"106":{"start":{"line":284,"column":6},"end":{"line":284,"column":18}},"107":{"start":{"line":287,"column":6},"end":{"line":287,"column":72}},"108":{"start":{"line":288,"column":6},"end":{"line":288,"column":16}},"109":{"start":{"line":298,"column":4},"end":{"line":298,"column":63}},"110":{"start":{"line":300,"column":4},"end":{"line":317,"column":5}},"111":{"start":{"line":301,"column":21},"end":{"line":301,"column":46}},"112":{"start":{"line":303,"column":6},"end":{"line":313,"column":7}},"113":{"start":{"line":305,"column":26},"end":{"line":305,"column":42}},"114":{"start":{"line":306,"column":8},"end":{"line":308,"column":9}},"115":{"start":{"line":307,"column":10},"end":{"line":307,"column":54}},"116":{"start":{"line":310,"column":8},"end":{"line":310,"column":37}},"117":{"start":{"line":312,"column":8},"end":{"line":312,"column":78}},"118":{"start":{"line":316,"column":6},"end":{"line":316,"column":73}},"119":{"start":{"line":324,"column":4},"end":{"line":326,"column":7}},"120":{"start":{"line":328,"column":4},"end":{"line":343,"column":5}},"121":{"start":{"line":329,"column":6},"end":{"line":335,"column":7}},"122":{"start":{"line":330,"column":8},"end":{"line":334,"column":9}},"123":{"start":{"line":331,"column":10},"end":{"line":331,"column":38}},"124":{"start":{"line":333,"column":10},"end":{"line":333,"column":74}},"125":{"start":{"line":337,"column":6},"end":{"line":337,"column":27}},"126":{"start":{"line":339,"column":6},"end":{"line":339,"column":65}},"127":{"start":{"line":342,"column":6},"end":{"line":342,"column":57}},"128":{"start":{"line":353,"column":19},"end":{"line":353,"column":44}},"129":{"start":{"line":355,"column":4},"end":{"line":358,"column":5}},"130":{"start":{"line":356,"column":6},"end":{"line":356,"column":29}},"131":{"start":{"line":357,"column":6},"end":{"line":357,"column":99}},"132":{"start":{"line":7,"column":0},"end":{"line":7,"column":13}},"133":{"start":{"line":363,"column":13},"end":{"line":363,"column":47}}},"fnMap":{"0":{"name":"(anonymous_0)","decl":{"start":{"line":12,"column":2},"end":{"line":12,"column":null}},"loc":{"start":{"line":12,"column":2},"end":{"line":15,"column":3}}},"1":{"name":"(anonymous_1)","decl":{"start":{"line":26,"column":9},"end":{"line":26,"column":21}},"loc":{"start":{"line":30,"column":40},"end":{"line":121,"column":3}}},"2":{"name":"(anonymous_2)","decl":{"start":{"line":89,"column":32},"end":{"line":89,"column":35}},"loc":{"start":{"line":89,"column":37},"end":{"line":103,"column":9}}},"3":{"name":"(anonymous_3)","decl":{"start":{"line":129,"column":10},"end":{"line":129,"column":32}},"loc":{"start":{"line":129,"column":49},"end":{"line":190,"column":3}}},"4":{"name":"(anonymous_4)","decl":{"start":{"line":160,"column":64},"end":{"line":160,"column":65}},"loc":{"start":{"line":160,"column":80},"end":{"line":163,"column":9}}},"5":{"name":"(anonymous_5)","decl":{"start":{"line":166,"column":60},"end":{"line":166,"column":61}},"loc":{"start":{"line":166,"column":76},"end":{"line":169,"column":9}}},"6":{"name":"(anonymous_6)","decl":{"start":{"line":172,"column":58},"end":{"line":172,"column":59}},"loc":{"start":{"line":172,"column":74},"end":{"line":175,"column":9}}},"7":{"name":"(anonymous_7)","decl":{"start":{"line":198,"column":9},"end":{"line":198,"column":22}},"loc":{"start":{"line":198,"column":55},"end":{"line":226,"column":3}}},"8":{"name":"(anonymous_8)","decl":{"start":{"line":234,"column":9},"end":{"line":234,"column":19}},"loc":{"start":{"line":234,"column":35},"end":{"line":258,"column":3}}},"9":{"name":"(anonymous_9)","decl":{"start":{"line":266,"column":9},"end":{"line":266,"column":21}},"loc":{"start":{"line":266,"column":37},"end":{"line":290,"column":3}}},"10":{"name":"(anonymous_10)","decl":{"start":{"line":297,"column":9},"end":{"line":297,"column":22}},"loc":{"start":{"line":297,"column":38},"end":{"line":318,"column":3}}},"11":{"name":"(anonymous_11)","decl":{"start":{"line":323,"column":9},"end":{"line":323,"column":19}},"loc":{"start":{"line":323,"column":19},"end":{"line":344,"column":3}}},"12":{"name":"(anonymous_12)","decl":{"start":{"line":352,"column":9},"end":{"line":352,"column":19}},"loc":{"start":{"line":352,"column":53},"end":{"line":359,"column":3}}}},"branchMap":{"0":{"loc":{"start":{"line":40,"column":6},"end":{"line":43,"column":7}},"type":"if","locations":[{"start":{"line":40,"column":6},"end":{"line":43,"column":7}}]},"1":{"loc":{"start":{"line":46,"column":6},"end":{"line":48,"column":7}},"type":"if","locations":[{"start":{"line":46,"column":6},"end":{"line":48,"column":7}}]},"2":{"loc":{"start":{"line":75,"column":6},"end":{"line":85,"column":7}},"type":"if","locations":[{"start":{"line":75,"column":6},"end":{"line":85,"column":7}}]},"3":{"loc":{"start":{"line":77,"column":8},"end":{"line":84,"column":9}},"type":"if","locations":[{"start":{"line":77,"column":8},"end":{"line":84,"column":9}},{"start":{"line":80,"column":15},"end":{"line":84,"column":9}}]},"4":{"loc":{"start":{"line":77,"column":12},"end":{"line":77,"column":72}},"type":"binary-expr","locations":[{"start":{"line":77,"column":12},"end":{"line":77,"column":40}},{"start":{"line":77,"column":44},"end":{"line":77,"column":72}}]},"5":{"loc":{"start":{"line":88,"column":6},"end":{"line":104,"column":7}},"type":"if","locations":[{"start":{"line":88,"column":6},"end":{"line":104,"column":7}}]},"6":{"loc":{"start":{"line":134,"column":6},"end":{"line":186,"column":7}},"type":"if","locations":[{"start":{"line":134,"column":6},"end":{"line":186,"column":7}},{"start":{"line":137,"column":13},"end":{"line":186,"column":7}}]},"7":{"loc":{"start":{"line":137,"column":13},"end":{"line":186,"column":7}},"type":"if","locations":[{"start":{"line":137,"column":13},"end":{"line":186,"column":7}},{"start":{"line":140,"column":13},"end":{"line":186,"column":7}}]},"8":{"loc":{"start":{"line":140,"column":13},"end":{"line":186,"column":7}},"type":"if","locations":[{"start":{"line":140,"column":13},"end":{"line":186,"column":7}},{"start":{"line":143,"column":13},"end":{"line":186,"column":7}}]},"9":{"loc":{"start":{"line":143,"column":13},"end":{"line":186,"column":7}},"type":"if","locations":[{"start":{"line":143,"column":13},"end":{"line":186,"column":7}},{"start":{"line":146,"column":13},"end":{"line":186,"column":7}}]},"10":{"loc":{"start":{"line":146,"column":13},"end":{"line":186,"column":7}},"type":"if","locations":[{"start":{"line":146,"column":13},"end":{"line":186,"column":7}},{"start":{"line":149,"column":13},"end":{"line":186,"column":7}}]},"11":{"loc":{"start":{"line":149,"column":13},"end":{"line":186,"column":7}},"type":"if","locations":[{"start":{"line":149,"column":13},"end":{"line":186,"column":7}},{"start":{"line":152,"column":13},"end":{"line":186,"column":7}}]},"12":{"loc":{"start":{"line":152,"column":13},"end":{"line":186,"column":7}},"type":"if","locations":[{"start":{"line":152,"column":13},"end":{"line":186,"column":7}},{"start":{"line":155,"column":13},"end":{"line":186,"column":7}}]},"13":{"loc":{"start":{"line":155,"column":13},"end":{"line":186,"column":7}},"type":"if","locations":[{"start":{"line":155,"column":13},"end":{"line":186,"column":7}},{"start":{"line":183,"column":13},"end":{"line":186,"column":7}}]},"14":{"loc":{"start":{"line":178,"column":8},"end":{"line":180,"column":9}},"type":"if","locations":[{"start":{"line":178,"column":8},"end":{"line":180,"column":9}}]},"15":{"loc":{"start":{"line":207,"column":6},"end":{"line":210,"column":7}},"type":"if","locations":[{"start":{"line":207,"column":6},"end":{"line":210,"column":7}}]},"16":{"loc":{"start":{"line":212,"column":6},"end":{"line":219,"column":7}},"type":"if","locations":[{"start":{"line":212,"column":6},"end":{"line":219,"column":7}},{"start":{"line":215,"column":13},"end":{"line":219,"column":7}}]},"17":{"loc":{"start":{"line":212,"column":10},"end":{"line":212,"column":56}},"type":"binary-expr","locations":[{"start":{"line":212,"column":10},"end":{"line":212,"column":31}},{"start":{"line":212,"column":35},"end":{"line":212,"column":56}}]},"18":{"loc":{"start":{"line":240,"column":6},"end":{"line":243,"column":7}},"type":"if","locations":[{"start":{"line":240,"column":6},"end":{"line":243,"column":7}}]},"19":{"loc":{"start":{"line":272,"column":6},"end":{"line":275,"column":7}},"type":"if","locations":[{"start":{"line":272,"column":6},"end":{"line":275,"column":7}}]},"20":{"loc":{"start":{"line":303,"column":6},"end":{"line":313,"column":7}},"type":"if","locations":[{"start":{"line":303,"column":6},"end":{"line":313,"column":7}}]},"21":{"loc":{"start":{"line":306,"column":8},"end":{"line":308,"column":9}},"type":"if","locations":[{"start":{"line":306,"column":8},"end":{"line":308,"column":9}}]},"22":{"loc":{"start":{"line":306,"column":12},"end":{"line":306,"column":45}},"type":"binary-expr","locations":[{"start":{"line":306,"column":12},"end":{"line":306,"column":21}},{"start":{"line":306,"column":25},"end":{"line":306,"column":45}}]},"23":{"loc":{"start":{"line":355,"column":4},"end":{"line":358,"column":5}},"type":"if","locations":[{"start":{"line":355,"column":4},"end":{"line":358,"column":5}}]},"24":{"loc":{"start":{"line":357,"column":36},"end":{"line":357,"column":68}},"type":"cond-expr","locations":[{"start":{"line":357,"column":46},"end":{"line":357,"column":55}},{"start":{"line":357,"column":58},"end":{"line":357,"column":68}}]}},"s":{"0":0,"1":0,"2":0,"3":0,"4":0,"5":0,"6":0,"7":0,"8":0,"9":0,"10":0,"11":0,"12":0,"13":0,"14":0,"15":0,"16":0,"17":0,"18":0,"19":0,"20":0,"21":0,"22":0,"23":0,"24":0,"25":0,"26":0,"27":0,"28":0,"29":0,"30":0,"31":0,"32":0,"33":0,"34":0,"35":0,"36":0,"37":0,"38":0,"39":0,"40":0,"41":0,"42":0,"43":0,"44":0,"45":0,"46":0,"47":0,"48":0,"49":0,"50":0,"51":0,"52":0,"53":0,"54":0,"55":0,"56":0,"57":0,"58":0,"59":0,"60":0,"61":0,"62":0,"63":0,"64":0,"65":0,"66":0,"67":0,"68":0,"69":0,"70":0,"71":0,"72":0,"73":0,"74":0,"75":0,"76":0,"77":0,"78":0,"79":0,"80":0,"81":0,"82":0,"83":0,"84":0,"85":0,"86":0,"87":0,"88":0,"89":0,"90":0,"91":0,"92":0,"93":0,"94":0,"95":0,"96":0,"97":0,"98":0,"99":0,"100":0,"101":0,"102":0,"103":0,"104":0,"105":0,"106":0,"107":0,"108":0,"109":0,"110":0,"111":0,"112":0,"113":0,"114":0,"115":0,"116":0,"117":0,"118":0,"119":0,"120":0,"121":0,"122":0,"123":0,"124":0,"125":0,"126":0,"127":0,"128":0,"129":0,"130":0,"131":0,"132":0,"133":0},"f":{"0":0,"1":0,"2":0,"3":0,"4":0,"5":0,"6":0,"7":0,"8":0,"9":0,"10":0,"11":0,"12":0},"b":{"0":[0],"1":[0],"2":[0],"3":[0,0],"4":[0,0],"5":[0],"6":[0,0],"7":[0,0],"8":[0,0],"9":[0,0],"10":[0,0],"11":[0,0],"12":[0,0],"13":[0,0],"14":[0],"15":[0],"16":[0,0],"17":[0,0],"18":[0],"19":[0],"20":[0],"21":[0],"22":[0,0],"23":[0],"24":[0,0]}}
,"/Users/rickgao/WebstormProjects/noded/src/utils/tree-layout.ts": {"path":"/Users/rickgao/WebstormProjects/noded/src/utils/tree-layout.ts","statementMap":{"0":{"start":{"line":54,"column":0},"end":{"line":54,"column":16}},"1":{"start":{"line":58,"column":2},"end":{"line":60,"column":3}},"2":{"start":{"line":59,"column":4},"end":{"line":59,"column":21}},"3":{"start":{"line":62,"column":17},"end":{"line":62,"column":31}},"4":{"start":{"line":63,"column":20},"end":{"line":63,"column":46}},"5":{"start":{"line":64,"column":22},"end":{"line":64,"column":52}},"6":{"start":{"line":67,"column":2},"end":{"line":72,"column":3}},"7":{"start":{"line":68,"column":4},"end":{"line":71,"column":5}},"8":{"start":{"line":69,"column":23},"end":{"line":69,"column":59}},"9":{"start":{"line":70,"column":6},"end":{"line":70,"column":58}},"10":{"start":{"line":74,"column":20},"end":{"line":74,"column":68}},"11":{"start":{"line":74,"column":45},"end":{"line":74,"column":67}},"12":{"start":{"line":75,"column":19},"end":{"line":75,"column":20}},"13":{"start":{"line":77,"column":2},"end":{"line":91,"column":3}},"14":{"start":{"line":78,"column":25},"end":{"line":78,"column":77}},"15":{"start":{"line":79,"column":18},"end":{"line":79,"column":47}},"16":{"start":{"line":81,"column":4},"end":{"line":88,"column":6}},"17":{"start":{"line":90,"column":4},"end":{"line":90,"column":58}},"18":{"start":{"line":93,"column":2},"end":{"line":93,"column":16}},"19":{"start":{"line":111,"column":19},"end":{"line":111,"column":49}},"20":{"start":{"line":113,"column":2},"end":{"line":115,"column":3}},"21":{"start":{"line":114,"column":4},"end":{"line":114,"column":28}},"22":{"start":{"line":117,"column":24},"end":{"line":119,"column":7}},"23":{"start":{"line":118,"column":4},"end":{"line":118,"column":69}},"24":{"start":{"line":121,"column":23},"end":{"line":121,"column":71}},"25":{"start":{"line":123,"column":2},"end":{"line":123,"column":66}},"26":{"start":{"line":146,"column":12},"end":{"line":146,"column":42}},"27":{"start":{"line":149,"column":33},"end":{"line":152,"column":4}},"28":{"start":{"line":153,"column":2},"end":{"line":153,"column":35}},"29":{"start":{"line":155,"column":19},"end":{"line":155,"column":49}},"30":{"start":{"line":157,"column":2},"end":{"line":159,"column":3}},"31":{"start":{"line":158,"column":4},"end":{"line":158,"column":11}},"32":{"start":{"line":161,"column":22},"end":{"line":162,"column":null}},"33":{"start":{"line":162,"column":4},"end":{"line":162,"column":53}},"34":{"start":{"line":165,"column":26},"end":{"line":165,"column":76}},"35":{"start":{"line":165,"column":61},"end":{"line":165,"column":72}},"36":{"start":{"line":166,"column":23},"end":{"line":166,"column":71}},"37":{"start":{"line":167,"column":21},"end":{"line":167,"column":51}},"38":{"start":{"line":169,"column":17},"end":{"line":169,"column":41}},"39":{"start":{"line":171,"column":2},"end":{"line":189,"column":3}},"40":{"start":{"line":171,"column":15},"end":{"line":171,"column":16}},"41":{"start":{"line":172,"column":18},"end":{"line":172,"column":29}},"42":{"start":{"line":173,"column":23},"end":{"line":173,"column":37}},"43":{"start":{"line":175,"column":4},"end":{"line":188,"column":5}},"44":{"start":{"line":176,"column":27},"end":{"line":176,"column":52}},"45":{"start":{"line":178,"column":6},"end":{"line":185,"column":8}},"46":{"start":{"line":187,"column":6},"end":{"line":187,"column":56}}},"fnMap":{"0":{"name":"calculateTreeLayout","decl":{"start":{"line":54,"column":16},"end":{"line":54,"column":35}},"loc":{"start":{"line":56,"column":20},"end":{"line":94,"column":1}}},"1":{"name":"(anonymous_1)","decl":{"start":{"line":74,"column":37},"end":{"line":74,"column":41}},"loc":{"start":{"line":74,"column":45},"end":{"line":74,"column":67}}},"2":{"name":"calculateSubtreeWidth","decl":{"start":{"line":106,"column":9},"end":{"line":106,"column":30}},"loc":{"start":{"line":109,"column":20},"end":{"line":124,"column":1}}},"3":{"name":"(anonymous_3)","decl":{"start":{"line":117,"column":40},"end":{"line":117,"column":41}},"loc":{"start":{"line":117,"column":57},"end":{"line":119,"column":3}}},"4":{"name":"layoutSubtree","decl":{"start":{"line":138,"column":9},"end":{"line":138,"column":22}},"loc":{"start":{"line":144,"column":32},"end":{"line":190,"column":1}}},"5":{"name":"(anonymous_5)","decl":{"start":{"line":161,"column":35},"end":{"line":161,"column":40}},"loc":{"start":{"line":162,"column":4},"end":{"line":162,"column":53}}},"6":{"name":"(anonymous_6)","decl":{"start":{"line":165,"column":45},"end":{"line":165,"column":46}},"loc":{"start":{"line":165,"column":61},"end":{"line":165,"column":72}}}},"branchMap":{"0":{"loc":{"start":{"line":58,"column":2},"end":{"line":60,"column":3}},"type":"if","locations":[{"start":{"line":58,"column":2},"end":{"line":60,"column":3}}]},"1":{"loc":{"start":{"line":68,"column":4},"end":{"line":71,"column":5}},"type":"if","locations":[{"start":{"line":68,"column":4},"end":{"line":71,"column":5}}]},"2":{"loc":{"start":{"line":69,"column":23},"end":{"line":69,"column":59}},"type":"binary-expr","locations":[{"start":{"line":69,"column":23},"end":{"line":69,"column":53}},{"start":{"line":69,"column":57},"end":{"line":69,"column":59}}]},"3":{"loc":{"start":{"line":111,"column":19},"end":{"line":111,"column":49}},"type":"binary-expr","locations":[{"start":{"line":111,"column":19},"end":{"line":111,"column":43}},{"start":{"line":111,"column":47},"end":{"line":111,"column":49}}]},"4":{"loc":{"start":{"line":113,"column":2},"end":{"line":115,"column":3}},"type":"if","locations":[{"start":{"line":113,"column":2},"end":{"line":115,"column":3}}]},"5":{"loc":{"start":{"line":155,"column":19},"end":{"line":155,"column":49}},"type":"binary-expr","locations":[{"start":{"line":155,"column":19},"end":{"line":155,"column":43}},{"start":{"line":155,"column":47},"end":{"line":155,"column":49}}]},"6":{"loc":{"start":{"line":157,"column":2},"end":{"line":159,"column":3}},"type":"if","locations":[{"start":{"line":157,"column":2},"end":{"line":159,"column":3}}]},"7":{"loc":{"start":{"line":175,"column":4},"end":{"line":188,"column":5}},"type":"if","locations":[{"start":{"line":175,"column":4},"end":{"line":188,"column":5}}]},"8":{"loc":{"start":{"line":175,"column":8},"end":{"line":175,"column":41}},"type":"binary-expr","locations":[{"start":{"line":175,"column":8},"end":{"line":175,"column":13}},{"start":{"line":175,"column":17},"end":{"line":175,"column":41}}]}},"s":{"0":1,"1":16,"2":1,"3":15,"4":15,"5":15,"6":15,"7":148,"8":134,"9":134,"10":15,"11":148,"12":15,"13":15,"14":14,"15":14,"16":14,"17":14,"18":15,"19":285,"20":285,"21":263,"22":22,"23":140,"24":22,"25":22,"26":145,"27":145,"28":145,"29":145,"30":145,"31":129,"32":16,"33":131,"34":16,"35":131,"36":16,"37":16,"38":16,"39":16,"40":16,"41":131,"42":131,"43":131,"44":131,"45":131,"46":131},"f":{"0":16,"1":148,"2":285,"3":140,"4":145,"5":131,"6":131},"b":{"0":[1],"1":[134],"2":[134,19],"3":[285,263],"4":[263],"5":[145,129],"6":[129],"7":[131],"8":[131,131]}}
,"/Users/rickgao/WebstormProjects/noded/src/utils/type-guards.ts": {"path":"/Users/rickgao/WebstormProjects/noded/src/utils/type-guards.ts","statementMap":{"0":{"start":{"line":19,"column":0},"end":{"line":19,"column":16}},"1":{"start":{"line":32,"column":0},"end":{"line":32,"column":16}},"2":{"start":{"line":49,"column":0},"end":{"line":49,"column":16}},"3":{"start":{"line":73,"column":0},"end":{"line":73,"column":16}},"4":{"start":{"line":9,"column":0},"end":{"line":9,"column":67}},"5":{"start":{"line":20,"column":2},"end":{"line":21,"column":58}},"6":{"start":{"line":33,"column":2},"end":{"line":38,"column":48}},"7":{"start":{"line":50,"column":2},"end":{"line":52,"column":3}},"8":{"start":{"line":51,"column":4},"end":{"line":51,"column":17}},"9":{"start":{"line":54,"column":16},"end":{"line":54,"column":34}},"10":{"start":{"line":56,"column":2},"end":{"line":62,"column":29}},"11":{"start":{"line":74,"column":2},"end":{"line":76,"column":3}},"12":{"start":{"line":75,"column":4},"end":{"line":75,"column":17}},"13":{"start":{"line":78,"column":15},"end":{"line":78,"column":33}},"14":{"start":{"line":80,"column":2},"end":{"line":90,"column":25}},"15":{"start":{"line":84,"column":38},"end":{"line":84,"column":63}},"16":{"start":{"line":86,"column":36},"end":{"line":86,"column":54}},"17":{"start":{"line":105,"column":4},"end":{"line":105,"column":56}},"18":{"start":{"line":116,"column":4},"end":{"line":123,"column":5}},"19":{"start":{"line":117,"column":6},"end":{"line":122,"column":8}},"20":{"start":{"line":125,"column":4},"end":{"line":132,"column":5}},"21":{"start":{"line":126,"column":6},"end":{"line":131,"column":8}},"22":{"start":{"line":134,"column":4},"end":{"line":141,"column":5}},"23":{"start":{"line":135,"column":6},"end":{"line":140,"column":8}},"24":{"start":{"line":152,"column":4},"end":{"line":159,"column":5}},"25":{"start":{"line":153,"column":6},"end":{"line":158,"column":8}},"26":{"start":{"line":161,"column":4},"end":{"line":168,"column":5}},"27":{"start":{"line":162,"column":6},"end":{"line":167,"column":8}},"28":{"start":{"line":178,"column":4},"end":{"line":185,"column":5}},"29":{"start":{"line":179,"column":6},"end":{"line":184,"column":8}},"30":{"start":{"line":195,"column":4},"end":{"line":202,"column":5}},"31":{"start":{"line":196,"column":6},"end":{"line":201,"column":8}},"32":{"start":{"line":212,"column":4},"end":{"line":219,"column":5}},"33":{"start":{"line":213,"column":6},"end":{"line":218,"column":8}},"34":{"start":{"line":229,"column":25},"end":{"line":229,"column":42}},"35":{"start":{"line":230,"column":24},"end":{"line":230,"column":41}},"36":{"start":{"line":233,"column":4},"end":{"line":259,"column":5}},"37":{"start":{"line":234,"column":6},"end":{"line":236,"column":7}},"38":{"start":{"line":235,"column":8},"end":{"line":235,"column":84}},"39":{"start":{"line":239,"column":6},"end":{"line":258,"column":7}},"40":{"start":{"line":240,"column":26},"end":{"line":240,"column":44}},"41":{"start":{"line":241,"column":8},"end":{"line":248,"column":9}},"42":{"start":{"line":242,"column":10},"end":{"line":247,"column":12}},"43":{"start":{"line":250,"column":8},"end":{"line":257,"column":9}},"44":{"start":{"line":251,"column":10},"end":{"line":256,"column":12}},"45":{"start":{"line":272,"column":4},"end":{"line":279,"column":5}},"46":{"start":{"line":273,"column":6},"end":{"line":278,"column":8}},"47":{"start":{"line":281,"column":4},"end":{"line":283,"column":5}},"48":{"start":{"line":282,"column":6},"end":{"line":282,"column":13}},"49":{"start":{"line":285,"column":4},"end":{"line":285,"column":29}},"50":{"start":{"line":286,"column":4},"end":{"line":286,"column":30}},"51":{"start":{"line":289,"column":4},"end":{"line":308,"column":5}},"52":{"start":{"line":290,"column":25},"end":{"line":290,"column":49}},"53":{"start":{"line":291,"column":6},"end":{"line":298,"column":7}},"54":{"start":{"line":292,"column":8},"end":{"line":297,"column":10}},"55":{"start":{"line":300,"column":6},"end":{"line":307,"column":7}},"56":{"start":{"line":301,"column":8},"end":{"line":306,"column":10}},"57":{"start":{"line":311,"column":4},"end":{"line":316,"column":5}},"58":{"start":{"line":312,"column":24},"end":{"line":312,"column":42}},"59":{"start":{"line":313,"column":6},"end":{"line":315,"column":7}},"60":{"start":{"line":314,"column":8},"end":{"line":314,"column":89}},"61":{"start":{"line":318,"column":4},"end":{"line":318,"column":32}},"62":{"start":{"line":331,"column":4},"end":{"line":338,"column":5}},"63":{"start":{"line":332,"column":6},"end":{"line":337,"column":8}},"64":{"start":{"line":349,"column":4},"end":{"line":356,"column":5}},"65":{"start":{"line":350,"column":6},"end":{"line":355,"column":8}},"66":{"start":{"line":101,"column":0},"end":{"line":101,"column":13}}},"fnMap":{"0":{"name":"isNodeBlockType","decl":{"start":{"line":19,"column":16},"end":{"line":19,"column":31}},"loc":{"start":{"line":19,"column":46},"end":{"line":22,"column":1}}},"1":{"name":"isPosition","decl":{"start":{"line":32,"column":16},"end":{"line":32,"column":26}},"loc":{"start":{"line":32,"column":41},"end":{"line":39,"column":1}}},"2":{"name":"isNodeBlock","decl":{"start":{"line":49,"column":16},"end":{"line":49,"column":27}},"loc":{"start":{"line":49,"column":42},"end":{"line":63,"column":1}}},"3":{"name":"isGraphNode","decl":{"start":{"line":73,"column":16},"end":{"line":73,"column":27}},"loc":{"start":{"line":73,"column":42},"end":{"line":91,"column":1}}},"4":{"name":"(anonymous_4)","decl":{"start":{"line":84,"column":29},"end":{"line":84,"column":34}},"loc":{"start":{"line":84,"column":38},"end":{"line":84,"column":63}}},"5":{"name":"(anonymous_5)","decl":{"start":{"line":86,"column":27},"end":{"line":86,"column":32}},"loc":{"start":{"line":86,"column":36},"end":{"line":86,"column":54}}},"6":{"name":"(anonymous_6)","decl":{"start":{"line":104,"column":2},"end":{"line":104,"column":14}},"loc":{"start":{"line":104,"column":35},"end":{"line":106,"column":3}}},"7":{"name":"(anonymous_7)","decl":{"start":{"line":111,"column":9},"end":{"line":111,"column":23}},"loc":{"start":{"line":114,"column":29},"end":{"line":142,"column":3}}},"8":{"name":"(anonymous_8)","decl":{"start":{"line":147,"column":9},"end":{"line":147,"column":27}},"loc":{"start":{"line":150,"column":24},"end":{"line":169,"column":3}}},"9":{"name":"(anonymous_9)","decl":{"start":{"line":174,"column":9},"end":{"line":174,"column":25}},"loc":{"start":{"line":176,"column":24},"end":{"line":186,"column":3}}},"10":{"name":"(anonymous_10)","decl":{"start":{"line":191,"column":9},"end":{"line":191,"column":26}},"loc":{"start":{"line":193,"column":24},"end":{"line":203,"column":3}}},"11":{"name":"(anonymous_11)","decl":{"start":{"line":208,"column":9},"end":{"line":208,"column":26}},"loc":{"start":{"line":210,"column":24},"end":{"line":220,"column":3}}},"12":{"name":"(anonymous_12)","decl":{"start":{"line":225,"column":9},"end":{"line":225,"column":30}},"loc":{"start":{"line":227,"column":24},"end":{"line":260,"column":3}}},"13":{"name":"(anonymous_13)","decl":{"start":{"line":265,"column":10},"end":{"line":265,"column":26}},"loc":{"start":{"line":270,"column":24},"end":{"line":319,"column":3}}},"14":{"name":"(anonymous_14)","decl":{"start":{"line":324,"column":9},"end":{"line":324,"column":22}},"loc":{"start":{"line":329,"column":24},"end":{"line":339,"column":3}}},"15":{"name":"(anonymous_15)","decl":{"start":{"line":344,"column":9},"end":{"line":344,"column":30}},"loc":{"start":{"line":347,"column":24},"end":{"line":357,"column":3}}}},"branchMap":{"0":{"loc":{"start":{"line":20,"column":9},"end":{"line":21,"column":57}},"type":"binary-expr","locations":[{"start":{"line":20,"column":9},"end":{"line":20,"column":34}},{"start":{"line":21,"column":9},"end":{"line":21,"column":57}}]},"1":{"loc":{"start":{"line":33,"column":9},"end":{"line":38,"column":47}},"type":"binary-expr","locations":[{"start":{"line":33,"column":9},"end":{"line":33,"column":34}},{"start":{"line":34,"column":9},"end":{"line":34,"column":23}},{"start":{"line":35,"column":9},"end":{"line":35,"column":50}},{"start":{"line":36,"column":9},"end":{"line":36,"column":50}},{"start":{"line":37,"column":9},"end":{"line":37,"column":47}},{"start":{"line":38,"column":9},"end":{"line":38,"column":47}}]},"2":{"loc":{"start":{"line":50,"column":2},"end":{"line":52,"column":3}},"type":"if","locations":[{"start":{"line":50,"column":2},"end":{"line":52,"column":3}}]},"3":{"loc":{"start":{"line":50,"column":6},"end":{"line":50,"column":49}},"type":"binary-expr","locations":[{"start":{"line":50,"column":6},"end":{"line":50,"column":31}},{"start":{"line":50,"column":35},"end":{"line":50,"column":49}}]},"4":{"loc":{"start":{"line":56,"column":9},"end":{"line":62,"column":28}},"type":"binary-expr","locations":[{"start":{"line":56,"column":9},"end":{"line":56,"column":37}},{"start":{"line":57,"column":9},"end":{"line":57,"column":28}},{"start":{"line":58,"column":9},"end":{"line":58,"column":36}},{"start":{"line":59,"column":9},"end":{"line":59,"column":42}},{"start":{"line":60,"column":9},"end":{"line":60,"column":43}},{"start":{"line":61,"column":9},"end":{"line":61,"column":41}},{"start":{"line":62,"column":9},"end":{"line":62,"column":28}}]},"5":{"loc":{"start":{"line":74,"column":2},"end":{"line":76,"column":3}},"type":"if","locations":[{"start":{"line":74,"column":2},"end":{"line":76,"column":3}}]},"6":{"loc":{"start":{"line":74,"column":6},"end":{"line":74,"column":49}},"type":"binary-expr","locations":[{"start":{"line":74,"column":6},"end":{"line":74,"column":31}},{"start":{"line":74,"column":35},"end":{"line":74,"column":49}}]},"7":{"loc":{"start":{"line":80,"column":9},"end":{"line":90,"column":24}},"type":"binary-expr","locations":[{"start":{"line":80,"column":9},"end":{"line":80,"column":36}},{"start":{"line":81,"column":9},"end":{"line":81,"column":27}},{"start":{"line":82,"column":10},"end":{"line":82,"column":32}},{"start":{"line":82,"column":36},"end":{"line":82,"column":69}},{"start":{"line":83,"column":9},"end":{"line":83,"column":37}},{"start":{"line":84,"column":9},"end":{"line":84,"column":64}},{"start":{"line":85,"column":9},"end":{"line":85,"column":35}},{"start":{"line":86,"column":9},"end":{"line":86,"column":55}},{"start":{"line":87,"column":9},"end":{"line":87,"column":34}},{"start":{"line":88,"column":9},"end":{"line":88,"column":39}},{"start":{"line":89,"column":9},"end":{"line":89,"column":37}},{"start":{"line":90,"column":9},"end":{"line":90,"column":24}}]},"8":{"loc":{"start":{"line":116,"column":4},"end":{"line":123,"column":5}},"type":"if","locations":[{"start":{"line":116,"column":4},"end":{"line":123,"column":5}}]},"9":{"loc":{"start":{"line":125,"column":4},"end":{"line":132,"column":5}},"type":"if","locations":[{"start":{"line":125,"column":4},"end":{"line":132,"column":5}}]},"10":{"loc":{"start":{"line":134,"column":4},"end":{"line":141,"column":5}},"type":"if","locations":[{"start":{"line":134,"column":4},"end":{"line":141,"column":5}}]},"11":{"loc":{"start":{"line":134,"column":8},"end":{"line":134,"column":46}},"type":"binary-expr","locations":[{"start":{"line":134,"column":8},"end":{"line":134,"column":19}},{"start":{"line":134,"column":23},"end":{"line":134,"column":46}}]},"12":{"loc":{"start":{"line":152,"column":4},"end":{"line":159,"column":5}},"type":"if","locations":[{"start":{"line":152,"column":4},"end":{"line":159,"column":5}}]},"13":{"loc":{"start":{"line":161,"column":4},"end":{"line":168,"column":5}},"type":"if","locations":[{"start":{"line":161,"column":4},"end":{"line":168,"column":5}}]},"14":{"loc":{"start":{"line":178,"column":4},"end":{"line":185,"column":5}},"type":"if","locations":[{"start":{"line":178,"column":4},"end":{"line":185,"column":5}}]},"15":{"loc":{"start":{"line":195,"column":4},"end":{"line":202,"column":5}},"type":"if","locations":[{"start":{"line":195,"column":4},"end":{"line":202,"column":5}}]},"16":{"loc":{"start":{"line":212,"column":4},"end":{"line":219,"column":5}},"type":"if","locations":[{"start":{"line":212,"column":4},"end":{"line":219,"column":5}}]},"17":{"loc":{"start":{"line":234,"column":6},"end":{"line":236,"column":7}},"type":"if","locations":[{"start":{"line":234,"column":6},"end":{"line":236,"column":7}}]},"18":{"loc":{"start":{"line":241,"column":8},"end":{"line":248,"column":9}},"type":"if","locations":[{"start":{"line":241,"column":8},"end":{"line":248,"column":9}}]},"19":{"loc":{"start":{"line":250,"column":8},"end":{"line":257,"column":9}},"type":"if","locations":[{"start":{"line":250,"column":8},"end":{"line":257,"column":9}}]},"20":{"loc":{"start":{"line":272,"column":4},"end":{"line":279,"column":5}},"type":"if","locations":[{"start":{"line":272,"column":4},"end":{"line":279,"column":5}}]},"21":{"loc":{"start":{"line":281,"column":4},"end":{"line":283,"column":5}},"type":"if","locations":[{"start":{"line":281,"column":4},"end":{"line":283,"column":5}}]},"22":{"loc":{"start":{"line":289,"column":4},"end":{"line":308,"column":5}},"type":"if","locations":[{"start":{"line":289,"column":4},"end":{"line":308,"column":5}}]},"23":{"loc":{"start":{"line":291,"column":6},"end":{"line":298,"column":7}},"type":"if","locations":[{"start":{"line":291,"column":6},"end":{"line":298,"column":7}}]},"24":{"loc":{"start":{"line":300,"column":6},"end":{"line":307,"column":7}},"type":"if","locations":[{"start":{"line":300,"column":6},"end":{"line":307,"column":7}}]},"25":{"loc":{"start":{"line":313,"column":6},"end":{"line":315,"column":7}},"type":"if","locations":[{"start":{"line":313,"column":6},"end":{"line":315,"column":7}}]},"26":{"loc":{"start":{"line":331,"column":4},"end":{"line":338,"column":5}},"type":"if","locations":[{"start":{"line":331,"column":4},"end":{"line":338,"column":5}}]},"27":{"loc":{"start":{"line":331,"column":8},"end":{"line":331,"column":61}},"type":"binary-expr","locations":[{"start":{"line":331,"column":8},"end":{"line":331,"column":31}},{"start":{"line":331,"column":35},"end":{"line":331,"column":46}},{"start":{"line":331,"column":50},"end":{"line":331,"column":61}}]},"28":{"loc":{"start":{"line":349,"column":4},"end":{"line":356,"column":5}},"type":"if","locations":[{"start":{"line":349,"column":4},"end":{"line":356,"column":5}}]},"29":{"loc":{"start":{"line":349,"column":8},"end":{"line":349,"column":51}},"type":"binary-expr","locations":[{"start":{"line":349,"column":8},"end":{"line":349,"column":29}},{"start":{"line":349,"column":33},"end":{"line":349,"column":51}}]}},"s":{"0":0,"1":0,"2":0,"3":0,"4":0,"5":0,"6":0,"7":0,"8":0,"9":0,"10":0,"11":0,"12":0,"13":0,"14":0,"15":0,"16":0,"17":0,"18":0,"19":0,"20":0,"21":0,"22":0,"23":0,"24":0,"25":0,"26":0,"27":0,"28":0,"29":0,"30":0,"31":0,"32":0,"33":0,"34":0,"35":0,"36":0,"37":0,"38":0,"39":0,"40":0,"41":0,"42":0,"43":0,"44":0,"45":0,"46":0,"47":0,"48":0,"49":0,"50":0,"51":0,"52":0,"53":0,"54":0,"55":0,"56":0,"57":0,"58":0,"59":0,"60":0,"61":0,"62":0,"63":0,"64":0,"65":0,"66":0},"f":{"0":0,"1":0,"2":0,"3":0,"4":0,"5":0,"6":0,"7":0,"8":0,"9":0,"10":0,"11":0,"12":0,"13":0,"14":0,"15":0},"b":{"0":[0,0],"1":[0,0,0,0,0,0],"2":[0],"3":[0,0],"4":[0,0,0,0,0,0,0],"5":[0],"6":[0,0],"7":[0,0,0,0,0,0,0,0,0,0,0,0],"8":[0],"9":[0],"10":[0],"11":[0,0],"12":[0],"13":[0],"14":[0],"15":[0],"16":[0],"17":[0],"18":[0],"19":[0],"20":[0],"21":[0],"22":[0],"23":[0],"24":[0],"25":[0],"26":[0],"27":[0,0,0],"28":[0],"29":[0,0]}}
}
