{"/Users/rickgao/WebstormProjects/noded/src/components/graph-editor.ts": {"path":"/Users/rickgao/WebstormProjects/noded/src/components/graph-editor.ts","statementMap":{"0":{"start":{"line":15,"column":0},"end":{"line":15,"column":44}},"1":{"start":{"line":16,"column":0},"end":{"line":16,"column":52}},"2":{"start":{"line":17,"column":0},"end":{"line":17,"column":114}},"3":{"start":{"line":18,"column":0},"end":{"line":18,"column":62}},"4":{"start":{"line":19,"column":0},"end":{"line":19,"column":62}},"5":{"start":{"line":30,"column":19},"end":{"line":30,"column":36}},"6":{"start":{"line":31,"column":19},"end":{"line":31,"column":37}},"7":{"start":{"line":32,"column":19},"end":{"line":32,"column":41}},"8":{"start":{"line":34,"column":10},"end":{"line":34,"column":52}},"9":{"start":{"line":35,"column":10},"end":{"line":35,"column":51}},"10":{"start":{"line":36,"column":10},"end":{"line":36,"column":54}},"11":{"start":{"line":37,"column":10},"end":{"line":37,"column":48}},"12":{"start":{"line":38,"column":10},"end":{"line":38,"column":34}},"13":{"start":{"line":39,"column":10},"end":{"line":39,"column":28}},"14":{"start":{"line":40,"column":10},"end":{"line":40,"column":27}},"15":{"start":{"line":41,"column":10},"end":{"line":41,"column":27}},"16":{"start":{"line":42,"column":10},"end":{"line":42,"column":37}},"17":{"start":{"line":43,"column":10},"end":{"line":43,"column":38}},"18":{"start":{"line":44,"column":10},"end":{"line":44,"column":31}},"19":{"start":{"line":45,"column":10},"end":{"line":45,"column":31}},"20":{"start":{"line":63,"column":22},"end":{"line":63,"column":39}},"21":{"start":{"line":65,"column":4},"end":{"line":65,"column":44}},"22":{"start":{"line":66,"column":4},"end":{"line":66,"column":56}},"23":{"start":{"line":67,"column":4},"end":{"line":67,"column":62}},"24":{"start":{"line":69,"column":4},"end":{"line":73,"column":7}},"25":{"start":{"line":75,"column":4},"end":{"line":122,"column":5}},"26":{"start":{"line":77,"column":6},"end":{"line":77,"column":91}},"27":{"start":{"line":78,"column":6},"end":{"line":78,"column":98}},"28":{"start":{"line":79,"column":6},"end":{"line":79,"column":96}},"29":{"start":{"line":81,"column":6},"end":{"line":81,"column":27}},"30":{"start":{"line":82,"column":6},"end":{"line":82,"column":41}},"31":{"start":{"line":83,"column":6},"end":{"line":83,"column":41}},"32":{"start":{"line":86,"column":6},"end":{"line":86,"column":55}},"33":{"start":{"line":87,"column":6},"end":{"line":87,"column":56}},"34":{"start":{"line":88,"column":6},"end":{"line":88,"column":52}},"35":{"start":{"line":90,"column":6},"end":{"line":90,"column":89}},"36":{"start":{"line":91,"column":6},"end":{"line":91,"column":103}},"37":{"start":{"line":92,"column":6},"end":{"line":92,"column":103}},"38":{"start":{"line":94,"column":6},"end":{"line":94,"column":33}},"39":{"start":{"line":95,"column":6},"end":{"line":97,"column":7}},"40":{"start":{"line":96,"column":8},"end":{"line":96,"column":32}},"41":{"start":{"line":99,"column":28},"end":{"line":99,"column":57}},"42":{"start":{"line":100,"column":6},"end":{"line":100,"column":81}},"43":{"start":{"line":101,"column":6},"end":{"line":101,"column":88}},"44":{"start":{"line":104,"column":6},"end":{"line":108,"column":9}},"45":{"start":{"line":110,"column":6},"end":{"line":112,"column":7}},"46":{"start":{"line":111,"column":8},"end":{"line":111,"column":20}},"47":{"start":{"line":114,"column":6},"end":{"line":121,"column":8}},"48":{"start":{"line":131,"column":22},"end":{"line":131,"column":39}},"49":{"start":{"line":132,"column":4},"end":{"line":132,"column":56}},"50":{"start":{"line":134,"column":4},"end":{"line":258,"column":5}},"51":{"start":{"line":136,"column":6},"end":{"line":155,"column":9}},"52":{"start":{"line":137,"column":8},"end":{"line":141,"column":11}},"53":{"start":{"line":143,"column":34},"end":{"line":143,"column":93}},"54":{"start":{"line":144,"column":8},"end":{"line":144,"column":93}},"55":{"start":{"line":146,"column":8},"end":{"line":154,"column":9}},"56":{"start":{"line":147,"column":10},"end":{"line":147,"column":32}},"57":{"start":{"line":148,"column":10},"end":{"line":148,"column":36}},"58":{"start":{"line":149,"column":10},"end":{"line":149,"column":36}},"59":{"start":{"line":151,"column":10},"end":{"line":151,"column":86}},"60":{"start":{"line":152,"column":10},"end":{"line":152,"column":90}},"61":{"start":{"line":153,"column":10},"end":{"line":153,"column":90}},"62":{"start":{"line":157,"column":6},"end":{"line":189,"column":9}},"63":{"start":{"line":159,"column":8},"end":{"line":164,"column":11}},"64":{"start":{"line":166,"column":26},"end":{"line":166,"column":60}},"65":{"start":{"line":167,"column":8},"end":{"line":170,"column":11}},"66":{"start":{"line":172,"column":8},"end":{"line":188,"column":9}},"67":{"start":{"line":173,"column":25},"end":{"line":173,"column":50}},"68":{"start":{"line":174,"column":25},"end":{"line":174,"column":50}},"69":{"start":{"line":177,"column":32},"end":{"line":177,"column":35}},"70":{"start":{"line":178,"column":10},"end":{"line":178,"column":46}},"71":{"start":{"line":179,"column":10},"end":{"line":179,"column":46}},"72":{"start":{"line":181,"column":10},"end":{"line":181,"column":86}},"73":{"start":{"line":182,"column":10},"end":{"line":182,"column":86}},"74":{"start":{"line":184,"column":10},"end":{"line":184,"column":39}},"75":{"start":{"line":186,"column":10},"end":{"line":186,"column":36}},"76":{"start":{"line":187,"column":10},"end":{"line":187,"column":36}},"77":{"start":{"line":191,"column":6},"end":{"line":204,"column":9}},"78":{"start":{"line":192,"column":8},"end":{"line":197,"column":9}},"79":{"start":{"line":193,"column":10},"end":{"line":196,"column":13}},"80":{"start":{"line":199,"column":8},"end":{"line":199,"column":31}},"81":{"start":{"line":200,"column":8},"end":{"line":200,"column":32}},"82":{"start":{"line":202,"column":8},"end":{"line":202,"column":85}},"83":{"start":{"line":203,"column":8},"end":{"line":203,"column":86}},"84":{"start":{"line":207,"column":6},"end":{"line":242,"column":9}},"85":{"start":{"line":208,"column":8},"end":{"line":208,"column":27}},"86":{"start":{"line":210,"column":8},"end":{"line":213,"column":11}},"87":{"start":{"line":215,"column":26},"end":{"line":215,"column":31}},"88":{"start":{"line":216,"column":27},"end":{"line":216,"column":48}},"89":{"start":{"line":217,"column":25},"end":{"line":217,"column":76}},"90":{"start":{"line":219,"column":8},"end":{"line":241,"column":9}},"91":{"start":{"line":221,"column":23},"end":{"line":221,"column":58}},"92":{"start":{"line":222,"column":25},"end":{"line":222,"column":46}},"93":{"start":{"line":223,"column":25},"end":{"line":223,"column":45}},"94":{"start":{"line":226,"column":29},"end":{"line":226,"column":62}},"95":{"start":{"line":227,"column":29},"end":{"line":227,"column":62}},"96":{"start":{"line":230,"column":10},"end":{"line":230,"column":32}},"97":{"start":{"line":233,"column":10},"end":{"line":233,"column":55}},"98":{"start":{"line":234,"column":10},"end":{"line":234,"column":55}},"99":{"start":{"line":236,"column":10},"end":{"line":236,"column":88}},"100":{"start":{"line":237,"column":10},"end":{"line":237,"column":86}},"101":{"start":{"line":238,"column":10},"end":{"line":238,"column":86}},"102":{"start":{"line":240,"column":10},"end":{"line":240,"column":39}},"103":{"start":{"line":244,"column":28},"end":{"line":244,"column":57}},"104":{"start":{"line":245,"column":6},"end":{"line":245,"column":95}},"105":{"start":{"line":246,"column":6},"end":{"line":246,"column":83}},"106":{"start":{"line":249,"column":6},"end":{"line":249,"column":66}},"107":{"start":{"line":250,"column":6},"end":{"line":257,"column":8}},"108":{"start":{"line":267,"column":22},"end":{"line":267,"column":39}},"109":{"start":{"line":268,"column":4},"end":{"line":272,"column":7}},"110":{"start":{"line":274,"column":4},"end":{"line":297,"column":5}},"111":{"start":{"line":275,"column":29},"end":{"line":275,"column":93}},"112":{"start":{"line":276,"column":6},"end":{"line":276,"column":58}},"113":{"start":{"line":278,"column":6},"end":{"line":278,"column":94}},"114":{"start":{"line":280,"column":28},"end":{"line":280,"column":57}},"115":{"start":{"line":281,"column":6},"end":{"line":281,"column":90}},"116":{"start":{"line":282,"column":6},"end":{"line":282,"column":85}},"117":{"start":{"line":285,"column":6},"end":{"line":289,"column":9}},"118":{"start":{"line":291,"column":6},"end":{"line":296,"column":8}},"119":{"start":{"line":307,"column":22},"end":{"line":307,"column":39}},"120":{"start":{"line":308,"column":4},"end":{"line":308,"column":53}},"121":{"start":{"line":310,"column":4},"end":{"line":373,"column":5}},"122":{"start":{"line":312,"column":19},"end":{"line":316,"column":8}},"123":{"start":{"line":318,"column":6},"end":{"line":318,"column":85}},"124":{"start":{"line":319,"column":23},"end":{"line":319,"column":44}},"125":{"start":{"line":320,"column":6},"end":{"line":320,"column":44}},"126":{"start":{"line":323,"column":23},"end":{"line":326,"column":8}},"127":{"start":{"line":328,"column":23},"end":{"line":331,"column":8}},"128":{"start":{"line":333,"column":6},"end":{"line":337,"column":9}},"129":{"start":{"line":340,"column":28},"end":{"line":344,"column":8}},"130":{"start":{"line":346,"column":28},"end":{"line":349,"column":8}},"131":{"start":{"line":351,"column":6},"end":{"line":355,"column":9}},"132":{"start":{"line":357,"column":6},"end":{"line":357,"column":24}},"133":{"start":{"line":359,"column":28},"end":{"line":359,"column":57}},"134":{"start":{"line":360,"column":6},"end":{"line":360,"column":92}},"135":{"start":{"line":361,"column":6},"end":{"line":361,"column":101}},"136":{"start":{"line":364,"column":6},"end":{"line":364,"column":63}},"137":{"start":{"line":365,"column":6},"end":{"line":372,"column":8}},"138":{"start":{"line":388,"column":22},"end":{"line":388,"column":39}},"139":{"start":{"line":391,"column":30},"end":{"line":391,"column":32}},"140":{"start":{"line":394,"column":4},"end":{"line":401,"column":5}},"141":{"start":{"line":395,"column":6},"end":{"line":400,"column":7}},"142":{"start":{"line":396,"column":8},"end":{"line":396,"column":34}},"143":{"start":{"line":399,"column":8},"end":{"line":399,"column":36}},"144":{"start":{"line":403,"column":4},"end":{"line":403,"column":89}},"145":{"start":{"line":405,"column":4},"end":{"line":497,"column":5}},"146":{"start":{"line":407,"column":6},"end":{"line":422,"column":7}},"147":{"start":{"line":408,"column":8},"end":{"line":408,"column":62}},"148":{"start":{"line":410,"column":29},"end":{"line":410,"column":53}},"149":{"start":{"line":411,"column":8},"end":{"line":411,"column":88}},"150":{"start":{"line":413,"column":8},"end":{"line":421,"column":9}},"151":{"start":{"line":414,"column":10},"end":{"line":420,"column":12}},"152":{"start":{"line":425,"column":6},"end":{"line":432,"column":7}},"153":{"start":{"line":426,"column":8},"end":{"line":431,"column":9}},"154":{"start":{"line":427,"column":10},"end":{"line":427,"column":64}},"155":{"start":{"line":429,"column":10},"end":{"line":429,"column":91}},"156":{"start":{"line":430,"column":10},"end":{"line":430,"column":22}},"157":{"start":{"line":434,"column":21},"end":{"line":434,"column":49}},"158":{"start":{"line":435,"column":6},"end":{"line":435,"column":72}},"159":{"start":{"line":437,"column":26},"end":{"line":437,"column":79}},"160":{"start":{"line":438,"column":24},"end":{"line":438,"column":56}},"161":{"start":{"line":440,"column":6},"end":{"line":440,"column":78}},"162":{"start":{"line":442,"column":30},"end":{"line":453,"column":8}},"163":{"start":{"line":456,"column":6},"end":{"line":456,"column":59}},"164":{"start":{"line":458,"column":6},"end":{"line":458,"column":35}},"165":{"start":{"line":459,"column":6},"end":{"line":459,"column":87}},"166":{"start":{"line":461,"column":6},"end":{"line":467,"column":7}},"167":{"start":{"line":462,"column":23},"end":{"line":462,"column":47}},"168":{"start":{"line":463,"column":8},"end":{"line":466,"column":9}},"169":{"start":{"line":464,"column":10},"end":{"line":464,"column":39}},"170":{"start":{"line":465,"column":10},"end":{"line":465,"column":105}},"171":{"start":{"line":469,"column":6},"end":{"line":469,"column":28}},"172":{"start":{"line":472,"column":6},"end":{"line":472,"column":69}},"173":{"start":{"line":474,"column":28},"end":{"line":474,"column":57}},"174":{"start":{"line":475,"column":6},"end":{"line":475,"column":79}},"175":{"start":{"line":476,"column":6},"end":{"line":476,"column":93}},"176":{"start":{"line":478,"column":6},"end":{"line":478,"column":20}},"177":{"start":{"line":481,"column":6},"end":{"line":481,"column":99}},"178":{"start":{"line":483,"column":6},"end":{"line":487,"column":7}},"179":{"start":{"line":486,"column":8},"end":{"line":486,"column":20}},"180":{"start":{"line":489,"column":6},"end":{"line":496,"column":8}},"181":{"start":{"line":508,"column":22},"end":{"line":508,"column":39}},"182":{"start":{"line":509,"column":4},"end":{"line":509,"column":100}},"183":{"start":{"line":511,"column":4},"end":{"line":612,"column":5}},"184":{"start":{"line":512,"column":6},"end":{"line":512,"column":59}},"185":{"start":{"line":514,"column":21},"end":{"line":514,"column":50}},"186":{"start":{"line":515,"column":6},"end":{"line":515,"column":32}},"187":{"start":{"line":516,"column":6},"end":{"line":516,"column":26}},"188":{"start":{"line":517,"column":6},"end":{"line":517,"column":49}},"189":{"start":{"line":518,"column":6},"end":{"line":518,"column":48}},"190":{"start":{"line":520,"column":6},"end":{"line":520,"column":85}},"191":{"start":{"line":523,"column":6},"end":{"line":523,"column":53}},"192":{"start":{"line":525,"column":6},"end":{"line":544,"column":8}},"193":{"start":{"line":541,"column":46},"end":{"line":541,"column":85}},"194":{"start":{"line":547,"column":6},"end":{"line":589,"column":9}},"195":{"start":{"line":548,"column":8},"end":{"line":588,"column":9}},"196":{"start":{"line":549,"column":23},"end":{"line":549,"column":46}},"197":{"start":{"line":550,"column":10},"end":{"line":553,"column":13}},"198":{"start":{"line":556,"column":50},"end":{"line":556,"column":54}},"199":{"start":{"line":557,"column":10},"end":{"line":561,"column":11}},"200":{"start":{"line":558,"column":12},"end":{"line":558,"column":35}},"201":{"start":{"line":559,"column":17},"end":{"line":561,"column":11}},"202":{"start":{"line":560,"column":12},"end":{"line":560,"column":49}},"203":{"start":{"line":563,"column":33},"end":{"line":563,"column":55}},"204":{"start":{"line":564,"column":10},"end":{"line":564,"column":80}},"205":{"start":{"line":566,"column":10},"end":{"line":585,"column":11}},"206":{"start":{"line":567,"column":27},"end":{"line":567,"column":68}},"207":{"start":{"line":568,"column":27},"end":{"line":568,"column":69}},"208":{"start":{"line":569,"column":28},"end":{"line":569,"column":71}},"209":{"start":{"line":571,"column":12},"end":{"line":571,"column":84}},"210":{"start":{"line":572,"column":12},"end":{"line":572,"column":84}},"211":{"start":{"line":574,"column":12},"end":{"line":584,"column":13}},"212":{"start":{"line":575,"column":14},"end":{"line":575,"column":36}},"213":{"start":{"line":576,"column":19},"end":{"line":584,"column":13}},"214":{"start":{"line":577,"column":14},"end":{"line":577,"column":38}},"215":{"start":{"line":578,"column":19},"end":{"line":584,"column":13}},"216":{"start":{"line":579,"column":14},"end":{"line":579,"column":44}},"217":{"start":{"line":580,"column":19},"end":{"line":584,"column":13}},"218":{"start":{"line":581,"column":14},"end":{"line":581,"column":48}},"219":{"start":{"line":582,"column":19},"end":{"line":584,"column":13}},"220":{"start":{"line":583,"column":14},"end":{"line":583,"column":46}},"221":{"start":{"line":587,"column":10},"end":{"line":587,"column":90}},"222":{"start":{"line":591,"column":6},"end":{"line":591,"column":43}},"223":{"start":{"line":592,"column":6},"end":{"line":592,"column":38}},"224":{"start":{"line":593,"column":6},"end":{"line":593,"column":43}},"225":{"start":{"line":594,"column":6},"end":{"line":594,"column":43}},"226":{"start":{"line":595,"column":6},"end":{"line":595,"column":45}},"227":{"start":{"line":597,"column":6},"end":{"line":597,"column":91}},"228":{"start":{"line":599,"column":28},"end":{"line":599,"column":57}},"229":{"start":{"line":600,"column":6},"end":{"line":600,"column":80}},"230":{"start":{"line":601,"column":6},"end":{"line":601,"column":84}},"231":{"start":{"line":604,"column":6},"end":{"line":604,"column":78}},"232":{"start":{"line":606,"column":6},"end":{"line":611,"column":8}},"233":{"start":{"line":624,"column":17},"end":{"line":624,"column":39}},"234":{"start":{"line":627,"column":4},"end":{"line":631,"column":5}},"235":{"start":{"line":628,"column":23},"end":{"line":628,"column":69}},"236":{"start":{"line":628,"column":47},"end":{"line":628,"column":68}},"237":{"start":{"line":629,"column":22},"end":{"line":629,"column":68}},"238":{"start":{"line":629,"column":46},"end":{"line":629,"column":63}},"239":{"start":{"line":630,"column":6},"end":{"line":630,"column":30}},"240":{"start":{"line":634,"column":4},"end":{"line":634,"column":68}},"241":{"start":{"line":647,"column":4},"end":{"line":652,"column":7}},"242":{"start":{"line":654,"column":4},"end":{"line":704,"column":5}},"243":{"start":{"line":655,"column":6},"end":{"line":655,"column":61}},"244":{"start":{"line":656,"column":6},"end":{"line":656,"column":59}},"245":{"start":{"line":659,"column":25},"end":{"line":659,"column":58}},"246":{"start":{"line":661,"column":19},"end":{"line":685,"column":8}},"247":{"start":{"line":687,"column":6},"end":{"line":687,"column":97}},"248":{"start":{"line":688,"column":6},"end":{"line":688,"column":18}},"249":{"start":{"line":691,"column":6},"end":{"line":695,"column":9}},"250":{"start":{"line":697,"column":6},"end":{"line":703,"column":8}},"251":{"start":{"line":715,"column":22},"end":{"line":715,"column":39}},"252":{"start":{"line":716,"column":4},"end":{"line":716,"column":75}},"253":{"start":{"line":718,"column":4},"end":{"line":810,"column":5}},"254":{"start":{"line":719,"column":23},"end":{"line":719,"column":28}},"255":{"start":{"line":722,"column":6},"end":{"line":748,"column":9}},"256":{"start":{"line":723,"column":8},"end":{"line":747,"column":9}},"257":{"start":{"line":724,"column":25},"end":{"line":724,"column":48}},"258":{"start":{"line":725,"column":39},"end":{"line":725,"column":91}},"259":{"start":{"line":727,"column":10},"end":{"line":727,"column":101}},"260":{"start":{"line":729,"column":10},"end":{"line":729,"column":43}},"261":{"start":{"line":729,"column":36},"end":{"line":729,"column":43}},"262":{"start":{"line":731,"column":10},"end":{"line":731,"column":28}},"263":{"start":{"line":732,"column":10},"end":{"line":732,"column":33}},"264":{"start":{"line":733,"column":10},"end":{"line":733,"column":29}},"265":{"start":{"line":734,"column":10},"end":{"line":734,"column":29}},"266":{"start":{"line":735,"column":10},"end":{"line":735,"column":39}},"267":{"start":{"line":736,"column":10},"end":{"line":736,"column":39}},"268":{"start":{"line":738,"column":10},"end":{"line":740,"column":13}},"269":{"start":{"line":742,"column":10},"end":{"line":742,"column":32}},"270":{"start":{"line":743,"column":10},"end":{"line":743,"column":29}},"271":{"start":{"line":746,"column":10},"end":{"line":746,"column":99}},"272":{"start":{"line":750,"column":6},"end":{"line":782,"column":9}},"273":{"start":{"line":751,"column":8},"end":{"line":751,"column":32}},"274":{"start":{"line":751,"column":25},"end":{"line":751,"column":32}},"275":{"start":{"line":753,"column":8},"end":{"line":781,"column":9}},"276":{"start":{"line":754,"column":25},"end":{"line":754,"column":58}},"277":{"start":{"line":755,"column":25},"end":{"line":755,"column":58}},"278":{"start":{"line":758,"column":37},"end":{"line":758,"column":40}},"279":{"start":{"line":759,"column":33},"end":{"line":759,"column":60}},"280":{"start":{"line":760,"column":33},"end":{"line":760,"column":60}},"281":{"start":{"line":763,"column":10},"end":{"line":768,"column":13}},"282":{"start":{"line":770,"column":10},"end":{"line":770,"column":56}},"283":{"start":{"line":771,"column":10},"end":{"line":771,"column":56}},"284":{"start":{"line":773,"column":10},"end":{"line":773,"column":99}},"285":{"start":{"line":774,"column":10},"end":{"line":774,"column":99}},"286":{"start":{"line":776,"column":10},"end":{"line":776,"column":68}},"287":{"start":{"line":777,"column":10},"end":{"line":777,"column":35}},"288":{"start":{"line":780,"column":10},"end":{"line":780,"column":99}},"289":{"start":{"line":784,"column":6},"end":{"line":794,"column":9}},"290":{"start":{"line":785,"column":8},"end":{"line":790,"column":9}},"291":{"start":{"line":786,"column":10},"end":{"line":789,"column":13}},"292":{"start":{"line":792,"column":8},"end":{"line":792,"column":27}},"293":{"start":{"line":793,"column":8},"end":{"line":793,"column":32}},"294":{"start":{"line":796,"column":28},"end":{"line":796,"column":57}},"295":{"start":{"line":797,"column":6},"end":{"line":797,"column":83}},"296":{"start":{"line":798,"column":6},"end":{"line":798,"column":91}},"297":{"start":{"line":801,"column":6},"end":{"line":801,"column":85}},"298":{"start":{"line":803,"column":6},"end":{"line":809,"column":8}},"299":{"start":{"line":823,"column":4},"end":{"line":823,"column":76}},"300":{"start":{"line":825,"column":4},"end":{"line":882,"column":5}},"301":{"start":{"line":826,"column":6},"end":{"line":826,"column":61}},"302":{"start":{"line":827,"column":6},"end":{"line":827,"column":74}},"303":{"start":{"line":828,"column":6},"end":{"line":828,"column":74}},"304":{"start":{"line":830,"column":6},"end":{"line":830,"column":26}},"305":{"start":{"line":831,"column":6},"end":{"line":831,"column":26}},"306":{"start":{"line":833,"column":21},"end":{"line":833,"column":53}},"307":{"start":{"line":834,"column":32},"end":{"line":834,"column":40}},"308":{"start":{"line":835,"column":6},"end":{"line":835,"column":84}},"309":{"start":{"line":837,"column":6},"end":{"line":868,"column":7}},"310":{"start":{"line":838,"column":8},"end":{"line":852,"column":9}},"311":{"start":{"line":840,"column":10},"end":{"line":840,"column":68}},"312":{"start":{"line":843,"column":10},"end":{"line":843,"column":35}},"313":{"start":{"line":845,"column":10},"end":{"line":848,"column":13}},"314":{"start":{"line":851,"column":10},"end":{"line":851,"column":39}},"315":{"start":{"line":854,"column":8},"end":{"line":854,"column":37}},"316":{"start":{"line":855,"column":8},"end":{"line":855,"column":36}},"317":{"start":{"line":857,"column":8},"end":{"line":864,"column":9}},"318":{"start":{"line":859,"column":10},"end":{"line":863,"column":18}},"319":{"start":{"line":860,"column":12},"end":{"line":862,"column":13}},"320":{"start":{"line":861,"column":14},"end":{"line":861,"column":43}},"321":{"start":{"line":866,"column":8},"end":{"line":866,"column":92}},"322":{"start":{"line":867,"column":8},"end":{"line":867,"column":90}},"323":{"start":{"line":870,"column":6},"end":{"line":870,"column":77}},"324":{"start":{"line":873,"column":6},"end":{"line":873,"column":86}},"325":{"start":{"line":875,"column":6},"end":{"line":881,"column":8}},"326":{"start":{"line":892,"column":4},"end":{"line":892,"column":68}},"327":{"start":{"line":894,"column":4},"end":{"line":935,"column":5}},"328":{"start":{"line":895,"column":6},"end":{"line":895,"column":59}},"329":{"start":{"line":898,"column":6},"end":{"line":909,"column":7}},"330":{"start":{"line":899,"column":23},"end":{"line":899,"column":68}},"331":{"start":{"line":900,"column":34},"end":{"line":900,"column":42}},"332":{"start":{"line":901,"column":8},"end":{"line":901,"column":84}},"333":{"start":{"line":903,"column":8},"end":{"line":908,"column":9}},"334":{"start":{"line":904,"column":10},"end":{"line":904,"column":46}},"335":{"start":{"line":905,"column":10},"end":{"line":907,"column":13}},"336":{"start":{"line":911,"column":6},"end":{"line":911,"column":31}},"337":{"start":{"line":912,"column":6},"end":{"line":912,"column":79}},"338":{"start":{"line":914,"column":21},"end":{"line":914,"column":53}},"339":{"start":{"line":915,"column":32},"end":{"line":915,"column":40}},"340":{"start":{"line":916,"column":6},"end":{"line":916,"column":82}},"341":{"start":{"line":918,"column":6},"end":{"line":921,"column":7}},"342":{"start":{"line":919,"column":8},"end":{"line":919,"column":41}},"343":{"start":{"line":920,"column":8},"end":{"line":920,"column":90}},"344":{"start":{"line":923,"column":6},"end":{"line":923,"column":77}},"345":{"start":{"line":926,"column":6},"end":{"line":926,"column":78}},"346":{"start":{"line":928,"column":6},"end":{"line":934,"column":8}},"347":{"start":{"line":946,"column":22},"end":{"line":946,"column":39}},"348":{"start":{"line":947,"column":4},"end":{"line":947,"column":59}},"349":{"start":{"line":949,"column":4},"end":{"line":998,"column":5}},"350":{"start":{"line":950,"column":6},"end":{"line":950,"column":58}},"351":{"start":{"line":952,"column":21},"end":{"line":952,"column":45}},"352":{"start":{"line":953,"column":27},"end":{"line":953,"column":35}},"353":{"start":{"line":954,"column":6},"end":{"line":954,"column":84}},"354":{"start":{"line":956,"column":6},"end":{"line":964,"column":7}},"355":{"start":{"line":957,"column":8},"end":{"line":963,"column":10}},"356":{"start":{"line":966,"column":22},"end":{"line":969,"column":8}},"357":{"start":{"line":971,"column":6},"end":{"line":975,"column":9}},"358":{"start":{"line":977,"column":6},"end":{"line":977,"column":24}},"359":{"start":{"line":978,"column":6},"end":{"line":978,"column":31}},"360":{"start":{"line":980,"column":28},"end":{"line":980,"column":57}},"361":{"start":{"line":981,"column":6},"end":{"line":981,"column":78}},"362":{"start":{"line":982,"column":6},"end":{"line":982,"column":84}},"363":{"start":{"line":985,"column":6},"end":{"line":985,"column":69}},"364":{"start":{"line":987,"column":6},"end":{"line":989,"column":7}},"365":{"start":{"line":988,"column":8},"end":{"line":988,"column":20}},"366":{"start":{"line":991,"column":6},"end":{"line":997,"column":8}},"367":{"start":{"line":1009,"column":22},"end":{"line":1009,"column":39}},"368":{"start":{"line":1010,"column":4},"end":{"line":1010,"column":65}},"369":{"start":{"line":1012,"column":4},"end":{"line":1068,"column":5}},"370":{"start":{"line":1013,"column":6},"end":{"line":1013,"column":64}},"371":{"start":{"line":1015,"column":19},"end":{"line":1015,"column":41}},"372":{"start":{"line":1016,"column":25},"end":{"line":1016,"column":31}},"373":{"start":{"line":1017,"column":6},"end":{"line":1017,"column":86}},"374":{"start":{"line":1019,"column":6},"end":{"line":1052,"column":7}},"375":{"start":{"line":1020,"column":36},"end":{"line":1025,"column":10}},"376":{"start":{"line":1027,"column":8},"end":{"line":1027,"column":71}},"377":{"start":{"line":1029,"column":8},"end":{"line":1029,"column":35}},"378":{"start":{"line":1030,"column":8},"end":{"line":1030,"column":97}},"379":{"start":{"line":1032,"column":8},"end":{"line":1032,"column":32}},"380":{"start":{"line":1034,"column":8},"end":{"line":1038,"column":11}},"381":{"start":{"line":1040,"column":30},"end":{"line":1040,"column":59}},"382":{"start":{"line":1041,"column":8},"end":{"line":1041,"column":88}},"383":{"start":{"line":1042,"column":8},"end":{"line":1042,"column":105}},"384":{"start":{"line":1045,"column":8},"end":{"line":1051,"column":10}},"385":{"start":{"line":1055,"column":6},"end":{"line":1055,"column":75}},"386":{"start":{"line":1057,"column":6},"end":{"line":1059,"column":7}},"387":{"start":{"line":1058,"column":8},"end":{"line":1058,"column":20}},"388":{"start":{"line":1061,"column":6},"end":{"line":1067,"column":8}},"389":{"start":{"line":1079,"column":22},"end":{"line":1079,"column":39}},"390":{"start":{"line":1080,"column":4},"end":{"line":1080,"column":60}},"391":{"start":{"line":1082,"column":4},"end":{"line":1169,"column":5}},"392":{"start":{"line":1083,"column":6},"end":{"line":1083,"column":59}},"393":{"start":{"line":1085,"column":19},"end":{"line":1085,"column":41}},"394":{"start":{"line":1086,"column":25},"end":{"line":1086,"column":31}},"395":{"start":{"line":1087,"column":6},"end":{"line":1087,"column":81}},"396":{"start":{"line":1089,"column":6},"end":{"line":1096,"column":7}},"397":{"start":{"line":1090,"column":8},"end":{"line":1095,"column":10}},"398":{"start":{"line":1099,"column":26},"end":{"line":1099,"column":76}},"399":{"start":{"line":1099,"column":52},"end":{"line":1099,"column":75}},"400":{"start":{"line":1100,"column":26},"end":{"line":1100,"column":39}},"401":{"start":{"line":1101,"column":6},"end":{"line":1101,"column":83}},"402":{"start":{"line":1103,"column":6},"end":{"line":1110,"column":7}},"403":{"start":{"line":1104,"column":8},"end":{"line":1109,"column":10}},"404":{"start":{"line":1113,"column":6},"end":{"line":1113,"column":40}},"405":{"start":{"line":1115,"column":6},"end":{"line":1145,"column":7}},"406":{"start":{"line":1117,"column":30},"end":{"line":1117,"column":32}},"407":{"start":{"line":1118,"column":8},"end":{"line":1124,"column":10}},"408":{"start":{"line":1121,"column":12},"end":{"line":1121,"column":37}},"409":{"start":{"line":1122,"column":12},"end":{"line":1122,"column":66}},"410":{"start":{"line":1127,"column":21},"end":{"line":1127,"column":43}},"411":{"start":{"line":1128,"column":8},"end":{"line":1133,"column":9}},"412":{"start":{"line":1129,"column":38},"end":{"line":1129,"column":102}},"413":{"start":{"line":1129,"column":69},"end":{"line":1129,"column":101}},"414":{"start":{"line":1130,"column":10},"end":{"line":1132,"column":11}},"415":{"start":{"line":1131,"column":12},"end":{"line":1131,"column":55}},"416":{"start":{"line":1136,"column":8},"end":{"line":1136,"column":58}},"417":{"start":{"line":1138,"column":8},"end":{"line":1141,"column":11}},"418":{"start":{"line":1144,"column":8},"end":{"line":1144,"column":42}},"419":{"start":{"line":1147,"column":28},"end":{"line":1147,"column":57}},"420":{"start":{"line":1148,"column":6},"end":{"line":1148,"column":81}},"421":{"start":{"line":1149,"column":6},"end":{"line":1152,"column":24}},"422":{"start":{"line":1155,"column":6},"end":{"line":1155,"column":70}},"423":{"start":{"line":1156,"column":6},"end":{"line":1156,"column":40}},"424":{"start":{"line":1158,"column":6},"end":{"line":1160,"column":7}},"425":{"start":{"line":1159,"column":8},"end":{"line":1159,"column":20}},"426":{"start":{"line":1162,"column":6},"end":{"line":1168,"column":8}},"427":{"start":{"line":1180,"column":22},"end":{"line":1180,"column":39}},"428":{"start":{"line":1181,"column":4},"end":{"line":1184,"column":7}},"429":{"start":{"line":1186,"column":4},"end":{"line":1223,"column":5}},"430":{"start":{"line":1187,"column":19},"end":{"line":1187,"column":41}},"431":{"start":{"line":1188,"column":6},"end":{"line":1196,"column":7}},"432":{"start":{"line":1189,"column":8},"end":{"line":1195,"column":10}},"433":{"start":{"line":1198,"column":39},"end":{"line":1203,"column":8}},"434":{"start":{"line":1205,"column":6},"end":{"line":1205,"column":77}},"435":{"start":{"line":1207,"column":6},"end":{"line":1207,"column":38}},"436":{"start":{"line":1208,"column":6},"end":{"line":1208,"column":98}},"437":{"start":{"line":1210,"column":6},"end":{"line":1210,"column":30}},"438":{"start":{"line":1211,"column":6},"end":{"line":1211,"column":31}},"439":{"start":{"line":1213,"column":28},"end":{"line":1213,"column":57}},"440":{"start":{"line":1214,"column":6},"end":{"line":1214,"column":92}},"441":{"start":{"line":1215,"column":6},"end":{"line":1218,"column":24}},"442":{"start":{"line":1221,"column":6},"end":{"line":1221,"column":78}},"443":{"start":{"line":1222,"column":6},"end":{"line":1222,"column":18}},"444":{"start":{"line":1233,"column":4},"end":{"line":1233,"column":69}},"445":{"start":{"line":1235,"column":4},"end":{"line":1253,"column":5}},"446":{"start":{"line":1236,"column":21},"end":{"line":1236,"column":52}},"447":{"start":{"line":1237,"column":6},"end":{"line":1248,"column":7}},"448":{"start":{"line":1238,"column":8},"end":{"line":1238,"column":40}},"449":{"start":{"line":1241,"column":26},"end":{"line":1241,"column":104}},"450":{"start":{"line":1242,"column":8},"end":{"line":1245,"column":9}},"451":{"start":{"line":1243,"column":10},"end":{"line":1243,"column":36}},"452":{"start":{"line":1244,"column":10},"end":{"line":1244,"column":47}},"453":{"start":{"line":1247,"column":8},"end":{"line":1247,"column":91}},"454":{"start":{"line":1250,"column":6},"end":{"line":1250,"column":70}},"455":{"start":{"line":1252,"column":6},"end":{"line":1252,"column":79}},"456":{"start":{"line":1263,"column":4},"end":{"line":1263,"column":69}},"457":{"start":{"line":1265,"column":4},"end":{"line":1283,"column":5}},"458":{"start":{"line":1266,"column":21},"end":{"line":1266,"column":52}},"459":{"start":{"line":1267,"column":6},"end":{"line":1278,"column":7}},"460":{"start":{"line":1268,"column":8},"end":{"line":1268,"column":43}},"461":{"start":{"line":1271,"column":26},"end":{"line":1271,"column":104}},"462":{"start":{"line":1272,"column":8},"end":{"line":1275,"column":9}},"463":{"start":{"line":1273,"column":10},"end":{"line":1273,"column":37}},"464":{"start":{"line":1274,"column":10},"end":{"line":1274,"column":53}},"465":{"start":{"line":1277,"column":8},"end":{"line":1277,"column":92}},"466":{"start":{"line":1280,"column":6},"end":{"line":1280,"column":70}},"467":{"start":{"line":1282,"column":6},"end":{"line":1282,"column":79}},"468":{"start":{"line":1294,"column":4},"end":{"line":1297,"column":7}},"469":{"start":{"line":1299,"column":4},"end":{"line":1338,"column":5}},"470":{"start":{"line":1301,"column":19},"end":{"line":1301,"column":41}},"471":{"start":{"line":1302,"column":6},"end":{"line":1302,"column":24}},"472":{"start":{"line":1302,"column":17},"end":{"line":1302,"column":24}},"473":{"start":{"line":1304,"column":26},"end":{"line":1304,"column":114}},"474":{"start":{"line":1304,"column":52},"end":{"line":1304,"column":113}},"475":{"start":{"line":1306,"column":6},"end":{"line":1328,"column":7}},"476":{"start":{"line":1308,"column":8},"end":{"line":1313,"column":10}},"477":{"start":{"line":1314,"column":8},"end":{"line":1314,"column":40}},"478":{"start":{"line":1315,"column":8},"end":{"line":1315,"column":32}},"479":{"start":{"line":1318,"column":8},"end":{"line":1318,"column":47}},"480":{"start":{"line":1321,"column":24},"end":{"line":1321,"column":144}},"481":{"start":{"line":1322,"column":8},"end":{"line":1327,"column":9}},"482":{"start":{"line":1323,"column":10},"end":{"line":1323,"column":41}},"483":{"start":{"line":1325,"column":10},"end":{"line":1325,"column":40}},"484":{"start":{"line":1326,"column":10},"end":{"line":1326,"column":76}},"485":{"start":{"line":1330,"column":6},"end":{"line":1333,"column":9}},"486":{"start":{"line":1335,"column":6},"end":{"line":1335,"column":73}},"487":{"start":{"line":1337,"column":6},"end":{"line":1337,"column":82}},"488":{"start":{"line":1353,"column":4},"end":{"line":1361,"column":5}},"489":{"start":{"line":1354,"column":6},"end":{"line":1354,"column":31}},"490":{"start":{"line":1355,"column":19},"end":{"line":1355,"column":41}},"491":{"start":{"line":1356,"column":6},"end":{"line":1356,"column":71}},"492":{"start":{"line":1356,"column":47},"end":{"line":1356,"column":63}},"493":{"start":{"line":1358,"column":6},"end":{"line":1358,"column":34}},"494":{"start":{"line":1359,"column":19},"end":{"line":1359,"column":41}},"495":{"start":{"line":1360,"column":6},"end":{"line":1360,"column":51}},"496":{"start":{"line":1363,"column":4},"end":{"line":1363,"column":119}},"497":{"start":{"line":1365,"column":4},"end":{"line":1406,"column":5}},"498":{"start":{"line":1366,"column":6},"end":{"line":1366,"column":66}},"499":{"start":{"line":1367,"column":6},"end":{"line":1369,"column":7}},"500":{"start":{"line":1368,"column":8},"end":{"line":1368,"column":94}},"501":{"start":{"line":1371,"column":19},"end":{"line":1371,"column":41}},"502":{"start":{"line":1372,"column":25},"end":{"line":1372,"column":31}},"503":{"start":{"line":1373,"column":6},"end":{"line":1373,"column":88}},"504":{"start":{"line":1375,"column":6},"end":{"line":1394,"column":7}},"505":{"start":{"line":1376,"column":22},"end":{"line":1376,"column":46}},"506":{"start":{"line":1377,"column":27},"end":{"line":1377,"column":40}},"507":{"start":{"line":1378,"column":8},"end":{"line":1378,"column":32}},"508":{"start":{"line":1380,"column":8},"end":{"line":1380,"column":107}},"509":{"start":{"line":1381,"column":8},"end":{"line":1387,"column":11}},"510":{"start":{"line":1389,"column":8},"end":{"line":1389,"column":113}},"511":{"start":{"line":1392,"column":25},"end":{"line":1392,"column":68}},"512":{"start":{"line":1393,"column":8},"end":{"line":1393,"column":93}},"513":{"start":{"line":1397,"column":6},"end":{"line":1397,"column":98}},"514":{"start":{"line":1399,"column":6},"end":{"line":1405,"column":8}},"515":{"start":{"line":1417,"column":22},"end":{"line":1417,"column":39}},"516":{"start":{"line":1418,"column":4},"end":{"line":1418,"column":59}},"517":{"start":{"line":1420,"column":4},"end":{"line":1513,"column":5}},"518":{"start":{"line":1421,"column":6},"end":{"line":1421,"column":58}},"519":{"start":{"line":1423,"column":19},"end":{"line":1423,"column":41}},"520":{"start":{"line":1424,"column":25},"end":{"line":1424,"column":31}},"521":{"start":{"line":1425,"column":6},"end":{"line":1425,"column":80}},"522":{"start":{"line":1427,"column":6},"end":{"line":1435,"column":7}},"523":{"start":{"line":1428,"column":8},"end":{"line":1434,"column":10}},"524":{"start":{"line":1438,"column":26},"end":{"line":1438,"column":50}},"525":{"start":{"line":1439,"column":6},"end":{"line":1442,"column":9}},"526":{"start":{"line":1444,"column":6},"end":{"line":1458,"column":7}},"527":{"start":{"line":1445,"column":8},"end":{"line":1449,"column":11}},"528":{"start":{"line":1451,"column":8},"end":{"line":1457,"column":10}},"529":{"start":{"line":1461,"column":6},"end":{"line":1475,"column":7}},"530":{"start":{"line":1462,"column":23},"end":{"line":1462,"column":52}},"531":{"start":{"line":1463,"column":8},"end":{"line":1474,"column":9}},"532":{"start":{"line":1464,"column":40},"end":{"line":1464,"column":62}},"533":{"start":{"line":1465,"column":10},"end":{"line":1465,"column":72}},"534":{"start":{"line":1465,"column":57},"end":{"line":1465,"column":70}},"535":{"start":{"line":1467,"column":10},"end":{"line":1467,"column":105}},"536":{"start":{"line":1468,"column":10},"end":{"line":1473,"column":13}},"537":{"start":{"line":1478,"column":21},"end":{"line":1478,"column":52}},"538":{"start":{"line":1479,"column":32},"end":{"line":1479,"column":40}},"539":{"start":{"line":1480,"column":6},"end":{"line":1480,"column":82}},"540":{"start":{"line":1482,"column":6},"end":{"line":1485,"column":7}},"541":{"start":{"line":1483,"column":8},"end":{"line":1483,"column":24}},"542":{"start":{"line":1484,"column":8},"end":{"line":1484,"column":87}},"543":{"start":{"line":1487,"column":6},"end":{"line":1487,"column":32}},"544":{"start":{"line":1488,"column":6},"end":{"line":1488,"column":85}},"545":{"start":{"line":1490,"column":6},"end":{"line":1490,"column":31}},"546":{"start":{"line":1493,"column":6},"end":{"line":1493,"column":69}},"547":{"start":{"line":1495,"column":28},"end":{"line":1495,"column":57}},"548":{"start":{"line":1496,"column":6},"end":{"line":1496,"column":79}},"549":{"start":{"line":1497,"column":6},"end":{"line":1497,"column":108}},"550":{"start":{"line":1500,"column":6},"end":{"line":1500,"column":69}},"551":{"start":{"line":1502,"column":6},"end":{"line":1504,"column":7}},"552":{"start":{"line":1503,"column":8},"end":{"line":1503,"column":20}},"553":{"start":{"line":1506,"column":6},"end":{"line":1512,"column":8}},"554":{"start":{"line":1523,"column":22},"end":{"line":1523,"column":39}},"555":{"start":{"line":1524,"column":4},"end":{"line":1524,"column":70}},"556":{"start":{"line":1526,"column":4},"end":{"line":1554,"column":5}},"557":{"start":{"line":1527,"column":6},"end":{"line":1527,"column":61}},"558":{"start":{"line":1529,"column":21},"end":{"line":1529,"column":53}},"559":{"start":{"line":1530,"column":32},"end":{"line":1530,"column":40}},"560":{"start":{"line":1531,"column":6},"end":{"line":1531,"column":84}},"561":{"start":{"line":1533,"column":6},"end":{"line":1536,"column":7}},"562":{"start":{"line":1534,"column":8},"end":{"line":1534,"column":24}},"563":{"start":{"line":1535,"column":8},"end":{"line":1535,"column":93}},"564":{"start":{"line":1538,"column":6},"end":{"line":1538,"column":28}},"565":{"start":{"line":1539,"column":6},"end":{"line":1539,"column":31}},"566":{"start":{"line":1541,"column":28},"end":{"line":1541,"column":57}},"567":{"start":{"line":1542,"column":6},"end":{"line":1542,"column":81}},"568":{"start":{"line":1543,"column":6},"end":{"line":1543,"column":86}},"569":{"start":{"line":1546,"column":6},"end":{"line":1546,"column":80}},"570":{"start":{"line":1548,"column":6},"end":{"line":1553,"column":8}},"571":{"start":{"line":1563,"column":22},"end":{"line":1563,"column":39}},"572":{"start":{"line":1564,"column":4},"end":{"line":1564,"column":80}},"573":{"start":{"line":1566,"column":4},"end":{"line":1610,"column":5}},"574":{"start":{"line":1568,"column":24},"end":{"line":1568,"column":80}},"575":{"start":{"line":1568,"column":68},"end":{"line":1568,"column":79}},"576":{"start":{"line":1569,"column":6},"end":{"line":1569,"column":90}},"577":{"start":{"line":1571,"column":23},"end":{"line":1571,"column":26}},"578":{"start":{"line":1572,"column":26},"end":{"line":1572,"column":27}},"579":{"start":{"line":1574,"column":6},"end":{"line":1574,"column":83}},"580":{"start":{"line":1576,"column":6},"end":{"line":1588,"column":7}},"581":{"start":{"line":1577,"column":8},"end":{"line":1580,"column":11}},"582":{"start":{"line":1582,"column":29},"end":{"line":1582,"column":61}},"583":{"start":{"line":1583,"column":8},"end":{"line":1583,"column":69}},"584":{"start":{"line":1584,"column":8},"end":{"line":1584,"column":41}},"585":{"start":{"line":1585,"column":8},"end":{"line":1585,"column":24}},"586":{"start":{"line":1587,"column":8},"end":{"line":1587,"column":82}},"587":{"start":{"line":1590,"column":6},"end":{"line":1590,"column":31}},"588":{"start":{"line":1592,"column":28},"end":{"line":1592,"column":57}},"589":{"start":{"line":1593,"column":6},"end":{"line":1593,"column":77}},"590":{"start":{"line":1594,"column":6},"end":{"line":1598,"column":24}},"591":{"start":{"line":1601,"column":6},"end":{"line":1601,"column":57}},"592":{"start":{"line":1603,"column":6},"end":{"line":1609,"column":8}},"593":{"start":{"line":1621,"column":4},"end":{"line":1621,"column":79}},"594":{"start":{"line":1623,"column":4},"end":{"line":1670,"column":5}},"595":{"start":{"line":1624,"column":24},"end":{"line":1624,"column":39}},"596":{"start":{"line":1625,"column":32},"end":{"line":1625,"column":35}},"597":{"start":{"line":1627,"column":26},"end":{"line":1627,"column":50}},"598":{"start":{"line":1628,"column":6},"end":{"line":1631,"column":9}},"599":{"start":{"line":1633,"column":6},"end":{"line":1636,"column":7}},"600":{"start":{"line":1634,"column":8},"end":{"line":1634,"column":100}},"601":{"start":{"line":1635,"column":8},"end":{"line":1635,"column":25}},"602":{"start":{"line":1638,"column":31},"end":{"line":1638,"column":32}},"603":{"start":{"line":1640,"column":6},"end":{"line":1640,"column":96}},"604":{"start":{"line":1642,"column":6},"end":{"line":1650,"column":7}},"605":{"start":{"line":1643,"column":22},"end":{"line":1643,"column":45}},"606":{"start":{"line":1644,"column":8},"end":{"line":1649,"column":9}},"607":{"start":{"line":1645,"column":29},"end":{"line":1645,"column":62}},"608":{"start":{"line":1646,"column":10},"end":{"line":1646,"column":43}},"609":{"start":{"line":1648,"column":10},"end":{"line":1648,"column":111}},"610":{"start":{"line":1652,"column":27},"end":{"line":1652,"column":73}},"611":{"start":{"line":1653,"column":25},"end":{"line":1653,"column":79}},"612":{"start":{"line":1655,"column":6},"end":{"line":1655,"column":91}},"613":{"start":{"line":1656,"column":6},"end":{"line":1656,"column":99}},"614":{"start":{"line":1658,"column":6},"end":{"line":1658,"column":24}},"615":{"start":{"line":1661,"column":6},"end":{"line":1661,"column":89}},"616":{"start":{"line":1663,"column":6},"end":{"line":1669,"column":8}},"617":{"start":{"line":1682,"column":4},"end":{"line":1682,"column":83}},"618":{"start":{"line":1684,"column":4},"end":{"line":1756,"column":5}},"619":{"start":{"line":1685,"column":30},"end":{"line":1685,"column":33}},"620":{"start":{"line":1686,"column":32},"end":{"line":1686,"column":35}},"621":{"start":{"line":1689,"column":6},"end":{"line":1689,"column":65}},"622":{"start":{"line":1691,"column":26},"end":{"line":1691,"column":50}},"623":{"start":{"line":1692,"column":6},"end":{"line":1695,"column":9}},"624":{"start":{"line":1697,"column":6},"end":{"line":1700,"column":7}},"625":{"start":{"line":1698,"column":8},"end":{"line":1698,"column":92}},"626":{"start":{"line":1699,"column":8},"end":{"line":1699,"column":15}},"627":{"start":{"line":1703,"column":36},"end":{"line":1703,"column":38}},"628":{"start":{"line":1704,"column":6},"end":{"line":1709,"column":7}},"629":{"start":{"line":1705,"column":22},"end":{"line":1705,"column":45}},"630":{"start":{"line":1706,"column":8},"end":{"line":1708,"column":9}},"631":{"start":{"line":1707,"column":10},"end":{"line":1707,"column":62}},"632":{"start":{"line":1711,"column":30},"end":{"line":1711,"column":80}},"633":{"start":{"line":1711,"column":65},"end":{"line":1711,"column":76}},"634":{"start":{"line":1712,"column":27},"end":{"line":1712,"column":73}},"635":{"start":{"line":1713,"column":25},"end":{"line":1713,"column":55}},"636":{"start":{"line":1715,"column":6},"end":{"line":1715,"column":83}},"637":{"start":{"line":1717,"column":21},"end":{"line":1717,"column":45}},"638":{"start":{"line":1719,"column":6},"end":{"line":1719,"column":84}},"639":{"start":{"line":1721,"column":6},"end":{"line":1739,"column":7}},"640":{"start":{"line":1722,"column":22},"end":{"line":1722,"column":45}},"641":{"start":{"line":1723,"column":8},"end":{"line":1738,"column":9}},"642":{"start":{"line":1724,"column":29},"end":{"line":1724,"column":66}},"643":{"start":{"line":1725,"column":31},"end":{"line":1725,"column":56}},"644":{"start":{"line":1727,"column":10},"end":{"line":1732,"column":13}},"645":{"start":{"line":1734,"column":10},"end":{"line":1734,"column":71}},"646":{"start":{"line":1735,"column":10},"end":{"line":1735,"column":53}},"647":{"start":{"line":1737,"column":10},"end":{"line":1737,"column":83}},"648":{"start":{"line":1741,"column":6},"end":{"line":1744,"column":9}},"649":{"start":{"line":1747,"column":6},"end":{"line":1747,"column":93}},"650":{"start":{"line":1749,"column":6},"end":{"line":1755,"column":8}},"651":{"start":{"line":1765,"column":22},"end":{"line":1765,"column":39}},"652":{"start":{"line":1766,"column":4},"end":{"line":1766,"column":87}},"653":{"start":{"line":1768,"column":4},"end":{"line":1813,"column":5}},"654":{"start":{"line":1769,"column":6},"end":{"line":1769,"column":40}},"655":{"start":{"line":1770,"column":6},"end":{"line":1770,"column":79}},"656":{"start":{"line":1772,"column":31},"end":{"line":1772,"column":32}},"657":{"start":{"line":1774,"column":6},"end":{"line":1774,"column":84}},"658":{"start":{"line":1776,"column":6},"end":{"line":1795,"column":7}},"659":{"start":{"line":1777,"column":26},"end":{"line":1777,"column":41}},"660":{"start":{"line":1778,"column":8},"end":{"line":1778,"column":87}},"661":{"start":{"line":1780,"column":8},"end":{"line":1794,"column":9}},"662":{"start":{"line":1781,"column":25},"end":{"line":1781,"column":55}},"663":{"start":{"line":1782,"column":31},"end":{"line":1782,"column":39}},"664":{"start":{"line":1783,"column":10},"end":{"line":1786,"column":13}},"665":{"start":{"line":1788,"column":10},"end":{"line":1793,"column":11}},"666":{"start":{"line":1789,"column":12},"end":{"line":1789,"column":46}},"667":{"start":{"line":1790,"column":12},"end":{"line":1790,"column":33}},"668":{"start":{"line":1792,"column":12},"end":{"line":1792,"column":109}},"669":{"start":{"line":1797,"column":28},"end":{"line":1797,"column":57}},"670":{"start":{"line":1798,"column":6},"end":{"line":1798,"column":91}},"671":{"start":{"line":1799,"column":6},"end":{"line":1802,"column":24}},"672":{"start":{"line":1805,"column":6},"end":{"line":1805,"column":64}},"673":{"start":{"line":1807,"column":6},"end":{"line":1812,"column":8}},"674":{"start":{"line":1825,"column":4},"end":{"line":1828,"column":7}},"675":{"start":{"line":1830,"column":4},"end":{"line":1895,"column":5}},"676":{"start":{"line":1831,"column":6},"end":{"line":1831,"column":65}},"677":{"start":{"line":1832,"column":6},"end":{"line":1832,"column":64}},"678":{"start":{"line":1834,"column":19},"end":{"line":1834,"column":81}},"679":{"start":{"line":1837,"column":23},"end":{"line":1837,"column":57}},"680":{"start":{"line":1838,"column":22},"end":{"line":1838,"column":55}},"681":{"start":{"line":1840,"column":24},"end":{"line":1840,"column":39}},"682":{"start":{"line":1841,"column":25},"end":{"line":1841,"column":41}},"683":{"start":{"line":1842,"column":23},"end":{"line":1842,"column":38}},"684":{"start":{"line":1844,"column":6},"end":{"line":1847,"column":7}},"685":{"start":{"line":1845,"column":8},"end":{"line":1845,"column":62}},"686":{"start":{"line":1846,"column":8},"end":{"line":1846,"column":65}},"687":{"start":{"line":1849,"column":6},"end":{"line":1851,"column":7}},"688":{"start":{"line":1850,"column":8},"end":{"line":1850,"column":60}},"689":{"start":{"line":1853,"column":28},"end":{"line":1853,"column":63}},"690":{"start":{"line":1854,"column":28},"end":{"line":1854,"column":65}},"691":{"start":{"line":1855,"column":27},"end":{"line":1855,"column":60}},"692":{"start":{"line":1856,"column":27},"end":{"line":1856,"column":48}},"693":{"start":{"line":1858,"column":6},"end":{"line":1858,"column":90}},"694":{"start":{"line":1859,"column":6},"end":{"line":1859,"column":90}},"695":{"start":{"line":1860,"column":6},"end":{"line":1860,"column":88}},"696":{"start":{"line":1861,"column":6},"end":{"line":1861,"column":88}},"697":{"start":{"line":1864,"column":19},"end":{"line":1864,"column":53}},"698":{"start":{"line":1865,"column":23},"end":{"line":1865,"column":143}},"699":{"start":{"line":1867,"column":6},"end":{"line":1867,"column":39}},"700":{"start":{"line":1868,"column":6},"end":{"line":1868,"column":52}},"701":{"start":{"line":1870,"column":6},"end":{"line":1870,"column":43}},"702":{"start":{"line":1872,"column":6},"end":{"line":1876,"column":9}},"703":{"start":{"line":1878,"column":6},"end":{"line":1881,"column":9}},"704":{"start":{"line":1884,"column":6},"end":{"line":1887,"column":9}},"705":{"start":{"line":1889,"column":6},"end":{"line":1894,"column":8}},"706":{"start":{"line":1904,"column":22},"end":{"line":1904,"column":39}},"707":{"start":{"line":1905,"column":4},"end":{"line":1905,"column":48}},"708":{"start":{"line":1907,"column":4},"end":{"line":1937,"column":5}},"709":{"start":{"line":1908,"column":21},"end":{"line":1911,"column":8}},"710":{"start":{"line":1913,"column":6},"end":{"line":1916,"column":9}},"711":{"start":{"line":1918,"column":6},"end":{"line":1918,"column":24}},"712":{"start":{"line":1921,"column":6},"end":{"line":1921,"column":40}},"713":{"start":{"line":1923,"column":28},"end":{"line":1923,"column":57}},"714":{"start":{"line":1924,"column":6},"end":{"line":1924,"column":80}},"715":{"start":{"line":1925,"column":6},"end":{"line":1925,"column":76}},"716":{"start":{"line":1928,"column":6},"end":{"line":1928,"column":58}},"717":{"start":{"line":1930,"column":6},"end":{"line":1936,"column":8}},"718":{"start":{"line":1944,"column":22},"end":{"line":1944,"column":39}},"719":{"start":{"line":1945,"column":4},"end":{"line":1945,"column":73}},"720":{"start":{"line":1947,"column":4},"end":{"line":1982,"column":5}},"721":{"start":{"line":1948,"column":23},"end":{"line":1948,"column":26}},"722":{"start":{"line":1949,"column":23},"end":{"line":1949,"column":57}},"723":{"start":{"line":1951,"column":6},"end":{"line":1967,"column":7}},"724":{"start":{"line":1953,"column":21},"end":{"line":1953,"column":56}},"725":{"start":{"line":1954,"column":24},"end":{"line":1954,"column":38}},"726":{"start":{"line":1955,"column":24},"end":{"line":1955,"column":39}},"727":{"start":{"line":1957,"column":27},"end":{"line":1957,"column":61}},"728":{"start":{"line":1958,"column":27},"end":{"line":1958,"column":61}},"729":{"start":{"line":1960,"column":8},"end":{"line":1960,"column":30}},"730":{"start":{"line":1962,"column":8},"end":{"line":1962,"column":54}},"731":{"start":{"line":1963,"column":8},"end":{"line":1963,"column":54}},"732":{"start":{"line":1965,"column":8},"end":{"line":1965,"column":73}},"733":{"start":{"line":1966,"column":8},"end":{"line":1966,"column":37}},"734":{"start":{"line":1969,"column":28},"end":{"line":1969,"column":57}},"735":{"start":{"line":1970,"column":6},"end":{"line":1970,"column":69}},"736":{"start":{"line":1971,"column":6},"end":{"line":1971,"column":85}},"737":{"start":{"line":1974,"column":6},"end":{"line":1974,"column":53}},"738":{"start":{"line":1975,"column":6},"end":{"line":1981,"column":8}},"739":{"start":{"line":1989,"column":22},"end":{"line":1989,"column":39}},"740":{"start":{"line":1990,"column":4},"end":{"line":1990,"column":74}},"741":{"start":{"line":1992,"column":4},"end":{"line":2027,"column":5}},"742":{"start":{"line":1993,"column":23},"end":{"line":1993,"column":26}},"743":{"start":{"line":1994,"column":23},"end":{"line":1994,"column":59}},"744":{"start":{"line":1996,"column":6},"end":{"line":2012,"column":7}},"745":{"start":{"line":1998,"column":21},"end":{"line":1998,"column":56}},"746":{"start":{"line":1999,"column":24},"end":{"line":1999,"column":38}},"747":{"start":{"line":2000,"column":24},"end":{"line":2000,"column":39}},"748":{"start":{"line":2002,"column":27},"end":{"line":2002,"column":61}},"749":{"start":{"line":2003,"column":27},"end":{"line":2003,"column":61}},"750":{"start":{"line":2005,"column":8},"end":{"line":2005,"column":30}},"751":{"start":{"line":2007,"column":8},"end":{"line":2007,"column":54}},"752":{"start":{"line":2008,"column":8},"end":{"line":2008,"column":54}},"753":{"start":{"line":2010,"column":8},"end":{"line":2010,"column":74}},"754":{"start":{"line":2011,"column":8},"end":{"line":2011,"column":37}},"755":{"start":{"line":2014,"column":28},"end":{"line":2014,"column":57}},"756":{"start":{"line":2015,"column":6},"end":{"line":2015,"column":71}},"757":{"start":{"line":2016,"column":6},"end":{"line":2016,"column":86}},"758":{"start":{"line":2019,"column":6},"end":{"line":2019,"column":54}},"759":{"start":{"line":2020,"column":6},"end":{"line":2026,"column":8}},"760":{"start":{"line":2036,"column":22},"end":{"line":2036,"column":39}},"761":{"start":{"line":2037,"column":4},"end":{"line":2037,"column":85}},"762":{"start":{"line":2039,"column":4},"end":{"line":2067,"column":5}},"763":{"start":{"line":2040,"column":23},"end":{"line":2040,"column":60}},"764":{"start":{"line":2042,"column":27},"end":{"line":2042,"column":50}},"765":{"start":{"line":2043,"column":6},"end":{"line":2046,"column":9}},"766":{"start":{"line":2048,"column":6},"end":{"line":2052,"column":7}},"767":{"start":{"line":2049,"column":8},"end":{"line":2049,"column":30}},"768":{"start":{"line":2050,"column":8},"end":{"line":2050,"column":74}},"769":{"start":{"line":2051,"column":8},"end":{"line":2051,"column":37}},"770":{"start":{"line":2054,"column":28},"end":{"line":2054,"column":57}},"771":{"start":{"line":2055,"column":6},"end":{"line":2055,"column":71}},"772":{"start":{"line":2056,"column":6},"end":{"line":2056,"column":86}},"773":{"start":{"line":2059,"column":6},"end":{"line":2059,"column":54}},"774":{"start":{"line":2060,"column":6},"end":{"line":2066,"column":8}},"775":{"start":{"line":2076,"column":4},"end":{"line":2076,"column":22}},"776":{"start":{"line":2083,"column":22},"end":{"line":2083,"column":39}},"777":{"start":{"line":2084,"column":4},"end":{"line":2084,"column":96}},"778":{"start":{"line":2086,"column":4},"end":{"line":2130,"column":5}},"779":{"start":{"line":2087,"column":24},"end":{"line":2087,"column":68}},"780":{"start":{"line":2088,"column":6},"end":{"line":2091,"column":7}},"781":{"start":{"line":2089,"column":8},"end":{"line":2089,"column":94}},"782":{"start":{"line":2090,"column":8},"end":{"line":2090,"column":15}},"783":{"start":{"line":2093,"column":27},"end":{"line":2093,"column":28}},"784":{"start":{"line":2094,"column":23},"end":{"line":2094,"column":24}},"785":{"start":{"line":2096,"column":6},"end":{"line":2096,"column":91}},"786":{"start":{"line":2098,"column":6},"end":{"line":2107,"column":7}},"787":{"start":{"line":2099,"column":23},"end":{"line":2099,"column":54}},"788":{"start":{"line":2100,"column":8},"end":{"line":2106,"column":9}},"789":{"start":{"line":2101,"column":10},"end":{"line":2101,"column":23}},"790":{"start":{"line":2102,"column":30},"end":{"line":2102,"column":78}},"791":{"start":{"line":2103,"column":10},"end":{"line":2105,"column":11}},"792":{"start":{"line":2104,"column":12},"end":{"line":2104,"column":29}},"793":{"start":{"line":2109,"column":27},"end":{"line":2109,"column":74}},"794":{"start":{"line":2110,"column":25},"end":{"line":2110,"column":69}},"795":{"start":{"line":2112,"column":6},"end":{"line":2116,"column":9}},"796":{"start":{"line":2118,"column":6},"end":{"line":2118,"column":41}},"797":{"start":{"line":2120,"column":28},"end":{"line":2120,"column":57}},"798":{"start":{"line":2121,"column":6},"end":{"line":2121,"column":95}},"799":{"start":{"line":2122,"column":6},"end":{"line":2126,"column":24}},"800":{"start":{"line":2129,"column":6},"end":{"line":2129,"column":73}},"801":{"start":{"line":2137,"column":22},"end":{"line":2137,"column":39}},"802":{"start":{"line":2138,"column":4},"end":{"line":2138,"column":86}},"803":{"start":{"line":2140,"column":4},"end":{"line":2186,"column":5}},"804":{"start":{"line":2141,"column":27},"end":{"line":2141,"column":28}},"805":{"start":{"line":2143,"column":6},"end":{"line":2143,"column":83}},"806":{"start":{"line":2145,"column":6},"end":{"line":2166,"column":7}},"807":{"start":{"line":2146,"column":23},"end":{"line":2146,"column":54}},"808":{"start":{"line":2147,"column":37},"end":{"line":2147,"column":86}},"809":{"start":{"line":2149,"column":8},"end":{"line":2151,"column":11}},"810":{"start":{"line":2153,"column":8},"end":{"line":2165,"column":9}},"811":{"start":{"line":2154,"column":27},"end":{"line":2154,"column":78}},"812":{"start":{"line":2155,"column":25},"end":{"line":2155,"column":78}},"813":{"start":{"line":2157,"column":10},"end":{"line":2164,"column":11}},"814":{"start":{"line":2158,"column":12},"end":{"line":2158,"column":44}},"815":{"start":{"line":2159,"column":12},"end":{"line":2159,"column":37}},"816":{"start":{"line":2160,"column":12},"end":{"line":2160,"column":58}},"817":{"start":{"line":2161,"column":12},"end":{"line":2161,"column":29}},"818":{"start":{"line":2163,"column":12},"end":{"line":2163,"column":82}},"819":{"start":{"line":2168,"column":6},"end":{"line":2168,"column":31}},"820":{"start":{"line":2170,"column":28},"end":{"line":2170,"column":57}},"821":{"start":{"line":2171,"column":6},"end":{"line":2171,"column":84}},"822":{"start":{"line":2172,"column":6},"end":{"line":2175,"column":24}},"823":{"start":{"line":2178,"column":6},"end":{"line":2178,"column":63}},"824":{"start":{"line":2179,"column":6},"end":{"line":2185,"column":8}},"825":{"start":{"line":2193,"column":22},"end":{"line":2193,"column":39}},"826":{"start":{"line":2194,"column":4},"end":{"line":2194,"column":84}},"827":{"start":{"line":2196,"column":4},"end":{"line":2242,"column":5}},"828":{"start":{"line":2197,"column":26},"end":{"line":2197,"column":27}},"829":{"start":{"line":2199,"column":6},"end":{"line":2199,"column":81}},"830":{"start":{"line":2201,"column":6},"end":{"line":2222,"column":7}},"831":{"start":{"line":2202,"column":23},"end":{"line":2202,"column":54}},"832":{"start":{"line":2203,"column":37},"end":{"line":2203,"column":86}},"833":{"start":{"line":2205,"column":8},"end":{"line":2207,"column":11}},"834":{"start":{"line":2209,"column":8},"end":{"line":2221,"column":9}},"835":{"start":{"line":2210,"column":27},"end":{"line":2210,"column":78}},"836":{"start":{"line":2211,"column":25},"end":{"line":2211,"column":78}},"837":{"start":{"line":2213,"column":10},"end":{"line":2220,"column":11}},"838":{"start":{"line":2214,"column":12},"end":{"line":2214,"column":45}},"839":{"start":{"line":2215,"column":12},"end":{"line":2215,"column":37}},"840":{"start":{"line":2216,"column":12},"end":{"line":2216,"column":59}},"841":{"start":{"line":2217,"column":12},"end":{"line":2217,"column":28}},"842":{"start":{"line":2219,"column":12},"end":{"line":2219,"column":79}},"843":{"start":{"line":2224,"column":6},"end":{"line":2224,"column":31}},"844":{"start":{"line":2226,"column":28},"end":{"line":2226,"column":57}},"845":{"start":{"line":2227,"column":6},"end":{"line":2227,"column":80}},"846":{"start":{"line":2228,"column":6},"end":{"line":2231,"column":24}},"847":{"start":{"line":2234,"column":6},"end":{"line":2234,"column":61}},"848":{"start":{"line":2235,"column":6},"end":{"line":2241,"column":8}},"849":{"start":{"line":2249,"column":22},"end":{"line":2249,"column":39}},"850":{"start":{"line":2250,"column":4},"end":{"line":2254,"column":7}},"851":{"start":{"line":2256,"column":4},"end":{"line":2292,"column":5}},"852":{"start":{"line":2257,"column":6},"end":{"line":2257,"column":20}},"853":{"start":{"line":2258,"column":6},"end":{"line":2258,"column":20}},"854":{"start":{"line":2259,"column":6},"end":{"line":2259,"column":21}},"855":{"start":{"line":2261,"column":6},"end":{"line":2261,"column":72}},"856":{"start":{"line":2262,"column":6},"end":{"line":2262,"column":72}},"857":{"start":{"line":2263,"column":6},"end":{"line":2263,"column":74}},"858":{"start":{"line":2265,"column":6},"end":{"line":2265,"column":35}},"859":{"start":{"line":2268,"column":25},"end":{"line":2268,"column":82}},"860":{"start":{"line":2269,"column":24},"end":{"line":2269,"column":60}},"861":{"start":{"line":2270,"column":6},"end":{"line":2274,"column":7}},"862":{"start":{"line":2271,"column":8},"end":{"line":2271,"column":33}},"863":{"start":{"line":2272,"column":8},"end":{"line":2272,"column":39}},"864":{"start":{"line":2273,"column":8},"end":{"line":2273,"column":70}},"865":{"start":{"line":2276,"column":6},"end":{"line":2276,"column":66}},"866":{"start":{"line":2278,"column":28},"end":{"line":2278,"column":57}},"867":{"start":{"line":2279,"column":6},"end":{"line":2279,"column":75}},"868":{"start":{"line":2280,"column":6},"end":{"line":2280,"column":73}},"869":{"start":{"line":2283,"column":6},"end":{"line":2283,"column":56}},"870":{"start":{"line":2285,"column":6},"end":{"line":2291,"column":8}},"871":{"start":{"line":2303,"column":19},"end":{"line":2303,"column":50}},"872":{"start":{"line":2304,"column":4},"end":{"line":2311,"column":5}},"873":{"start":{"line":2306,"column":26},"end":{"line":2306,"column":74}},"874":{"start":{"line":2307,"column":6},"end":{"line":2309,"column":7}},"875":{"start":{"line":2308,"column":8},"end":{"line":2308,"column":18}},"876":{"start":{"line":2310,"column":6},"end":{"line":2310,"column":33}},"877":{"start":{"line":2312,"column":4},"end":{"line":2312,"column":28}},"878":{"start":{"line":2326,"column":4},"end":{"line":2326,"column":60}},"879":{"start":{"line":2328,"column":4},"end":{"line":2384,"column":5}},"880":{"start":{"line":2330,"column":27},"end":{"line":2330,"column":103}},"881":{"start":{"line":2332,"column":6},"end":{"line":2341,"column":7}},"882":{"start":{"line":2333,"column":21},"end":{"line":2333,"column":50}},"883":{"start":{"line":2334,"column":8},"end":{"line":2340,"column":9}},"884":{"start":{"line":2335,"column":24},"end":{"line":2335,"column":34}},"885":{"start":{"line":2336,"column":10},"end":{"line":2338,"column":11}},"886":{"start":{"line":2337,"column":12},"end":{"line":2337,"column":40}},"887":{"start":{"line":2339,"column":10},"end":{"line":2339,"column":48}},"888":{"start":{"line":2344,"column":21},"end":{"line":2344,"column":22}},"889":{"start":{"line":2345,"column":30},"end":{"line":2345,"column":55}},"890":{"start":{"line":2348,"column":27},"end":{"line":2348,"column":80}},"891":{"start":{"line":2348,"column":74},"end":{"line":2348,"column":79}},"892":{"start":{"line":2350,"column":6},"end":{"line":2364,"column":7}},"893":{"start":{"line":2351,"column":8},"end":{"line":2351,"column":45}},"894":{"start":{"line":2354,"column":29},"end":{"line":2354,"column":58}},"895":{"start":{"line":2355,"column":24},"end":{"line":2355,"column":25}},"896":{"start":{"line":2357,"column":8},"end":{"line":2360,"column":9}},"897":{"start":{"line":2358,"column":25},"end":{"line":2358,"column":79}},"898":{"start":{"line":2359,"column":10},"end":{"line":2359,"column":50}},"899":{"start":{"line":2363,"column":8},"end":{"line":2363,"column":36}},"900":{"start":{"line":2367,"column":6},"end":{"line":2373,"column":7}},"901":{"start":{"line":2368,"column":21},"end":{"line":2368,"column":50}},"902":{"start":{"line":2369,"column":8},"end":{"line":2372,"column":9}},"903":{"start":{"line":2370,"column":23},"end":{"line":2370,"column":75}},"904":{"start":{"line":2371,"column":10},"end":{"line":2371,"column":35}},"905":{"start":{"line":2375,"column":6},"end":{"line":2378,"column":9}},"906":{"start":{"line":2380,"column":6},"end":{"line":2380,"column":61}},"907":{"start":{"line":2383,"column":6},"end":{"line":2383,"column":70}},"908":{"start":{"line":2394,"column":22},"end":{"line":2394,"column":39}},"909":{"start":{"line":2395,"column":4},"end":{"line":2395,"column":80}},"910":{"start":{"line":2397,"column":4},"end":{"line":2489,"column":5}},"911":{"start":{"line":2399,"column":20},"end":{"line":2399,"column":51}},"912":{"start":{"line":2401,"column":6},"end":{"line":2403,"column":9}},"913":{"start":{"line":2406,"column":26},"end":{"line":2406,"column":51}},"914":{"start":{"line":2407,"column":6},"end":{"line":2410,"column":7}},"915":{"start":{"line":2408,"column":23},"end":{"line":2408,"column":50}},"916":{"start":{"line":2409,"column":8},"end":{"line":2409,"column":41}},"917":{"start":{"line":2413,"column":24},"end":{"line":2413,"column":122}},"918":{"start":{"line":2413,"column":76},"end":{"line":2413,"column":83}},"919":{"start":{"line":2416,"column":21},"end":{"line":2421,"column":8}},"920":{"start":{"line":2424,"column":28},"end":{"line":2424,"column":67}},"921":{"start":{"line":2427,"column":29},"end":{"line":2430,"column":9}},"922":{"start":{"line":2427,"column":79},"end":{"line":2430,"column":8}},"923":{"start":{"line":2433,"column":6},"end":{"line":2433,"column":64}},"924":{"start":{"line":2436,"column":6},"end":{"line":2447,"column":7}},"925":{"start":{"line":2437,"column":21},"end":{"line":2437,"column":50}},"926":{"start":{"line":2438,"column":8},"end":{"line":2446,"column":9}},"927":{"start":{"line":2439,"column":10},"end":{"line":2439,"column":49}},"928":{"start":{"line":2440,"column":10},"end":{"line":2440,"column":78}},"929":{"start":{"line":2442,"column":10},"end":{"line":2445,"column":13}},"930":{"start":{"line":2450,"column":6},"end":{"line":2452,"column":13}},"931":{"start":{"line":2451,"column":8},"end":{"line":2451,"column":33}},"932":{"start":{"line":2455,"column":32},"end":{"line":2455,"column":35}},"933":{"start":{"line":2456,"column":29},"end":{"line":2456,"column":31}},"934":{"start":{"line":2457,"column":20},"end":{"line":2457,"column":21}},"935":{"start":{"line":2459,"column":39},"end":{"line":2466,"column":24}},"936":{"start":{"line":2460,"column":8},"end":{"line":2460,"column":34}},"937":{"start":{"line":2461,"column":8},"end":{"line":2461,"column":33}},"938":{"start":{"line":2463,"column":8},"end":{"line":2465,"column":9}},"939":{"start":{"line":2464,"column":10},"end":{"line":2464,"column":50}},"940":{"start":{"line":2469,"column":6},"end":{"line":2469,"column":31}},"941":{"start":{"line":2471,"column":6},"end":{"line":2473,"column":9}},"942":{"start":{"line":2475,"column":28},"end":{"line":2475,"column":57}},"943":{"start":{"line":2476,"column":6},"end":{"line":2476,"column":84}},"944":{"start":{"line":2477,"column":6},"end":{"line":2477,"column":107}},"945":{"start":{"line":2480,"column":6},"end":{"line":2480,"column":57}},"946":{"start":{"line":2482,"column":6},"end":{"line":2488,"column":8}},"947":{"start":{"line":2500,"column":22},"end":{"line":2500,"column":39}},"948":{"start":{"line":2501,"column":4},"end":{"line":2501,"column":75}},"949":{"start":{"line":2503,"column":4},"end":{"line":2545,"column":5}},"950":{"start":{"line":2504,"column":24},"end":{"line":2504,"column":78}},"951":{"start":{"line":2506,"column":6},"end":{"line":2509,"column":7}},"952":{"start":{"line":2507,"column":8},"end":{"line":2507,"column":94}},"953":{"start":{"line":2508,"column":8},"end":{"line":2508,"column":15}},"954":{"start":{"line":2512,"column":6},"end":{"line":2524,"column":9}},"955":{"start":{"line":2513,"column":24},"end":{"line":2513,"column":46}},"956":{"start":{"line":2514,"column":8},"end":{"line":2523,"column":9}},"957":{"start":{"line":2515,"column":10},"end":{"line":2515,"column":30}},"958":{"start":{"line":2516,"column":10},"end":{"line":2520,"column":13}},"959":{"start":{"line":2522,"column":10},"end":{"line":2522,"column":38}},"960":{"start":{"line":2527,"column":6},"end":{"line":2532,"column":9}},"961":{"start":{"line":2528,"column":8},"end":{"line":2531,"column":9}},"962":{"start":{"line":2529,"column":10},"end":{"line":2529,"column":29}},"963":{"start":{"line":2530,"column":10},"end":{"line":2530,"column":27}},"964":{"start":{"line":2535,"column":6},"end":{"line":2537,"column":9}},"965":{"start":{"line":2536,"column":8},"end":{"line":2536,"column":28}},"966":{"start":{"line":2539,"column":28},"end":{"line":2539,"column":57}},"967":{"start":{"line":2540,"column":6},"end":{"line":2540,"column":78}},"968":{"start":{"line":2541,"column":6},"end":{"line":2541,"column":81}},"969":{"start":{"line":2544,"column":6},"end":{"line":2544,"column":85}},"970":{"start":{"line":2556,"column":22},"end":{"line":2556,"column":39}},"971":{"start":{"line":2557,"column":4},"end":{"line":2557,"column":75}},"972":{"start":{"line":2559,"column":4},"end":{"line":2618,"column":5}},"973":{"start":{"line":2560,"column":27},"end":{"line":2560,"column":85}},"974":{"start":{"line":2562,"column":6},"end":{"line":2565,"column":7}},"975":{"start":{"line":2563,"column":8},"end":{"line":2563,"column":97}},"976":{"start":{"line":2564,"column":8},"end":{"line":2564,"column":15}},"977":{"start":{"line":2567,"column":23},"end":{"line":2567,"column":28}},"978":{"start":{"line":2568,"column":19},"end":{"line":2568,"column":20}},"979":{"start":{"line":2569,"column":19},"end":{"line":2569,"column":20}},"980":{"start":{"line":2570,"column":23},"end":{"line":2570,"column":24}},"981":{"start":{"line":2571,"column":24},"end":{"line":2571,"column":25}},"982":{"start":{"line":2573,"column":6},"end":{"line":2584,"column":9}},"983":{"start":{"line":2574,"column":8},"end":{"line":2574,"column":27}},"984":{"start":{"line":2575,"column":8},"end":{"line":2575,"column":28}},"985":{"start":{"line":2577,"column":8},"end":{"line":2577,"column":26}},"986":{"start":{"line":2578,"column":8},"end":{"line":2578,"column":27}},"987":{"start":{"line":2579,"column":8},"end":{"line":2579,"column":27}},"988":{"start":{"line":2580,"column":8},"end":{"line":2580,"column":40}},"989":{"start":{"line":2581,"column":8},"end":{"line":2581,"column":42}},"990":{"start":{"line":2583,"column":8},"end":{"line":2583,"column":103}},"991":{"start":{"line":2586,"column":30},"end":{"line":2600,"column":7}},"992":{"start":{"line":2587,"column":8},"end":{"line":2587,"column":32}},"993":{"start":{"line":2587,"column":25},"end":{"line":2587,"column":32}},"994":{"start":{"line":2589,"column":23},"end":{"line":2589,"column":41}},"995":{"start":{"line":2590,"column":23},"end":{"line":2590,"column":41}},"996":{"start":{"line":2592,"column":25},"end":{"line":2592,"column":74}},"997":{"start":{"line":2593,"column":26},"end":{"line":2593,"column":61}},"998":{"start":{"line":2595,"column":8},"end":{"line":2595,"column":45}},"999":{"start":{"line":2596,"column":8},"end":{"line":2596,"column":50}},"1000":{"start":{"line":2599,"column":8},"end":{"line":2599,"column":33}},"1001":{"start":{"line":2602,"column":28},"end":{"line":2607,"column":7}},"1002":{"start":{"line":2603,"column":8},"end":{"line":2606,"column":9}},"1003":{"start":{"line":2604,"column":10},"end":{"line":2604,"column":29}},"1004":{"start":{"line":2605,"column":10},"end":{"line":2605,"column":103}},"1005":{"start":{"line":2609,"column":6},"end":{"line":2609,"column":62}},"1006":{"start":{"line":2610,"column":6},"end":{"line":2610,"column":58}},"1007":{"start":{"line":2612,"column":28},"end":{"line":2612,"column":57}},"1008":{"start":{"line":2613,"column":6},"end":{"line":2613,"column":78}},"1009":{"start":{"line":2614,"column":6},"end":{"line":2614,"column":81}},"1010":{"start":{"line":2617,"column":6},"end":{"line":2617,"column":85}},"1011":{"start":{"line":2628,"column":22},"end":{"line":2628,"column":39}},"1012":{"start":{"line":2629,"column":4},"end":{"line":2629,"column":55}},"1013":{"start":{"line":2631,"column":4},"end":{"line":2684,"column":5}},"1014":{"start":{"line":2632,"column":28},"end":{"line":2632,"column":69}},"1015":{"start":{"line":2634,"column":6},"end":{"line":2676,"column":9}},"1016":{"start":{"line":2635,"column":25},"end":{"line":2635,"column":30}},"1017":{"start":{"line":2636,"column":21},"end":{"line":2636,"column":22}},"1018":{"start":{"line":2637,"column":26},"end":{"line":2637,"column":27}},"1019":{"start":{"line":2638,"column":51},"end":{"line":2638,"column":55}},"1020":{"start":{"line":2640,"column":8},"end":{"line":2657,"column":11}},"1021":{"start":{"line":2641,"column":29},"end":{"line":2641,"column":44}},"1022":{"start":{"line":2642,"column":10},"end":{"line":2642,"column":29}},"1023":{"start":{"line":2643,"column":10},"end":{"line":2643,"column":30}},"1024":{"start":{"line":2645,"column":10},"end":{"line":2645,"column":28}},"1025":{"start":{"line":2646,"column":10},"end":{"line":2646,"column":38}},"1026":{"start":{"line":2648,"column":25},"end":{"line":2648,"column":65}},"1027":{"start":{"line":2649,"column":10},"end":{"line":2654,"column":11}},"1028":{"start":{"line":2650,"column":12},"end":{"line":2650,"column":55}},"1029":{"start":{"line":2651,"column":12},"end":{"line":2653,"column":13}},"1030":{"start":{"line":2652,"column":14},"end":{"line":2652,"column":50}},"1031":{"start":{"line":2656,"column":10},"end":{"line":2656,"column":74}},"1032":{"start":{"line":2659,"column":32},"end":{"line":2665,"column":9}},"1033":{"start":{"line":2660,"column":10},"end":{"line":2660,"column":47}},"1034":{"start":{"line":2660,"column":40},"end":{"line":2660,"column":47}},"1035":{"start":{"line":2662,"column":25},"end":{"line":2662,"column":43}},"1036":{"start":{"line":2663,"column":28},"end":{"line":2663,"column":77}},"1037":{"start":{"line":2664,"column":10},"end":{"line":2664,"column":51}},"1038":{"start":{"line":2667,"column":30},"end":{"line":2672,"column":9}},"1039":{"start":{"line":2668,"column":10},"end":{"line":2671,"column":11}},"1040":{"start":{"line":2669,"column":12},"end":{"line":2669,"column":31}},"1041":{"start":{"line":2670,"column":12},"end":{"line":2670,"column":74}},"1042":{"start":{"line":2674,"column":8},"end":{"line":2674,"column":64}},"1043":{"start":{"line":2675,"column":8},"end":{"line":2675,"column":60}},"1044":{"start":{"line":2678,"column":28},"end":{"line":2678,"column":57}},"1045":{"start":{"line":2679,"column":6},"end":{"line":2679,"column":79}},"1046":{"start":{"line":2680,"column":6},"end":{"line":2680,"column":111}},"1047":{"start":{"line":2683,"column":6},"end":{"line":2683,"column":65}},"1048":{"start":{"line":2694,"column":22},"end":{"line":2694,"column":39}},"1049":{"start":{"line":2695,"column":4},"end":{"line":2695,"column":67}},"1050":{"start":{"line":2697,"column":4},"end":{"line":2739,"column":5}},"1051":{"start":{"line":2698,"column":21},"end":{"line":2698,"column":52}},"1052":{"start":{"line":2700,"column":6},"end":{"line":2703,"column":7}},"1053":{"start":{"line":2701,"column":8},"end":{"line":2701,"column":88}},"1054":{"start":{"line":2702,"column":8},"end":{"line":2702,"column":15}},"1055":{"start":{"line":2705,"column":26},"end":{"line":2705,"column":74}},"1056":{"start":{"line":2706,"column":23},"end":{"line":2706,"column":35}},"1057":{"start":{"line":2708,"column":6},"end":{"line":2708,"column":62}},"1058":{"start":{"line":2710,"column":23},"end":{"line":2710,"column":74}},"1059":{"start":{"line":2711,"column":21},"end":{"line":2711,"column":74}},"1060":{"start":{"line":2713,"column":6},"end":{"line":2723,"column":7}},"1061":{"start":{"line":2714,"column":8},"end":{"line":2722,"column":9}},"1062":{"start":{"line":2715,"column":10},"end":{"line":2715,"column":42}},"1063":{"start":{"line":2716,"column":10},"end":{"line":2716,"column":35}},"1064":{"start":{"line":2717,"column":10},"end":{"line":2717,"column":44}},"1065":{"start":{"line":2719,"column":10},"end":{"line":2719,"column":43}},"1066":{"start":{"line":2720,"column":10},"end":{"line":2720,"column":35}},"1067":{"start":{"line":2721,"column":10},"end":{"line":2721,"column":47}},"1068":{"start":{"line":2725,"column":6},"end":{"line":2728,"column":9}},"1069":{"start":{"line":2731,"column":6},"end":{"line":2731,"column":40}},"1070":{"start":{"line":2733,"column":28},"end":{"line":2733,"column":57}},"1071":{"start":{"line":2734,"column":6},"end":{"line":2734,"column":80}},"1072":{"start":{"line":2735,"column":6},"end":{"line":2735,"column":96}},"1073":{"start":{"line":2738,"column":6},"end":{"line":2738,"column":77}},"1074":{"start":{"line":2749,"column":22},"end":{"line":2749,"column":39}},"1075":{"start":{"line":2750,"column":4},"end":{"line":2750,"column":69}},"1076":{"start":{"line":2752,"column":4},"end":{"line":2789,"column":5}},"1077":{"start":{"line":2753,"column":22},"end":{"line":2753,"column":91}},"1078":{"start":{"line":2755,"column":6},"end":{"line":2758,"column":7}},"1079":{"start":{"line":2756,"column":8},"end":{"line":2756,"column":91}},"1080":{"start":{"line":2757,"column":8},"end":{"line":2757,"column":15}},"1081":{"start":{"line":2760,"column":26},"end":{"line":2760,"column":75}},"1082":{"start":{"line":2761,"column":23},"end":{"line":2761,"column":35}},"1083":{"start":{"line":2763,"column":6},"end":{"line":2763,"column":63}},"1084":{"start":{"line":2765,"column":24},"end":{"line":2765,"column":78}},"1085":{"start":{"line":2766,"column":21},"end":{"line":2766,"column":75}},"1086":{"start":{"line":2768,"column":6},"end":{"line":2776,"column":7}},"1087":{"start":{"line":2769,"column":8},"end":{"line":2775,"column":9}},"1088":{"start":{"line":2770,"column":10},"end":{"line":2770,"column":43}},"1089":{"start":{"line":2771,"column":10},"end":{"line":2771,"column":35}},"1090":{"start":{"line":2773,"column":10},"end":{"line":2773,"column":44}},"1091":{"start":{"line":2774,"column":10},"end":{"line":2774,"column":35}},"1092":{"start":{"line":2778,"column":6},"end":{"line":2781,"column":9}},"1093":{"start":{"line":2783,"column":28},"end":{"line":2783,"column":57}},"1094":{"start":{"line":2784,"column":6},"end":{"line":2784,"column":81}},"1095":{"start":{"line":2785,"column":6},"end":{"line":2785,"column":97}},"1096":{"start":{"line":2788,"column":6},"end":{"line":2788,"column":79}},"1097":{"start":{"line":2798,"column":22},"end":{"line":2798,"column":39}},"1098":{"start":{"line":2799,"column":4},"end":{"line":2799,"column":54}},"1099":{"start":{"line":2801,"column":4},"end":{"line":2850,"column":5}},"1100":{"start":{"line":2802,"column":6},"end":{"line":2805,"column":7}},"1101":{
[...]
"column":41}},"39":{"start":{"line":171,"column":2},"end":{"line":189,"column":3}},"40":{"start":{"line":171,"column":15},"end":{"line":171,"column":16}},"41":{"start":{"line":172,"column":18},"end":{"line":172,"column":29}},"42":{"start":{"line":173,"column":23},"end":{"line":173,"column":37}},"43":{"start":{"line":175,"column":4},"end":{"line":188,"column":5}},"44":{"start":{"line":176,"column":27},"end":{"line":176,"column":52}},"45":{"start":{"line":178,"column":6},"end":{"line":185,"column":8}},"46":{"start":{"line":187,"column":6},"end":{"line":187,"column":56}}},"fnMap":{"0":{"name":"calculateTreeLayout","decl":{"start":{"line":54,"column":16},"end":{"line":54,"column":35}},"loc":{"start":{"line":56,"column":20},"end":{"line":94,"column":1}}},"1":{"name":"(anonymous_1)","decl":{"start":{"line":74,"column":37},"end":{"line":74,"column":41}},"loc":{"start":{"line":74,"column":45},"end":{"line":74,"column":67}}},"2":{"name":"calculateSubtreeWidth","decl":{"start":{"line":106,"column":9},"end":{"line":106,"column":30}},"loc":{"start":{"line":109,"column":20},"end":{"line":124,"column":1}}},"3":{"name":"(anonymous_3)","decl":{"start":{"line":117,"column":40},"end":{"line":117,"column":41}},"loc":{"start":{"line":117,"column":57},"end":{"line":119,"column":3}}},"4":{"name":"layoutSubtree","decl":{"start":{"line":138,"column":9},"end":{"line":138,"column":22}},"loc":{"start":{"line":144,"column":32},"end":{"line":190,"column":1}}},"5":{"name":"(anonymous_5)","decl":{"start":{"line":161,"column":35},"end":{"line":161,"column":40}},"loc":{"start":{"line":162,"column":4},"end":{"line":162,"column":53}}},"6":{"name":"(anonymous_6)","decl":{"start":{"line":165,"column":45},"end":{"line":165,"column":46}},"loc":{"start":{"line":165,"column":61},"end":{"line":165,"column":72}}}},"branchMap":{"0":{"loc":{"start":{"line":58,"column":2},"end":{"line":60,"column":3}},"type":"if","locations":[{"start":{"line":58,"column":2},"end":{"line":60,"column":3}}]},"1":{"loc":{"start":{"line":68,"column":4},"end":{"line":71,"column":5}},"type":"if","locations":[{"start":{"line":68,"column":4},"end":{"line":71,"column":5}}]},"2":{"loc":{"start":{"line":69,"column":23},"end":{"line":69,"column":59}},"type":"binary-expr","locations":[{"start":{"line":69,"column":23},"end":{"line":69,"column":53}},{"start":{"line":69,"column":57},"end":{"line":69,"column":59}}]},"3":{"loc":{"start":{"line":111,"column":19},"end":{"line":111,"column":49}},"type":"binary-expr","locations":[{"start":{"line":111,"column":19},"end":{"line":111,"column":43}},{"start":{"line":111,"column":47},"end":{"line":111,"column":49}}]},"4":{"loc":{"start":{"line":113,"column":2},"end":{"line":115,"column":3}},"type":"if","locations":[{"start":{"line":113,"column":2},"end":{"line":115,"column":3}}]},"5":{"loc":{"start":{"line":155,"column":19},"end":{"line":155,"column":49}},"type":"binary-expr","locations":[{"start":{"line":155,"column":19},"end":{"line":155,"column":43}},{"start":{"line":155,"column":47},"end":{"line":155,"column":49}}]},"6":{"loc":{"start":{"line":157,"column":2},"end":{"line":159,"column":3}},"type":"if","locations":[{"start":{"line":157,"column":2},"end":{"line":159,"column":3}}]},"7":{"loc":{"start":{"line":175,"column":4},"end":{"line":188,"column":5}},"type":"if","locations":[{"start":{"line":175,"column":4},"end":{"line":188,"column":5}}]},"8":{"loc":{"start":{"line":175,"column":8},"end":{"line":175,"column":41}},"type":"binary-expr","locations":[{"start":{"line":175,"column":8},"end":{"line":175,"column":13}},{"start":{"line":175,"column":17},"end":{"line":175,"column":41}}]}},"s":{"0":2,"1":19,"2":1,"3":18,"4":18,"5":18,"6":18,"7":154,"8":137,"9":137,"10":18,"11":154,"12":18,"13":18,"14":17,"15":17,"16":17,"17":17,"18":18,"19":294,"20":294,"21":270,"22":24,"23":143,"24":24,"25":24,"26":151,"27":151,"28":151,"29":151,"30":151,"31":133,"32":18,"33":134,"34":18,"35":134,"36":18,"37":18,"38":18,"39":18,"40":18,"41":134,"42":134,"43":134,"44":134,"45":134,"46":134},"f":{"0":19,"1":154,"2":294,"3":143,"4":151,"5":134,"6":134},"b":{"0":[1],"1":[137],"2":[137,21],"3":[294,270],"4":[270],"5":[151,133],"6":[133],"7":[134],"8":[134,134]}}
,"/Users/rickgao/WebstormProjects/noded/src/utils/type-guards.ts": {"path":"/Users/rickgao/WebstormProjects/noded/src/utils/type-guards.ts","statementMap":{"0":{"start":{"line":19,"column":0},"end":{"line":19,"column":16}},"1":{"start":{"line":32,"column":0},"end":{"line":32,"column":16}},"2":{"start":{"line":49,"column":0},"end":{"line":49,"column":16}},"3":{"start":{"line":73,"column":0},"end":{"line":73,"column":16}},"4":{"start":{"line":9,"column":0},"end":{"line":9,"column":67}},"5":{"start":{"line":20,"column":2},"end":{"line":21,"column":68}},"6":{"start":{"line":33,"column":2},"end":{"line":38,"column":48}},"7":{"start":{"line":50,"column":2},"end":{"line":52,"column":3}},"8":{"start":{"line":51,"column":4},"end":{"line":51,"column":17}},"9":{"start":{"line":54,"column":16},"end":{"line":54,"column":34}},"10":{"start":{"line":56,"column":2},"end":{"line":62,"column":29}},"11":{"start":{"line":74,"column":2},"end":{"line":76,"column":3}},"12":{"start":{"line":75,"column":4},"end":{"line":75,"column":17}},"13":{"start":{"line":78,"column":15},"end":{"line":78,"column":33}},"14":{"start":{"line":80,"column":2},"end":{"line":91,"column":25}},"15":{"start":{"line":85,"column":38},"end":{"line":85,"column":63}},"16":{"start":{"line":87,"column":36},"end":{"line":87,"column":54}},"17":{"start":{"line":106,"column":4},"end":{"line":106,"column":56}},"18":{"start":{"line":117,"column":4},"end":{"line":124,"column":5}},"19":{"start":{"line":118,"column":6},"end":{"line":123,"column":8}},"20":{"start":{"line":126,"column":4},"end":{"line":133,"column":5}},"21":{"start":{"line":127,"column":6},"end":{"line":132,"column":8}},"22":{"start":{"line":135,"column":4},"end":{"line":142,"column":5}},"23":{"start":{"line":136,"column":6},"end":{"line":141,"column":8}},"24":{"start":{"line":153,"column":4},"end":{"line":160,"column":5}},"25":{"start":{"line":154,"column":6},"end":{"line":159,"column":8}},"26":{"start":{"line":162,"column":4},"end":{"line":169,"column":5}},"27":{"start":{"line":163,"column":6},"end":{"line":168,"column":8}},"28":{"start":{"line":179,"column":4},"end":{"line":186,"column":5}},"29":{"start":{"line":180,"column":6},"end":{"line":185,"column":8}},"30":{"start":{"line":196,"column":4},"end":{"line":203,"column":5}},"31":{"start":{"line":197,"column":6},"end":{"line":202,"column":8}},"32":{"start":{"line":213,"column":4},"end":{"line":220,"column":5}},"33":{"start":{"line":214,"column":6},"end":{"line":219,"column":8}},"34":{"start":{"line":230,"column":25},"end":{"line":230,"column":42}},"35":{"start":{"line":231,"column":24},"end":{"line":231,"column":41}},"36":{"start":{"line":234,"column":4},"end":{"line":260,"column":5}},"37":{"start":{"line":235,"column":6},"end":{"line":237,"column":7}},"38":{"start":{"line":236,"column":8},"end":{"line":236,"column":84}},"39":{"start":{"line":240,"column":6},"end":{"line":259,"column":7}},"40":{"start":{"line":241,"column":26},"end":{"line":241,"column":44}},"41":{"start":{"line":242,"column":8},"end":{"line":249,"column":9}},"42":{"start":{"line":243,"column":10},"end":{"line":248,"column":12}},"43":{"start":{"line":251,"column":8},"end":{"line":258,"column":9}},"44":{"start":{"line":252,"column":10},"end":{"line":257,"column":12}},"45":{"start":{"line":273,"column":4},"end":{"line":280,"column":5}},"46":{"start":{"line":274,"column":6},"end":{"line":279,"column":8}},"47":{"start":{"line":282,"column":4},"end":{"line":284,"column":5}},"48":{"start":{"line":283,"column":6},"end":{"line":283,"column":13}},"49":{"start":{"line":286,"column":4},"end":{"line":286,"column":29}},"50":{"start":{"line":287,"column":4},"end":{"line":287,"column":30}},"51":{"start":{"line":290,"column":4},"end":{"line":309,"column":5}},"52":{"start":{"line":291,"column":25},"end":{"line":291,"column":49}},"53":{"start":{"line":292,"column":6},"end":{"line":299,"column":7}},"54":{"start":{"line":293,"column":8},"end":{"line":298,"column":10}},"55":{"start":{"line":301,"column":6},"end":{"line":308,"column":7}},"56":{"start":{"line":302,"column":8},"end":{"line":307,"column":10}},"57":{"start":{"line":312,"column":4},"end":{"line":317,"column":5}},"58":{"start":{"line":313,"column":24},"end":{"line":313,"column":42}},"59":{"start":{"line":314,"column":6},"end":{"line":316,"column":7}},"60":{"start":{"line":315,"column":8},"end":{"line":315,"column":89}},"61":{"start":{"line":319,"column":4},"end":{"line":319,"column":32}},"62":{"start":{"line":332,"column":4},"end":{"line":339,"column":5}},"63":{"start":{"line":333,"column":6},"end":{"line":338,"column":8}},"64":{"start":{"line":350,"column":4},"end":{"line":357,"column":5}},"65":{"start":{"line":351,"column":6},"end":{"line":356,"column":8}},"66":{"start":{"line":102,"column":0},"end":{"line":102,"column":13}}},"fnMap":{"0":{"name":"isNodeBlockType","decl":{"start":{"line":19,"column":16},"end":{"line":19,"column":31}},"loc":{"start":{"line":19,"column":46},"end":{"line":22,"column":1}}},"1":{"name":"isPosition","decl":{"start":{"line":32,"column":16},"end":{"line":32,"column":26}},"loc":{"start":{"line":32,"column":41},"end":{"line":39,"column":1}}},"2":{"name":"isNodeBlock","decl":{"start":{"line":49,"column":16},"end":{"line":49,"column":27}},"loc":{"start":{"line":49,"column":42},"end":{"line":63,"column":1}}},"3":{"name":"isGraphNode","decl":{"start":{"line":73,"column":16},"end":{"line":73,"column":27}},"loc":{"start":{"line":73,"column":42},"end":{"line":92,"column":1}}},"4":{"name":"(anonymous_4)","decl":{"start":{"line":85,"column":29},"end":{"line":85,"column":34}},"loc":{"start":{"line":85,"column":38},"end":{"line":85,"column":63}}},"5":{"name":"(anonymous_5)","decl":{"start":{"line":87,"column":27},"end":{"line":87,"column":32}},"loc":{"start":{"line":87,"column":36},"end":{"line":87,"column":54}}},"6":{"name":"(anonymous_6)","decl":{"start":{"line":105,"column":2},"end":{"line":105,"column":14}},"loc":{"start":{"line":105,"column":35},"end":{"line":107,"column":3}}},"7":{"name":"(anonymous_7)","decl":{"start":{"line":112,"column":9},"end":{"line":112,"column":23}},"loc":{"start":{"line":115,"column":29},"end":{"line":143,"column":3}}},"8":{"name":"(anonymous_8)","decl":{"start":{"line":148,"column":9},"end":{"line":148,"column":27}},"loc":{"start":{"line":151,"column":24},"end":{"line":170,"column":3}}},"9":{"name":"(anonymous_9)","decl":{"start":{"line":175,"column":9},"end":{"line":175,"column":25}},"loc":{"start":{"line":177,"column":24},"end":{"line":187,"column":3}}},"10":{"name":"(anonymous_10)","decl":{"start":{"line":192,"column":9},"end":{"line":192,"column":26}},"loc":{"start":{"line":194,"column":24},"end":{"line":204,"column":3}}},"11":{"name":"(anonymous_11)","decl":{"start":{"line":209,"column":9},"end":{"line":209,"column":26}},"loc":{"start":{"line":211,"column":24},"end":{"line":221,"column":3}}},"12":{"name":"(anonymous_12)","decl":{"start":{"line":226,"column":9},"end":{"line":226,"column":30}},"loc":{"start":{"line":228,"column":24},"end":{"line":261,"column":3}}},"13":{"name":"(anonymous_13)","decl":{"start":{"line":266,"column":10},"end":{"line":266,"column":26}},"loc":{"start":{"line":271,"column":24},"end":{"line":320,"column":3}}},"14":{"name":"(anonymous_14)","decl":{"start":{"line":325,"column":9},"end":{"line":325,"column":22}},"loc":{"start":{"line":330,"column":24},"end":{"line":340,"column":3}}},"15":{"name":"(anonymous_15)","decl":{"start":{"line":345,"column":9},"end":{"line":345,"column":30}},"loc":{"start":{"line":348,"column":24},"end":{"line":358,"column":3}}}},"branchMap":{"0":{"loc":{"start":{"line":20,"column":9},"end":{"line":21,"column":67}},"type":"binary-expr","locations":[{"start":{"line":20,"column":9},"end":{"line":20,"column":34}},{"start":{"line":21,"column":9},"end":{"line":21,"column":67}}]},"1":{"loc":{"start":{"line":33,"column":9},"end":{"line":38,"column":47}},"type":"binary-expr","locations":[{"start":{"line":33,"column":9},"end":{"line":33,"column":34}},{"start":{"line":34,"column":9},"end":{"line":34,"column":23}},{"start":{"line":35,"column":9},"end":{"line":35,"column":50}},{"start":{"line":36,"column":9},"end":{"line":36,"column":50}},{"start":{"line":37,"column":9},"end":{"line":37,"column":47}},{"start":{"line":38,"column":9},"end":{"line":38,"column":47}}]},"2":{"loc":{"start":{"line":50,"column":2},"end":{"line":52,"column":3}},"type":"if","locations":[{"start":{"line":50,"column":2},"end":{"line":52,"column":3}}]},"3":{"loc":{"start":{"line":50,"column":6},"end":{"line":50,"column":49}},"type":"binary-expr","locations":[{"start":{"line":50,"column":6},"end":{"line":50,"column":31}},{"start":{"line":50,"column":35},"end":{"line":50,"column":49}}]},"4":{"loc":{"start":{"line":56,"column":9},"end":{"line":62,"column":28}},"type":"binary-expr","locations":[{"start":{"line":56,"column":9},"end":{"line":56,"column":37}},{"start":{"line":57,"column":9},"end":{"line":57,"column":28}},{"start":{"line":58,"column":9},"end":{"line":58,"column":36}},{"start":{"line":59,"column":9},"end":{"line":59,"column":42}},{"start":{"line":60,"column":9},"end":{"line":60,"column":43}},{"start":{"line":61,"column":9},"end":{"line":61,"column":41}},{"start":{"line":62,"column":9},"end":{"line":62,"column":28}}]},"5":{"loc":{"start":{"line":74,"column":2},"end":{"line":76,"column":3}},"type":"if","locations":[{"start":{"line":74,"column":2},"end":{"line":76,"column":3}}]},"6":{"loc":{"start":{"line":74,"column":6},"end":{"line":74,"column":49}},"type":"binary-expr","locations":[{"start":{"line":74,"column":6},"end":{"line":74,"column":31}},{"start":{"line":74,"column":35},"end":{"line":74,"column":49}}]},"7":{"loc":{"start":{"line":80,"column":9},"end":{"line":91,"column":24}},"type":"binary-expr","locations":[{"start":{"line":80,"column":9},"end":{"line":80,"column":36}},{"start":{"line":81,"column":9},"end":{"line":81,"column":27}},{"start":{"line":82,"column":9},"end":{"line":82,"column":38}},{"start":{"line":83,"column":10},"end":{"line":83,"column":32}},{"start":{"line":83,"column":36},"end":{"line":83,"column":69}},{"start":{"line":84,"column":9},"end":{"line":84,"column":37}},{"start":{"line":85,"column":9},"end":{"line":85,"column":64}},{"start":{"line":86,"column":9},"end":{"line":86,"column":35}},{"start":{"line":87,"column":9},"end":{"line":87,"column":55}},{"start":{"line":88,"column":9},"end":{"line":88,"column":34}},{"start":{"line":89,"column":9},"end":{"line":89,"column":39}},{"start":{"line":90,"column":9},"end":{"line":90,"column":37}},{"start":{"line":91,"column":9},"end":{"line":91,"column":24}}]},"8":{"loc":{"start":{"line":117,"column":4},"end":{"line":124,"column":5}},"type":"if","locations":[{"start":{"line":117,"column":4},"end":{"line":124,"column":5}}]},"9":{"loc":{"start":{"line":126,"column":4},"end":{"line":133,"column":5}},"type":"if","locations":[{"start":{"line":126,"column":4},"end":{"line":133,"column":5}}]},"10":{"loc":{"start":{"line":126,"column":8},"end":{"line":126,"column":57}},"type":"binary-expr","locations":[{"start":{"line":126,"column":8},"end":{"line":126,"column":27}},{"start":{"line":126,"column":31},"end":{"line":126,"column":57}}]},"11":{"loc":{"start":{"line":135,"column":4},"end":{"line":142,"column":5}},"type":"if","locations":[{"start":{"line":135,"column":4},"end":{"line":142,"column":5}}]},"12":{"loc":{"start":{"line":135,"column":8},"end":{"line":135,"column":46}},"type":"binary-expr","locations":[{"start":{"line":135,"column":8},"end":{"line":135,"column":19}},{"start":{"line":135,"column":23},"end":{"line":135,"column":46}}]},"13":{"loc":{"start":{"line":153,"column":4},"end":{"line":160,"column":5}},"type":"if","locations":[{"start":{"line":153,"column":4},"end":{"line":160,"column":5}}]},"14":{"loc":{"start":{"line":162,"column":4},"end":{"line":169,"column":5}},"type":"if","locations":[{"start":{"line":162,"column":4},"end":{"line":169,"column":5}}]},"15":{"loc":{"start":{"line":179,"column":4},"end":{"line":186,"column":5}},"type":"if","locations":[{"start":{"line":179,"column":4},"end":{"line":186,"column":5}}]},"16":{"loc":{"start":{"line":196,"column":4},"end":{"line":203,"column":5}},"type":"if","locations":[{"start":{"line":196,"column":4},"end":{"line":203,"column":5}}]},"17":{"loc":{"start":{"line":213,"column":4},"end":{"line":220,"column":5}},"type":"if","locations":[{"start":{"line":213,"column":4},"end":{"line":220,"column":5}}]},"18":{"loc":{"start":{"line":235,"column":6},"end":{"line":237,"column":7}},"type":"if","locations":[{"start":{"line":235,"column":6},"end":{"line":237,"column":7}}]},"19":{"loc":{"start":{"line":242,"column":8},"end":{"line":249,"column":9}},"type":"if","locations":[{"start":{"line":242,"column":8},"end":{"line":249,"column":9}}]},"20":{"loc":{"start":{"line":251,"column":8},"end":{"line":258,"column":9}},"type":"if","locations":[{"start":{"line":251,"column":8},"end":{"line":258,"column":9}}]},"21":{"loc":{"start":{"line":273,"column":4},"end":{"line":280,"column":5}},"type":"if","locations":[{"start":{"line":273,"column":4},"end":{"line":280,"column":5}}]},"22":{"loc":{"start":{"line":282,"column":4},"end":{"line":284,"column":5}},"type":"if","locations":[{"start":{"line":282,"column":4},"end":{"line":284,"column":5}}]},"23":{"loc":{"start":{"line":290,"column":4},"end":{"line":309,"column":5}},"type":"if","locations":[{"start":{"line":290,"column":4},"end":{"line":309,"column":5}}]},"24":{"loc":{"start":{"line":292,"column":6},"end":{"line":299,"column":7}},"type":"if","locations":[{"start":{"line":292,"column":6},"end":{"line":299,"column":7}}]},"25":{"loc":{"start":{"line":301,"column":6},"end":{"line":308,"column":7}},"type":"if","locations":[{"start":{"line":301,"column":6},"end":{"line":308,"column":7}}]},"26":{"loc":{"start":{"line":314,"column":6},"end":{"line":316,"column":7}},"type":"if","locations":[{"start":{"line":314,"column":6},"end":{"line":316,"column":7}}]},"27":{"loc":{"start":{"line":332,"column":4},"end":{"line":339,"column":5}},"type":"if","locations":[{"start":{"line":332,"column":4},"end":{"line":339,"column":5}}]},"28":{"loc":{"start":{"line":332,"column":8},"end":{"line":332,"column":61}},"type":"binary-expr","locations":[{"start":{"line":332,"column":8},"end":{"line":332,"column":31}},{"start":{"line":332,"column":35},"end":{"line":332,"column":46}},{"start":{"line":332,"column":50},"end":{"line":332,"column":61}}]},"29":{"loc":{"start":{"line":350,"column":4},"end":{"line":357,"column":5}},"type":"if","locations":[{"start":{"line":350,"column":4},"end":{"line":357,"column":5}}]},"30":{"loc":{"start":{"line":350,"column":8},"end":{"line":350,"column":51}},"type":"binary-expr","locations":[{"start":{"line":350,"column":8},"end":{"line":350,"column":29}},{"start":{"line":350,"column":33},"end":{"line":350,"column":51}}]}},"s":{"0":2,"1":2,"2":2,"3":2,"4":2,"5":278,"6":160,"7":274,"8":5,"9":269,"10":269,"11":146,"12":1,"13":145,"14":145,"15":6,"16":159,"17":57,"18":117,"19":3,"20":114,"21":2,"22":112,"23":0,"24":138,"25":1,"26":137,"27":1,"28":4,"29":2,"30":96,"31":2,"32":130,"33":2,"34":46,"35":46,"36":46,"37":63,"38":51,"39":63,"40":12,"41":12,"42":0,"43":12,"44":0,"45":63,"46":0,"47":63,"48":0,"49":63,"50":63,"51":63,"52":12,"53":12,"54":0,"55":12,"56":0,"57":63,"58":12,"59":12,"60":12,"61":63,"62":17,"63":0,"64":5,"65":3,"66":2},"f":{"0":278,"1":160,"2":274,"3":146,"4":6,"5":159,"6":57,"7":117,"8":138,"9":4,"10":96,"11":130,"12":46,"13":63,"14":17,"15":5},"b":{"0":[278,271],"1":[160,157,155,150,147,142],"2":[5],"3":[274,271],"4":[269,264,264,262,260,258,256],"5":[1],"6":[146,146],"7":[145,142,142,140,21,139,138,137,136,135,134,133,132],"8":[3],"9":[2],"10":[114,113],"11":[0],"12":[112,0],"13":[1],"14":[1],"15":[2],"16":[2],"17":[2],"18":[51],"19":[0],"20":[0],"21":[0],"22":[0],"23":[12],"24":[0],"25":[0],"26":[12],"27":[0],"28":[17,17,17],"29":[3],"30":[5,3]}}
}
