TN:
SF:src/components/graph-editor.ts
FN:62,(anonymous_0)
FN:130,(anonymous_1)
FN:136,(anonymous_2)
FN:157,(anonymous_3)
FN:191,(anonymous_4)
FN:207,(anonymous_5)
FN:266,(anonymous_6)
FN:306,(anonymous_7)
FN:387,(anonymous_8)
FN:507,(anonymous_9)
FN:541,(anonymous_10)
FN:547,(anonymous_11)
FN:623,(anonymous_12)
FN:628,(anonymous_13)
FN:629,(anonymous_14)
FN:646,(anonymous_15)
FN:714,(anonymous_16)
FN:722,(anonymous_17)
FN:750,(anonymous_18)
FN:784,(anonymous_19)
FN:822,(anonymous_20)
FN:859,(anonymous_21)
FN:891,(anonymous_22)
FN:945,(anonymous_23)
FN:1008,(anonymous_24)
FN:1078,(anonymous_25)
FN:1099,(anonymous_26)
FN:1120,(anonymous_27)
FN:1129,(anonymous_28)
FN:1179,(anonymous_29)
FN:1232,(anonymous_30)
FN:1262,(anonymous_31)
FN:1293,(anonymous_32)
FN:1304,(anonymous_33)
FN:1348,(anonymous_34)
FN:1356,(anonymous_35)
FN:1416,(anonymous_36)
FN:1465,(anonymous_37)
FN:1522,(anonymous_38)
FN:1562,(anonymous_39)
FN:1568,(anonymous_40)
FN:1620,(anonymous_41)
FN:1681,(anonymous_42)
FN:1711,(anonymous_43)
FN:1764,(anonymous_44)
FN:1824,(anonymous_45)
FN:1903,(anonymous_46)
FN:1943,(anonymous_47)
FN:1988,(anonymous_48)
FN:2035,(anonymous_49)
FN:2075,(anonymous_50)
FN:2082,(anonymous_51)
FN:2136,(anonymous_52)
FN:2192,(anonymous_53)
FN:2248,(anonymous_54)
FN:2302,(anonymous_55)
FN:2322,(anonymous_56)
FN:2348,(anonymous_57)
FN:2393,(anonymous_58)
FN:2413,(anonymous_59)
FN:2427,(anonymous_60)
FN:2450,(anonymous_61)
FN:2459,(anonymous_62)
FN:2499,(anonymous_63)
FN:2512,(anonymous_64)
FN:2527,(anonymous_65)
FN:2535,(anonymous_66)
FN:2555,(anonymous_67)
FN:2573,(anonymous_68)
FN:2586,(anonymous_69)
FN:2602,(anonymous_70)
FN:2627,(anonymous_71)
FN:2634,(anonymous_72)
FN:2640,(anonymous_73)
FN:2659,(anonymous_74)
FN:2667,(anonymous_75)
FN:2693,(anonymous_76)
FN:2748,(anonymous_77)
FN:2797,(anonymous_78)
FN:2858,(anonymous_79)
FN:2864,(anonymous_80)
FN:2908,(anonymous_81)
FN:2915,(anonymous_82)
FN:2922,(anonymous_83)
FN:2933,(anonymous_84)
FN:2949,(anonymous_85)
FN:2969,(anonymous_86)
FN:2974,(anonymous_87)
FN:2980,(anonymous_88)
FN:2989,(anonymous_89)
FN:2998,(anonymous_90)
FN:3005,(anonymous_91)
FNF:92
FNH:56
FNDA:45,(anonymous_0)
FNDA:45,(anonymous_1)
FNDA:0,(anonymous_2)
FNDA:0,(anonymous_3)
FNDA:0,(anonymous_4)
FNDA:0,(anonymous_5)
FNDA:9,(anonymous_6)
FNDA:0,(anonymous_7)
FNDA:46,(anonymous_8)
FNDA:66,(anonymous_9)
FNDA:88,(anonymous_10)
FNDA:0,(anonymous_11)
FNDA:88,(anonymous_12)
FNDA:32,(anonymous_13)
FNDA:14,(anonymous_14)
FNDA:88,(anonymous_15)
FNDA:66,(anonymous_16)
FNDA:0,(anonymous_17)
FNDA:0,(anonymous_18)
FNDA:0,(anonymous_19)
FNDA:8,(anonymous_20)
FNDA:0,(anonymous_21)
FNDA:0,(anonymous_22)
FNDA:0,(anonymous_23)
FNDA:0,(anonymous_24)
FNDA:8,(anonymous_25)
FNDA:6,(anonymous_26)
FNDA:8,(anonymous_27)
FNDA:8,(anonymous_28)
FNDA:4,(anonymous_29)
FNDA:5,(anonymous_30)
FNDA:9,(anonymous_31)
FNDA:8,(anonymous_32)
FNDA:12,(anonymous_33)
FNDA:2,(anonymous_34)
FNDA:2,(anonymous_35)
FNDA:3,(anonymous_36)
FNDA:0,(anonymous_37)
FNDA:8,(anonymous_38)
FNDA:1,(anonymous_39)
FNDA:2,(anonymous_40)
FNDA:2,(anonymous_41)
FNDA:2,(anonymous_42)
FNDA:0,(anonymous_43)
FNDA:16,(anonymous_44)
FNDA:0,(anonymous_45)
FNDA:1,(anonymous_46)
FNDA:0,(anonymous_47)
FNDA:0,(anonymous_48)
FNDA:4,(anonymous_49)
FNDA:0,(anonymous_50)
FNDA:1,(anonymous_51)
FNDA:0,(anonymous_52)
FNDA:0,(anonymous_53)
FNDA:1,(anonymous_54)
FNDA:6,(anonymous_55)
FNDA:3,(anonymous_56)
FNDA:2,(anonymous_57)
FNDA:3,(anonymous_58)
FNDA:6,(anonymous_59)
FNDA:6,(anonymous_60)
FNDA:0,(anonymous_61)
FNDA:0,(anonymous_62)
FNDA:66,(anonymous_63)
FNDA:0,(anonymous_64)
FNDA:0,(anonymous_65)
FNDA:0,(anonymous_66)
FNDA:66,(anonymous_67)
FNDA:0,(anonymous_68)
FNDA:0,(anonymous_69)
FNDA:0,(anonymous_70)
FNDA:66,(anonymous_71)
FNDA:88,(anonymous_72)
FNDA:0,(anonymous_73)
FNDA:0,(anonymous_74)
FNDA:0,(anonymous_75)
FNDA:0,(anonymous_76)
FNDA:0,(anonymous_77)
FNDA:3,(anonymous_78)
FNDA:0,(anonymous_79)
FNDA:0,(anonymous_80)
FNDA:3,(anonymous_81)
FNDA:31,(anonymous_82)
FNDA:7,(anonymous_83)
FNDA:6,(anonymous_84)
FNDA:11,(anonymous_85)
FNDA:4,(anonymous_86)
FNDA:7,(anonymous_87)
FNDA:4,(anonymous_88)
FNDA:4,(anonymous_89)
FNDA:3,(anonymous_90)
FNDA:1,(anonymous_91)
DA:15,1
DA:16,1
DA:17,1
DA:18,1
DA:19,1
DA:24,1
DA:30,45
DA:31,45
DA:32,45
DA:34,45
DA:35,45
DA:36,45
DA:37,45
DA:38,45
DA:39,45
DA:40,45
DA:41,45
DA:42,45
DA:43,45
DA:44,45
DA:45,45
DA:63,45
DA:65,45
DA:66,45
DA:67,45
DA:69,45
DA:75,45
DA:77,45
DA:78,45
DA:79,45
DA:81,45
DA:82,45
DA:83,45
DA:86,45
DA:87,45
DA:88,45
DA:90,45
DA:91,45
DA:92,45
DA:94,45
DA:95,45
DA:96,0
DA:99,45
DA:100,45
DA:101,45
DA:104,0
DA:110,0
DA:111,0
DA:114,0
DA:131,45
DA:132,45
DA:134,45
DA:136,45
DA:137,0
DA:143,0
DA:144,0
DA:146,0
DA:147,0
DA:148,0
DA:149,0
DA:151,0
DA:152,0
DA:153,0
DA:157,45
DA:159,0
DA:166,0
DA:167,0
DA:172,0
DA:173,0
DA:174,0
DA:177,0
DA:178,0
DA:179,0
DA:181,0
DA:182,0
DA:184,0
DA:186,0
DA:187,0
DA:191,45
DA:192,0
DA:193,0
DA:199,0
DA:200,0
DA:202,0
DA:203,0
DA:207,45
DA:208,0
DA:210,0
DA:215,0
DA:216,0
DA:217,0
DA:219,0
DA:221,0
DA:222,0
DA:223,0
DA:226,0
DA:227,0
DA:230,0
DA:233,0
DA:234,0
DA:236,0
DA:237,0
DA:238,0
DA:240,0
DA:244,45
DA:245,45
DA:246,45
DA:249,0
DA:250,0
DA:267,9
DA:268,9
DA:274,9
DA:275,9
DA:276,9
DA:278,9
DA:280,9
DA:281,9
DA:282,9
DA:285,0
DA:291,0
DA:307,0
DA:308,0
DA:310,0
DA:312,0
DA:318,0
DA:319,0
DA:320,0
DA:323,0
DA:328,0
DA:333,0
DA:340,0
DA:346,0
DA:351,0
DA:357,0
DA:359,0
DA:360,0
DA:361,0
DA:364,0
DA:365,0
DA:388,46
DA:391,46
DA:394,46
DA:395,2
DA:396,1
DA:399,1
DA:403,46
DA:405,46
DA:407,46
DA:408,9
DA:410,9
DA:411,9
DA:413,9
DA:414,1
DA:425,45
DA:426,1
DA:427,1
DA:429,0
DA:430,0
DA:434,45
DA:435,45
DA:437,45
DA:438,45
DA:440,45
DA:442,45
DA:456,45
DA:458,45
DA:459,45
DA:461,45
DA:462,8
DA:463,8
DA:464,8
DA:465,8
DA:469,45
DA:472,45
DA:474,45
DA:475,45
DA:476,45
DA:478,45
DA:481,1
DA:483,1
DA:486,1
DA:489,0
DA:508,66
DA:509,66
DA:511,66
DA:512,66
DA:514,66
DA:515,66
DA:516,66
DA:517,66
DA:518,66
DA:520,66
DA:523,66
DA:525,66
DA:541,88
DA:547,66
DA:548,0
DA:549,0
DA:550,0
DA:556,0
DA:557,0
DA:558,0
DA:559,0
DA:560,0
DA:563,0
DA:564,0
DA:566,0
DA:567,0
DA:568,0
DA:569,0
DA:571,0
DA:572,0
DA:574,0
DA:575,0
DA:576,0
DA:577,0
DA:578,0
DA:579,0
DA:580,0
DA:581,0
DA:582,0
DA:583,0
DA:587,0
DA:591,66
DA:592,66
DA:593,66
DA:594,66
DA:595,66
DA:597,66
DA:599,66
DA:600,66
DA:601,66
DA:604,0
DA:606,0
DA:624,88
DA:627,88
DA:628,32
DA:629,14
DA:630,12
DA:634,76
DA:647,88
DA:654,88
DA:655,88
DA:656,88
DA:659,88
DA:661,88
DA:687,88
DA:688,88
DA:691,0
DA:697,0
DA:715,66
DA:716,66
DA:718,66
DA:719,66
DA:722,66
DA:723,0
DA:724,0
DA:725,0
DA:727,0
DA:729,0
DA:731,0
DA:732,0
DA:733,0
DA:734,0
DA:735,0
DA:736,0
DA:738,0
DA:742,0
DA:743,0
DA:746,0
DA:750,66
DA:751,0
DA:753,0
DA:754,0
DA:755,0
DA:758,0
DA:759,0
DA:760,0
DA:763,0
DA:770,0
DA:771,0
DA:773,0
DA:774,0
DA:776,0
DA:777,0
DA:780,0
DA:784,66
DA:785,0
DA:786,0
DA:792,0
DA:793,0
DA:796,66
DA:797,66
DA:798,66
DA:801,0
DA:803,0
DA:823,8
DA:825,8
DA:826,8
DA:827,8
DA:828,8
DA:830,8
DA:831,8
DA:833,8
DA:834,8
DA:835,8
DA:837,8
DA:838,8
DA:840,6
DA:843,6
DA:845,6
DA:851,2
DA:854,8
DA:855,8
DA:857,8
DA:859,6
DA:860,0
DA:861,0
DA:866,8
DA:867,8
DA:870,8
DA:873,0
DA:875,0
DA:892,0
DA:894,0
DA:895,0
DA:898,0
DA:899,0
DA:900,0
DA:901,0
DA:903,0
DA:904,0
DA:905,0
DA:911,0
DA:912,0
DA:914,0
DA:915,0
DA:916,0
DA:918,0
DA:919,0
DA:920,0
DA:923,0
DA:926,0
DA:928,0
DA:946,0
DA:947,0
DA:949,0
DA:950,0
DA:952,0
DA:953,0
DA:954,0
DA:956,0
DA:957,0
DA:966,0
DA:971,0
DA:977,0
DA:978,0
DA:980,0
DA:981,0
DA:982,0
DA:985,0
DA:987,0
DA:988,0
DA:991,0
DA:1009,0
DA:1010,0
DA:1012,0
DA:1013,0
DA:1015,0
DA:1016,0
DA:1017,0
DA:1019,0
DA:1020,0
DA:1027,0
DA:1029,0
DA:1030,0
DA:1032,0
DA:1034,0
DA:1040,0
DA:1041,0
DA:1042,0
DA:1045,0
DA:1055,0
DA:1057,0
DA:1058,0
DA:1061,0
DA:1079,8
DA:1080,8
DA:1082,8
DA:1083,8
DA:1085,8
DA:1086,8
DA:1087,8
DA:1089,8
DA:1090,1
DA:1099,7
DA:1100,7
DA:1101,7
DA:1103,7
DA:1104,2
DA:1113,5
DA:1115,5
DA:1117,5
DA:1118,5
DA:1121,8
DA:1122,8
DA:1127,4
DA:1128,4
DA:1129,8
DA:1130,4
DA:1131,4
DA:1136,4
DA:1138,4
DA:1144,5
DA:1147,4
DA:1148,4
DA:1149,4
DA:1155,4
DA:1156,4
DA:1158,4
DA:1159,3
DA:1162,1
DA:1180,4
DA:1181,4
DA:1186,4
DA:1187,4
DA:1188,4
DA:1189,0
DA:1198,4
DA:1205,4
DA:1207,4
DA:1208,4
DA:1210,4
DA:1211,4
DA:1213,4
DA:1214,4
DA:1215,4
DA:1221,0
DA:1222,0
DA:1233,5
DA:1235,5
DA:1236,5
DA:1237,5
DA:1238,5
DA:1241,5
DA:1242,5
DA:1243,5
DA:1244,5
DA:1247,5
DA:1250,5
DA:1252,0
DA:1263,9
DA:1265,9
DA:1266,9
DA:1267,9
DA:1268,8
DA:1271,8
DA:1272,8
DA:1273,8
DA:1274,8
DA:1277,8
DA:1280,9
DA:1282,0
DA:1294,8
DA:1299,8
DA:1301,8
DA:1302,8
DA:1304,12
DA:1306,8
DA:1308,4
DA:1314,4
DA:1315,4
DA:1318,4
DA:1321,4
DA:1322,4
DA:1323,4
DA:1325,4
DA:1326,4
DA:1330,8
DA:1335,8
DA:1337,0
DA:1353,2
DA:1354,1
DA:1355,1
DA:1356,2
DA:1358,1
DA:1359,1
DA:1360,1
DA:1363,2
DA:1365,2
DA:1366,2
DA:1367,2
DA:1368,1
DA:1371,2
DA:1372,2
DA:1373,2
DA:1375,2
DA:1376,2
DA:1377,2
DA:1378,2
DA:1380,2
DA:1381,2
DA:1389,2
DA:1392,0
DA:1393,0
DA:1397,0
DA:1399,0
DA:1417,3
DA:1418,3
DA:1420,3
DA:1421,3
DA:1423,3
DA:1424,3
DA:1425,3
DA:1427,3
DA:1428,2
DA:1438,1
DA:1439,1
DA:1444,1
DA:1445,0
DA:1451,0
DA:1461,1
DA:1462,0
DA:1463,0
DA:1464,0
DA:1465,0
DA:1467,0
DA:1468,0
DA:1478,1
DA:1479,1
DA:1480,1
DA:1482,1
DA:1483,1
DA:1484,1
DA:1487,1
DA:1488,1
DA:1490,1
DA:1493,1
DA:1495,1
DA:1496,1
DA:1497,1
DA:1500,2
DA:1502,2
DA:1503,2
DA:1506,0
DA:1523,8
DA:1524,8
DA:1526,8
DA:1527,8
DA:1529,8
DA:1530,8
DA:1531,8
DA:1533,8
DA:1534,8
DA:1535,8
DA:1538,8
DA:1539,8
DA:1541,8
DA:1542,8
DA:1543,8
DA:1546,0
DA:1548,0
DA:1563,1
DA:1564,1
DA:1566,1
DA:1568,2
DA:1569,1
DA:1571,1
DA:1572,1
DA:1574,1
DA:1576,1
DA:1577,2
DA:1582,2
DA:1583,2
DA:1584,2
DA:1585,2
DA:1587,2
DA:1590,1
DA:1592,1
DA:1593,1
DA:1594,1
DA:1601,0
DA:1603,0
DA:1621,2
DA:1623,2
DA:1624,2
DA:1625,2
DA:1627,2
DA:1628,2
DA:1633,2
DA:1634,2
DA:1635,2
DA:1638,0
DA:1640,0
DA:1642,0
DA:1643,0
DA:1644,0
DA:1645,0
DA:1646,0
DA:1648,0
DA:1652,0
DA:1653,0
DA:1655,0
DA:1656,0
DA:1658,0
DA:1661,0
DA:1663,0
DA:1682,2
DA:1684,2
DA:1685,2
DA:1686,2
DA:1689,2
DA:1691,2
DA:1692,2
DA:1697,2
DA:1698,2
DA:1699,2
DA:1703,0
DA:1704,0
DA:1705,0
DA:1706,0
DA:1707,0
DA:1711,0
DA:1712,0
DA:1713,0
DA:1715,0
DA:1717,0
DA:1719,0
DA:1721,0
DA:1722,0
DA:1723,0
DA:1724,0
DA:1725,0
DA:1727,0
DA:1734,0
DA:1735,0
DA:1737,0
DA:1741,0
DA:1747,0
DA:1749,0
DA:1765,16
DA:1766,16
DA:1768,16
DA:1769,16
DA:1770,16
DA:1772,16
DA:1774,16
DA:1776,16
DA:1777,16
DA:1778,16
DA:1780,16
DA:1781,0
DA:1782,0
DA:1783,0
DA:1788,0
DA:1789,0
DA:1790,0
DA:1792,0
DA:1797,16
DA:1798,16
DA:1799,16
DA:1805,0
DA:1807,0
DA:1825,0
DA:1830,0
DA:1831,0
DA:1832,0
DA:1834,0
DA:1837,0
DA:1838,0
DA:1840,0
DA:1841,0
DA:1842,0
DA:1844,0
DA:1845,0
DA:1846,0
DA:1849,0
DA:1850,0
DA:1853,0
DA:1854,0
DA:1855,0
DA:1856,0
DA:1858,0
DA:1859,0
DA:1860,0
DA:1861,0
DA:1864,0
DA:1865,0
DA:1867,0
DA:1868,0
DA:1870,0
DA:1872,0
DA:1878,0
DA:1884,0
DA:1889,0
DA:1904,1
DA:1905,1
DA:1907,1
DA:1908,1
DA:1913,1
DA:1918,1
DA:1921,1
DA:1923,1
DA:1924,1
DA:1925,1
DA:1928,0
DA:1930,0
DA:1944,0
DA:1945,0
DA:1947,0
DA:1948,0
DA:1949,0
DA:1951,0
DA:1953,0
DA:1954,0
DA:1955,0
DA:1957,0
DA:1958,0
DA:1960,0
DA:1962,0
DA:1963,0
DA:1965,0
DA:1966,0
DA:1969,0
DA:1970,0
DA:1971,0
DA:1974,0
DA:1975,0
DA:1989,0
DA:1990,0
DA:1992,0
DA:1993,0
DA:1994,0
DA:1996,0
DA:1998,0
DA:1999,0
DA:2000,0
DA:2002,0
DA:2003,0
DA:2005,0
DA:2007,0
DA:2008,0
DA:2010,0
DA:2011,0
DA:2014,0
DA:2015,0
DA:2016,0
DA:2019,0
DA:2020,0
DA:2036,4
DA:2037,4
DA:2039,4
DA:2040,4
DA:2042,4
DA:2043,4
DA:2048,4
DA:2049,4
DA:2050,4
DA:2051,4
DA:2054,4
DA:2055,4
DA:2056,4
DA:2059,0
DA:2060,0
DA:2076,0
DA:2083,1
DA:2084,1
DA:2086,1
DA:2087,1
DA:2088,1
DA:2089,1
DA:2090,1
DA:2093,0
DA:2094,0
DA:2096,0
DA:2098,0
DA:2099,0
DA:2100,0
DA:2101,0
DA:2102,0
DA:2103,0
DA:2104,0
DA:2109,0
DA:2110,0
DA:2112,0
DA:2118,0
DA:2120,0
DA:2121,0
DA:2122,0
DA:2129,0
DA:2137,0
DA:2138,0
DA:2140,0
DA:2141,0
DA:2143,0
DA:2145,0
DA:2146,0
DA:2147,0
DA:2149,0
DA:2153,0
DA:2154,0
DA:2155,0
DA:2157,0
DA:2158,0
DA:2159,0
DA:2160,0
DA:2161,0
DA:2163,0
DA:2168,0
DA:2170,0
DA:2171,0
DA:2172,0
DA:2178,0
DA:2179,0
DA:2193,0
DA:2194,0
DA:2196,0
DA:2197,0
DA:2199,0
DA:2201,0
DA:2202,0
DA:2203,0
DA:2205,0
DA:2209,0
DA:2210,0
DA:2211,0
DA:2213,0
DA:2214,0
DA:2215,0
DA:2216,0
DA:2217,0
DA:2219,0
DA:2224,0
DA:2226,0
DA:2227,0
DA:2228,0
DA:2234,0
DA:2235,0
DA:2249,1
DA:2250,1
DA:2256,1
DA:2257,1
DA:2258,1
DA:2259,1
DA:2261,1
DA:2262,1
DA:2263,1
DA:2265,1
DA:2268,1
DA:2269,1
DA:2270,1
DA:2271,0
DA:2272,0
DA:2273,0
DA:2276,1
DA:2278,1
DA:2279,1
DA:2280,1
DA:2283,0
DA:2285,0
DA:2303,6
DA:2304,6
DA:2306,6
DA:2307,6
DA:2308,0
DA:2310,6
DA:2312,0
DA:2326,3
DA:2328,3
DA:2330,3
DA:2332,3
DA:2333,6
DA:2334,6
DA:2335,6
DA:2336,6
DA:2337,5
DA:2339,6
DA:2344,3
DA:2345,3
DA:2348,3
DA:2350,3
DA:2351,5
DA:2354,5
DA:2355,5
DA:2357,5
DA:2358,6
DA:2359,6
DA:2363,5
DA:2367,3
DA:2368,6
DA:2369,6
DA:2370,6
DA:2371,6
DA:2375,3
DA:2380,3
DA:2383,0
DA:2394,3
DA:2395,3
DA:2397,3
DA:2399,3
DA:2401,3
DA:2406,3
DA:2407,3
DA:2408,6
DA:2409,6
DA:2413,6
DA:2416,3
DA:2424,3
DA:2427,6
DA:2433,3
DA:2436,3
DA:2437,6
DA:2438,6
DA:2439,6
DA:2440,6
DA:2442,6
DA:2450,3
DA:2451,0
DA:2455,3
DA:2456,3
DA:2457,3
DA:2459,3
DA:2460,0
DA:2461,0
DA:2463,0
DA:2464,0
DA:2469,3
DA:2471,3
DA:2475,3
DA:2476,3
DA:2477,3
DA:2480,0
DA:2482,0
DA:2500,66
DA:2501,66
DA:2503,66
DA:2504,66
DA:2506,66
DA:2507,0
DA:2508,0
DA:2512,66
DA:2513,0
DA:2514,0
DA:2515,0
DA:2516,0
DA:2522,0
DA:2527,66
DA:2528,0
DA:2529,0
DA:2530,0
DA:2535,66
DA:2536,0
DA:2539,66
DA:2540,66
DA:2541,66
DA:2544,0
DA:2556,66
DA:2557,66
DA:2559,66
DA:2560,66
DA:2562,66
DA:2563,0
DA:2564,0
DA:2567,66
DA:2568,66
DA:2569,66
DA:2570,66
DA:2571,66
DA:2573,66
DA:2574,0
DA:2575,0
DA:2577,0
DA:2578,0
DA:2579,0
DA:2580,0
DA:2581,0
DA:2583,0
DA:2586,66
DA:2587,0
DA:2589,0
DA:2590,0
DA:2592,0
DA:2593,0
DA:2595,0
DA:2596,0
DA:2599,0
DA:2602,66
DA:2603,0
DA:2604,0
DA:2605,0
DA:2609,66
DA:2610,66
DA:2612,66
DA:2613,66
DA:2614,66
DA:2617,0
DA:2628,66
DA:2629,66
DA:2631,66
DA:2632,66
DA:2634,66
DA:2635,88
DA:2636,88
DA:2637,88
DA:2638,88
DA:2640,88
DA:2641,0
DA:2642,0
DA:2643,0
DA:2645,0
DA:2646,0
DA:2648,0
DA:2649,0
DA:2650,0
DA:2651,0
DA:2652,0
DA:2656,0
DA:2659,88
DA:2660,0
DA:2662,0
DA:2663,0
DA:2664,0
DA:2667,88
DA:2668,0
DA:2669,0
DA:2670,0
DA:2674,88
DA:2675,88
DA:2678,66
DA:2679,66
DA:2680,66
DA:2683,0
DA:2694,0
DA:2695,0
DA:2697,0
DA:2698,0
DA:2700,0
DA:2701,0
DA:2702,0
DA:2705,0
DA:2706,0
DA:2708,0
DA:2710,0
DA:2711,0
DA:2713,0
DA:2714,0
DA:2715,0
DA:2716,0
DA:2717,0
DA:2719,0
DA:2720,0
DA:2721,0
DA:2725,0
DA:2731,0
DA:2733,0
DA:2734,0
DA:2735,0
DA:2738,0
DA:2749,0
DA:2750,0
DA:2752,0
DA:2753,0
DA:2755,0
DA:2756,0
DA:2757,0
DA:2760,0
DA:2761,0
DA:2763,0
DA:2765,0
DA:2766,0
DA:2768,0
DA:2769,0
DA:2770,0
DA:2771,0
DA:2773,0
DA:2774,0
DA:2778,0
DA:2783,0
DA:2784,0
DA:2785,0
DA:2788,0
DA:2798,3
DA:2799,3
DA:2801,3
DA:2802,3
DA:2803,0
DA:2804,0
DA:2808,3
DA:2809,3
DA:2811,3
DA:2812,6
DA:2813,6
DA:2814,6
DA:2815,6
DA:2816,6
DA:2818,6
DA:2819,6
DA:2823,3
DA:2824,3
DA:2827,3
DA:2828,3
DA:2829,0
DA:2832,0
DA:2833,0
DA:2835,0
DA:2837,0
DA:2843,0
DA:2844,0
DA:2845,0
DA:2848,3
DA:2859,0
DA:2860,0
DA:2862,0
DA:2863,0
DA:2864,0
DA:2879,0
DA:2884,0
DA:2885,0
DA:2886,0
DA:2888,0
DA:2891,0
DA:2893,0
DA:2909,3
DA:2916,31
DA:2923,7
DA:2934,6
DA:2935,6
DA:2936,2
DA:2938,4
DA:2939,3
DA:2941,1
DA:2942,1
DA:2943,1
DA:2950,11
DA:2951,11
DA:2952,2
DA:2954,9
DA:2955,9
DA:2961,9
DA:2962,9
DA:2963,9
DA:2970,4
DA:2971,4
DA:2972,0
DA:2974,7
DA:2975,4
DA:2976,1
DA:2978,3
DA:2980,3
DA:2981,4
DA:2983,3
DA:2990,4
DA:2991,4
DA:2992,4
DA:2999,3
DA:3006,1
LF:1156
LH:588
BRDA:62,0,0,0
BRDA:90,1,0,45
BRDA:90,1,1,0
BRDA:91,2,0,45
BRDA:91,2,1,0
BRDA:92,3,0,45
BRDA:92,3,1,0
BRDA:95,4,0,0
BRDA:110,5,0,0
BRDA:143,6,0,0
BRDA:143,6,1,0
BRDA:146,7,0,0
BRDA:166,8,0,0
BRDA:166,8,1,0
BRDA:172,9,0,0
BRDA:192,10,0,0
BRDA:192,11,0,0
BRDA:192,11,1,0
BRDA:219,12,0,0
BRDA:387,13,0,34
BRDA:394,14,0,2
BRDA:395,15,0,1
BRDA:395,15,1,1
BRDA:407,16,0,9
BRDA:413,17,0,1
BRDA:437,18,0,8
BRDA:437,18,1,37
BRDA:437,19,0,8
BRDA:437,19,1,0
BRDA:438,20,0,8
BRDA:438,20,1,37
BRDA:444,21,0,45
BRDA:444,21,1,44
BRDA:447,22,0,45
BRDA:447,22,1,44
BRDA:449,23,0,1
BRDA:449,23,1,44
BRDA:461,24,0,8
BRDA:463,25,0,8
BRDA:483,26,0,1
BRDA:483,27,0,1
BRDA:483,27,1,1
BRDA:483,27,2,0
BRDA:557,28,0,0
BRDA:557,28,1,0
BRDA:557,29,0,0
BRDA:557,29,1,0
BRDA:557,29,2,0
BRDA:559,30,0,0
BRDA:559,31,0,0
BRDA:559,31,1,0
BRDA:559,31,2,0
BRDA:559,31,3,0
BRDA:566,32,0,0
BRDA:566,33,0,0
BRDA:566,33,1,0
BRDA:574,34,0,0
BRDA:574,34,1,0
BRDA:574,35,0,0
BRDA:574,35,1,0
BRDA:576,36,0,0
BRDA:576,36,1,0
BRDA:576,37,0,0
BRDA:576,37,1,0
BRDA:578,38,0,0
BRDA:578,38,1,0
BRDA:578,39,0,0
BRDA:578,39,1,0
BRDA:580,40,0,0
BRDA:580,40,1,0
BRDA:580,41,0,0
BRDA:580,41,1,0
BRDA:582,42,0,0
BRDA:582,43,0,0
BRDA:582,43,1,0
BRDA:627,44,0,12
BRDA:627,45,0,88
BRDA:627,45,1,12
BRDA:725,46,0,0
BRDA:725,46,1,0
BRDA:729,47,0,0
BRDA:751,48,0,0
BRDA:785,49,0,0
BRDA:822,50,0,2
BRDA:837,51,0,8
BRDA:838,52,0,6
BRDA:838,52,1,2
BRDA:857,53,0,6
BRDA:860,54,0,0
BRDA:898,55,0,0
BRDA:903,56,0,0
BRDA:918,57,0,0
BRDA:956,58,0,0
BRDA:987,59,0,0
BRDA:987,60,0,0
BRDA:987,60,1,0
BRDA:1019,61,0,0
BRDA:1019,61,1,0
BRDA:1057,62,0,0
BRDA:1057,63,0,0
BRDA:1057,63,1,0
BRDA:1089,64,0,1
BRDA:1103,65,0,2
BRDA:1103,66,0,7
BRDA:1103,66,1,6
BRDA:1128,67,0,4
BRDA:1130,68,0,4
BRDA:1158,69,0,3
BRDA:1158,70,0,4
BRDA:1158,70,1,1
BRDA:1188,71,0,0
BRDA:1237,72,0,5
BRDA:1242,73,0,5
BRDA:1267,74,0,8
BRDA:1272,75,0,8
BRDA:1302,76,0,0
BRDA:1304,77,0,12
BRDA:1304,77,1,4
BRDA:1306,78,0,4
BRDA:1306,78,1,4
BRDA:1322,79,0,4
BRDA:1353,80,0,1
BRDA:1353,80,1,1
BRDA:1356,81,0,1
BRDA:1356,81,1,0
BRDA:1360,82,0,1
BRDA:1360,82,1,0
BRDA:1367,83,0,1
BRDA:1375,84,0,2
BRDA:1375,84,1,0
BRDA:1375,85,0,2
BRDA:1375,85,1,2
BRDA:1375,85,2,2
BRDA:1392,86,0,0
BRDA:1392,86,1,0
BRDA:1427,87,0,2
BRDA:1444,88,0,0
BRDA:1461,89,0,0
BRDA:1463,90,0,0
BRDA:1482,91,0,1
BRDA:1502,92,0,2
BRDA:1502,93,0,2
BRDA:1502,93,1,2
BRDA:1533,94,0,8
BRDA:1633,95,0,2
BRDA:1644,96,0,0
BRDA:1697,97,0,2
BRDA:1706,98,0,0
BRDA:1723,99,0,0
BRDA:1724,100,0,0
BRDA:1724,100,1,0
BRDA:1780,101,0,0
BRDA:1788,102,0,0
BRDA:1844,103,0,0
BRDA:1845,104,0,0
BRDA:1845,104,1,0
BRDA:1846,105,0,0
BRDA:1846,105,1,0
BRDA:1849,106,0,0
BRDA:1850,107,0,0
BRDA:1850,107,1,0
BRDA:1951,108,0,0
BRDA:1996,109,0,0
BRDA:2048,110,0,4
BRDA:2088,111,0,1
BRDA:2100,112,0,0
BRDA:2103,113,0,0
BRDA:2109,114,0,0
BRDA:2109,114,1,0
BRDA:2110,115,0,0
BRDA:2110,115,1,0
BRDA:2153,116,0,0
BRDA:2153,117,0,0
BRDA:2153,117,1,0
BRDA:2157,118,0,0
BRDA:2157,119,0,0
BRDA:2157,119,1,0
BRDA:2209,120,0,0
BRDA:2209,121,0,0
BRDA:2209,121,1,0
BRDA:2213,122,0,0
BRDA:2213,123,0,0
BRDA:2213,123,1,0
BRDA:2270,124,0,0
BRDA:2270,125,0,1
BRDA:2270,125,1,0
BRDA:2304,126,0,6
BRDA:2307,127,0,0
BRDA:2334,128,0,6
BRDA:2336,129,0,5
BRDA:2354,130,0,5
BRDA:2354,130,1,0
BRDA:2358,131,0,6
BRDA:2358,131,1,0
BRDA:2369,132,0,6
BRDA:2370,133,0,6
BRDA:2370,133,1,3
BRDA:2413,134,0,3
BRDA:2413,134,1,0
BRDA:2438,135,0,6
BRDA:2463,136,0,0
BRDA:2506,137,0,0
BRDA:2514,138,0,0
BRDA:2514,138,1,0
BRDA:2514,139,0,0
BRDA:2514,139,1,0
BRDA:2528,140,0,0
BRDA:2562,141,0,0
BRDA:2587,142,0,0
BRDA:2603,143,0,0
BRDA:2649,144,0,0
BRDA:2651,145,0,0
BRDA:2660,146,0,0
BRDA:2660,147,0,0
BRDA:2660,147,1,0
BRDA:2668,148,0,0
BRDA:2700,149,0,0
BRDA:2713,150,0,0
BRDA:2713,151,0,0
BRDA:2713,151,1,0
BRDA:2714,152,0,0
BRDA:2714,152,1,0
BRDA:2755,153,0,0
BRDA:2768,154,0,0
BRDA:2768,155,0,0
BRDA:2768,155,1,0
BRDA:2769,156,0,0
BRDA:2769,156,1,0
BRDA:2802,157,0,0
BRDA:2815,158,0,6
BRDA:2815,158,1,0
BRDA:2816,159,0,6
BRDA:2816,159,1,0
BRDA:2924,160,0,0
BRDA:2924,160,1,7
BRDA:2935,161,0,2
BRDA:2938,162,0,3
BRDA:2938,163,0,4
BRDA:2938,163,1,2
BRDA:2938,163,2,2
BRDA:2938,163,3,1
BRDA:2951,164,0,2
BRDA:2971,165,0,0
BRDA:2975,166,0,1
BRF:244
BRH:92
end_of_record
TN:
SF:src/services/gemini-service.ts
FN:14,(anonymous_0)
FN:28,(anonymous_1)
FN:227,(anonymous_2)
FNF:3
FNH:0
FNDA:0,(anonymous_0)
FNDA:0,(anonymous_1)
FNDA:0,(anonymous_2)
DA:1,0
DA:2,0
DA:8,0
DA:12,0
DA:15,0
DA:16,0
DA:18,0
DA:32,0
DA:33,0
DA:37,0
DA:39,0
DA:40,0
DA:49,0
DA:50,0
DA:59,0
DA:73,0
DA:78,0
DA:79,0
DA:80,0
DA:81,0
DA:82,0
DA:83,0
DA:84,0
DA:85,0
DA:88,0
DA:96,0
DA:97,0
DA:98,0
DA:104,0
DA:114,0
DA:115,0
DA:116,0
DA:118,0
DA:119,0
DA:127,0
DA:129,0
DA:130,0
DA:132,0
DA:133,0
DA:136,0
DA:137,0
DA:140,0
DA:143,0
DA:145,0
DA:146,0
DA:148,0
DA:149,0
DA:151,0
DA:152,0
DA:154,0
DA:157,0
DA:158,0
DA:159,0
DA:160,0
DA:161,0
DA:163,0
DA:169,0
DA:170,0
DA:176,0
DA:177,0
DA:185,0
DA:186,0
DA:187,0
DA:192,0
DA:193,0
DA:194,0
DA:195,0
DA:196,0
DA:197,0
DA:198,0
DA:199,0
DA:200,0
DA:201,0
DA:203,0
DA:206,0
DA:208,0
DA:209,0
DA:212,0
DA:228,0
DA:230,0
DA:232,0
DA:233,0
DA:238,0
LF:83
LH:0
BRDA:39,0,0,0
BRDA:39,1,0,0
BRDA:39,1,1,0
BRDA:49,2,0,0
BRDA:49,3,0,0
BRDA:49,3,1,0
BRDA:96,4,0,0
BRDA:118,5,0,0
BRDA:132,6,0,0
BRDA:143,7,0,0
BRDA:143,7,1,0
BRDA:146,8,0,0
BRDA:151,9,0,0
BRDA:151,9,1,0
BRDA:152,10,0,0
BRDA:152,11,0,0
BRDA:152,11,1,0
BRDA:157,12,0,0
BRDA:157,13,0,0
BRDA:157,13,1,0
BRDA:158,14,0,0
BRDA:158,14,1,0
BRDA:159,15,0,0
BRDA:169,16,0,0
BRDA:176,17,0,0
BRDA:176,18,0,0
BRDA:176,18,1,0
BRDA:176,18,2,0
BRDA:208,19,0,0
BRDA:208,20,0,0
BRDA:208,20,1,0
BRF:31
BRH:0
end_of_record
TN:
SF:src/types/errors.ts
FN:23,(anonymous_0)
FN:46,(anonymous_1)
FN:63,(anonymous_2)
FN:78,(anonymous_3)
FN:96,(anonymous_4)
FN:119,(anonymous_5)
FN:142,(anonymous_6)
FN:166,(anonymous_7)
FN:188,(anonymous_8)
FN:195,(anonymous_9)
FN:212,(anonymous_10)
FN:227,(anonymous_11)
FN:241,(anonymous_12)
FN:255,(anonymous_13)
FNF:14
FNH:11
FNDA:23,(anonymous_0)
FNDA:0,(anonymous_1)
FNDA:1,(anonymous_2)
FNDA:2,(anonymous_3)
FNDA:17,(anonymous_4)
FNDA:3,(anonymous_5)
FNDA:0,(anonymous_6)
FNDA:0,(anonymous_7)
FNDA:102,(anonymous_8)
FNDA:23,(anonymous_9)
FNDA:1,(anonymous_10)
FNDA:2,(anonymous_11)
FNDA:17,(anonymous_12)
FNDA:3,(anonymous_13)
DA:17,2
DA:30,23
DA:31,23
DA:32,23
DA:33,23
DA:34,23
DA:35,23
DA:38,23
DA:39,23
DA:47,0
DA:62,2
DA:70,1
DA:77,2
DA:85,2
DA:92,2
DA:102,17
DA:103,17
DA:105,17
DA:107,17
DA:108,17
DA:115,2
DA:125,3
DA:127,3
DA:129,3
DA:130,3
DA:137,2
DA:148,0
DA:149,0
DA:151,0
DA:153,0
DA:154,0
DA:155,0
DA:162,2
DA:172,0
DA:173,0
DA:175,0
DA:177,0
DA:178,0
DA:185,2
DA:189,102
DA:196,23
DA:202,23
DA:203,4
DA:206,23
DA:220,1
DA:221,1
DA:234,2
DA:235,2
DA:248,17
DA:249,17
DA:262,3
DA:263,3
LF:52
LH:40
BRDA:28,0,0,0
BRDA:38,1,0,23
BRDA:38,2,0,23
BRDA:38,2,1,23
BRDA:68,3,0,0
BRDA:83,4,0,2
BRDA:202,5,0,4
BRDA:218,6,0,1
BRF:8
BRH:6
end_of_record
TN:
SF:src/utils/logger.ts
FN:6,(anonymous_0)
FN:36,(anonymous_1)
FN:45,(anonymous_2)
FN:56,(anonymous_3)
FN:68,(anonymous_4)
FN:81,(anonymous_5)
FN:94,(anonymous_6)
FN:107,(anonymous_7)
FN:119,(anonymous_8)
FN:133,(anonymous_9)
FN:147,(anonymous_10)
FN:158,(anonymous_11)
FN:169,(anonymous_12)
FN:180,(anonymous_13)
FN:191,(anonymous_14)
FN:199,(anonymous_15)
FN:227,(anonymous_16)
FN:247,(anonymous_17)
FN:257,(anonymous_18)
FN:267,(anonymous_19)
FN:275,(anonymous_20)
FN:277,(anonymous_21)
FN:285,(anonymous_22)
FN:292,(anonymous_23)
FN:299,(anonymous_24)
FNF:25
FNH:24
FNDA:2,(anonymous_0)
FNDA:86,(anonymous_1)
FNDA:657,(anonymous_2)
FNDA:646,(anonymous_3)
FNDA:74,(anonymous_4)
FNDA:20,(anonymous_5)
FNDA:390,(anonymous_6)
FNDA:5,(anonymous_7)
FNDA:521,(anonymous_8)
FNDA:12,(anonymous_9)
FNDA:143,(anonymous_10)
FNDA:2,(anonymous_11)
FNDA:1,(anonymous_12)
FNDA:1,(anonymous_13)
FNDA:9,(anonymous_14)
FNDA:2481,(anonymous_15)
FNDA:786,(anonymous_16)
FNDA:646,(anonymous_17)
FNDA:1617,(anonymous_18)
FNDA:133,(anonymous_19)
FNDA:1230,(anonymous_20)
FNDA:8599,(anonymous_21)
FNDA:86,(anonymous_22)
FNDA:86,(anonymous_23)
FNDA:0,(anonymous_24)
DA:6,2
DA:7,2
DA:8,2
DA:9,2
DA:10,2
DA:11,2
DA:12,2
DA:31,2
DA:37,86
DA:38,86
DA:39,86
DA:46,657
DA:57,646
DA:69,74
DA:82,20
DA:95,390
DA:108,5
DA:120,521
DA:121,521
DA:134,12
DA:148,143
DA:159,2
DA:170,1
DA:181,1
DA:192,9
DA:200,2481
DA:212,2481
DA:213,2481
DA:216,1
DA:220,1
DA:228,786
DA:230,786
DA:231,1230
DA:232,1230
DA:233,1230
DA:234,3
DA:236,1227
DA:241,786
DA:248,646
DA:249,410
DA:251,236
DA:258,1617
DA:259,0
DA:261,1617
DA:268,133
DA:269,129
DA:276,1230
DA:277,1230
DA:278,8599
DA:286,86
DA:293,86
DA:300,0
LF:52
LH:50
BRDA:6,0,0,2
BRDA:6,0,1,2
BRDA:45,1,0,119
BRDA:120,2,0,3
BRDA:120,2,1,518
BRDA:151,3,0,121
BRDA:151,3,1,22
BRDA:151,4,0,121
BRDA:151,4,1,0
BRDA:199,5,0,0
BRDA:204,6,0,2481
BRDA:204,6,1,5
BRDA:231,7,0,1230
BRDA:233,8,0,3
BRDA:233,8,1,1227
BRDA:248,9,0,410
BRDA:248,10,0,646
BRDA:248,10,1,410
BRDA:258,11,0,0
BRDA:258,12,0,1617
BRDA:258,12,1,1130
BRDA:268,13,0,4
BRF:22
BRH:19
end_of_record
TN:
SF:src/utils/markdown.ts
FN:10,(anonymous_0)
FN:21,(anonymous_1)
FN:48,(anonymous_2)
FN:112,(anonymous_3)
FN:124,(anonymous_4)
FN:157,(anonymous_5)
FN:178,(anonymous_6)
FN:188,(anonymous_7)
FNF:8
FNH:0
FNDA:0,(anonymous_0)
FNDA:0,(anonymous_1)
FNDA:0,(anonymous_2)
FNDA:0,(anonymous_3)
FNDA:0,(anonymous_4)
FNDA:0,(anonymous_5)
FNDA:0,(anonymous_6)
FNDA:0,(anonymous_7)
DA:1,0
DA:7,0
DA:11,0
DA:22,0
DA:23,0
DA:28,0
DA:30,0
DA:31,0
DA:34,0
DA:37,0
DA:38,0
DA:39,0
DA:43,0
DA:44,0
DA:47,0
DA:49,0
DA:50,0
DA:51,0
DA:53,0
DA:57,0
DA:60,0
DA:67,0
DA:70,0
DA:72,0
DA:78,0
DA:79,0
DA:80,0
DA:82,0
DA:85,0
DA:86,0
DA:87,0
DA:89,0
DA:90,0
DA:92,0
DA:96,0
DA:102,0
DA:103,0
DA:113,0
DA:114,0
DA:118,0
DA:119,0
DA:120,0
DA:122,0
DA:124,0
DA:125,0
DA:126,0
DA:127,0
DA:129,0
DA:135,0
DA:136,0
DA:137,0
DA:141,0
DA:145,0
DA:158,0
DA:159,0
DA:163,0
DA:178,0
DA:189,0
DA:190,0
DA:191,0
DA:196,0
LF:61
LH:0
BRDA:21,0,0,0
BRDA:30,1,0,0
BRDA:37,2,0,0
BRDA:43,3,0,0
BRDA:43,3,1,0
BRDA:43,4,0,0
BRDA:43,4,1,0
BRDA:49,5,0,0
BRDA:49,6,0,0
BRDA:49,6,1,0
BRDA:115,7,0,0
BRDA:115,7,1,0
BRDA:119,8,0,0
BRDA:119,8,1,0
BRDA:146,9,0,0
BRDA:146,9,1,0
BRDA:158,10,0,0
BRDA:158,11,0,0
BRDA:158,11,1,0
BRF:19
BRH:0
end_of_record
TN:
SF:src/utils/quill-manager.ts
FN:12,(anonymous_0)
FN:26,(anonymous_1)
FN:89,(anonymous_2)
FN:129,(anonymous_3)
FN:160,(anonymous_4)
FN:166,(anonymous_5)
FN:172,(anonymous_6)
FN:198,(anonymous_7)
FN:234,(anonymous_8)
FN:266,(anonymous_9)
FN:297,(anonymous_10)
FN:323,(anonymous_11)
FN:352,(anonymous_12)
FNF:13
FNH:0
FNDA:0,(anonymous_0)
FNDA:0,(anonymous_1)
FNDA:0,(anonymous_2)
FNDA:0,(anonymous_3)
FNDA:0,(anonymous_4)
FNDA:0,(anonymous_5)
FNDA:0,(anonymous_6)
FNDA:0,(anonymous_7)
FNDA:0,(anonymous_8)
FNDA:0,(anonymous_9)
FNDA:0,(anonymous_10)
FNDA:0,(anonymous_11)
FNDA:0,(anonymous_12)
DA:1,0
DA:7,0
DA:9,0
DA:13,0
DA:14,0
DA:32,0
DA:33,0
DA:38,0
DA:40,0
DA:41,0
DA:42,0
DA:46,0
DA:47,0
DA:51,0
DA:52,0
DA:53,0
DA:56,0
DA:72,0
DA:75,0
DA:77,0
DA:79,0
DA:82,0
DA:83,0
DA:88,0
DA:89,0
DA:91,0
DA:93,0
DA:96,0
DA:98,0
DA:107,0
DA:109,0
DA:111,0
DA:112,0
DA:113,0
DA:115,0
DA:118,0
DA:119,0
DA:130,0
DA:131,0
DA:133,0
DA:134,0
DA:135,0
DA:136,0
DA:137,0
DA:138,0
DA:139,0
DA:140,0
DA:141,0
DA:142,0
DA:143,0
DA:144,0
DA:145,0
DA:146,0
DA:147,0
DA:148,0
DA:149,0
DA:150,0
DA:151,0
DA:152,0
DA:154,0
DA:155,0
DA:157,0
DA:160,0
DA:161,0
DA:162,0
DA:166,0
DA:167,0
DA:168,0
DA:172,0
DA:173,0
DA:174,0
DA:178,0
DA:179,0
DA:182,0
DA:185,0
DA:189,0
DA:199,0
DA:204,0
DA:205,0
DA:207,0
DA:208,0
DA:209,0
DA:212,0
DA:214,0
DA:217,0
DA:218,0
DA:221,0
DA:224,0
DA:235,0
DA:237,0
DA:238,0
DA:240,0
DA:241,0
DA:242,0
DA:245,0
DA:247,0
DA:252,0
DA:255,0
DA:256,0
DA:267,0
DA:269,0
DA:270,0
DA:272,0
DA:273,0
DA:274,0
DA:277,0
DA:279,0
DA:284,0
DA:287,0
DA:288,0
DA:298,0
DA:300,0
DA:301,0
DA:303,0
DA:305,0
DA:306,0
DA:307,0
DA:310,0
DA:312,0
DA:316,0
DA:324,0
DA:328,0
DA:329,0
DA:330,0
DA:331,0
DA:333,0
DA:337,0
DA:339,0
DA:342,0
DA:353,0
DA:355,0
DA:356,0
DA:357,0
DA:363,0
LF:134
LH:0
BRDA:40,0,0,0
BRDA:46,1,0,0
BRDA:75,2,0,0
BRDA:77,3,0,0
BRDA:77,3,1,0
BRDA:77,4,0,0
BRDA:77,4,1,0
BRDA:88,5,0,0
BRDA:134,6,0,0
BRDA:134,6,1,0
BRDA:137,7,0,0
BRDA:137,7,1,0
BRDA:140,8,0,0
BRDA:140,8,1,0
BRDA:143,9,0,0
BRDA:143,9,1,0
BRDA:146,10,0,0
BRDA:146,10,1,0
BRDA:149,11,0,0
BRDA:149,11,1,0
BRDA:152,12,0,0
BRDA:152,12,1,0
BRDA:155,13,0,0
BRDA:155,13,1,0
BRDA:178,14,0,0
BRDA:207,15,0,0
BRDA:212,16,0,0
BRDA:212,16,1,0
BRDA:212,17,0,0
BRDA:212,17,1,0
BRDA:240,18,0,0
BRDA:272,19,0,0
BRDA:303,20,0,0
BRDA:306,21,0,0
BRDA:306,22,0,0
BRDA:306,22,1,0
BRDA:355,23,0,0
BRDA:357,24,0,0
BRDA:357,24,1,0
BRF:39
BRH:0
end_of_record
TN:
SF:src/utils/tree-layout.ts
FN:54,calculateTreeLayout
FN:74,(anonymous_1)
FN:106,calculateSubtreeWidth
FN:117,(anonymous_3)
FN:138,layoutSubtree
FN:161,(anonymous_5)
FN:165,(anonymous_6)
FNF:7
FNH:7
FNDA:19,calculateTreeLayout
FNDA:154,(anonymous_1)
FNDA:294,calculateSubtreeWidth
FNDA:143,(anonymous_3)
FNDA:151,layoutSubtree
FNDA:134,(anonymous_5)
FNDA:134,(anonymous_6)
DA:54,2
DA:58,19
DA:59,1
DA:62,18
DA:63,18
DA:64,18
DA:67,18
DA:68,154
DA:69,137
DA:70,137
DA:74,154
DA:75,18
DA:77,18
DA:78,17
DA:79,17
DA:81,17
DA:90,17
DA:93,18
DA:111,294
DA:113,294
DA:114,270
DA:117,24
DA:118,143
DA:121,24
DA:123,24
DA:146,151
DA:149,151
DA:153,151
DA:155,151
DA:157,151
DA:158,133
DA:161,18
DA:162,134
DA:165,134
DA:166,18
DA:167,18
DA:169,18
DA:171,18
DA:172,134
DA:173,134
DA:175,134
DA:176,134
DA:178,134
DA:187,134
LF:44
LH:44
BRDA:58,0,0,1
BRDA:68,1,0,137
BRDA:69,2,0,137
BRDA:69,2,1,21
BRDA:111,3,0,294
BRDA:111,3,1,270
BRDA:113,4,0,270
BRDA:155,5,0,151
BRDA:155,5,1,133
BRDA:157,6,0,133
BRDA:175,7,0,134
BRDA:175,8,0,134
BRDA:175,8,1,134
BRF:13
BRH:13
end_of_record
TN:
SF:src/utils/type-guards.ts
FN:19,isNodeBlockType
FN:32,isPosition
FN:49,isNodeBlock
FN:73,isGraphNode
FN:85,(anonymous_4)
FN:87,(anonymous_5)
FN:105,(anonymous_6)
FN:112,(anonymous_7)
FN:148,(anonymous_8)
FN:175,(anonymous_9)
FN:192,(anonymous_10)
FN:209,(anonymous_11)
FN:226,(anonymous_12)
FN:266,(anonymous_13)
FN:325,(anonymous_14)
FN:345,(anonymous_15)
FNF:16
FNH:16
FNDA:278,isNodeBlockType
FNDA:160,isPosition
FNDA:274,isNodeBlock
FNDA:146,isGraphNode
FNDA:6,(anonymous_4)
FNDA:159,(anonymous_5)
FNDA:57,(anonymous_6)
FNDA:117,(anonymous_7)
FNDA:138,(anonymous_8)
FNDA:4,(anonymous_9)
FNDA:96,(anonymous_10)
FNDA:130,(anonymous_11)
FNDA:46,(anonymous_12)
FNDA:63,(anonymous_13)
FNDA:17,(anonymous_14)
FNDA:5,(anonymous_15)
DA:9,2
DA:19,2
DA:20,278
DA:32,2
DA:33,160
DA:49,2
DA:50,274
DA:51,5
DA:54,269
DA:56,269
DA:73,2
DA:74,146
DA:75,1
DA:78,145
DA:80,145
DA:85,6
DA:87,159
DA:102,2
DA:106,57
DA:117,117
DA:118,3
DA:126,114
DA:127,2
DA:135,112
DA:136,0
DA:153,138
DA:154,1
DA:162,137
DA:163,1
DA:179,4
DA:180,2
DA:196,96
DA:197,2
DA:213,130
DA:214,2
DA:230,46
DA:231,46
DA:234,46
DA:235,63
DA:236,51
DA:240,63
DA:241,12
DA:242,12
DA:243,0
DA:251,12
DA:252,0
DA:273,63
DA:274,0
DA:282,63
DA:283,0
DA:286,63
DA:287,63
DA:290,63
DA:291,12
DA:292,12
DA:293,0
DA:301,12
DA:302,0
DA:312,63
DA:313,12
DA:314,12
DA:315,12
DA:319,63
DA:332,17
DA:333,0
DA:350,5
DA:351,3
LF:67
LH:59
BRDA:20,0,0,278
BRDA:20,0,1,271
BRDA:33,1,0,160
BRDA:33,1,1,157
BRDA:33,1,2,155
BRDA:33,1,3,150
BRDA:33,1,4,147
BRDA:33,1,5,142
BRDA:50,2,0,5
BRDA:50,3,0,274
BRDA:50,3,1,271
BRDA:56,4,0,269
BRDA:56,4,1,264
BRDA:56,4,2,264
BRDA:56,4,3,262
BRDA:56,4,4,260
BRDA:56,4,5,258
BRDA:56,4,6,256
BRDA:74,5,0,1
BRDA:74,6,0,146
BRDA:74,6,1,146
BRDA:80,7,0,145
BRDA:80,7,1,142
BRDA:80,7,2,142
BRDA:80,7,3,140
BRDA:80,7,4,21
BRDA:80,7,5,139
BRDA:80,7,6,138
BRDA:80,7,7,137
BRDA:80,7,8,136
BRDA:80,7,9,135
BRDA:80,7,10,134
BRDA:80,7,11,133
BRDA:80,7,12,132
BRDA:117,8,0,3
BRDA:126,9,0,2
BRDA:126,10,0,114
BRDA:126,10,1,113
BRDA:135,11,0,0
BRDA:135,12,0,112
BRDA:135,12,1,0
BRDA:153,13,0,1
BRDA:162,14,0,1
BRDA:179,15,0,2
BRDA:196,16,0,2
BRDA:213,17,0,2
BRDA:235,18,0,51
BRDA:242,19,0,0
BRDA:251,20,0,0
BRDA:273,21,0,0
BRDA:282,22,0,0
BRDA:290,23,0,12
BRDA:292,24,0,0
BRDA:301,25,0,0
BRDA:314,26,0,12
BRDA:332,27,0,0
BRDA:332,28,0,17
BRDA:332,28,1,17
BRDA:332,28,2,17
BRDA:350,29,0,3
BRDA:350,30,0,5
BRDA:350,30,1,3
BRF:62
BRH:53
end_of_record
