TN:
SF:src/components/graph-editor.ts
FN:62,(anonymous_0)
FN:130,(anonymous_1)
FN:136,(anonymous_2)
FN:157,(anonymous_3)
FN:191,(anonymous_4)
FN:207,(anonymous_5)
FN:266,(anonymous_6)
FN:306,(anonymous_7)
FN:387,(anonymous_8)
FN:507,(anonymous_9)
FN:541,(anonymous_10)
FN:547,(anonymous_11)
FN:623,(anonymous_12)
FN:628,(anonymous_13)
FN:629,(anonymous_14)
FN:646,(anonymous_15)
FN:714,(anonymous_16)
FN:722,(anonymous_17)
FN:750,(anonymous_18)
FN:784,(anonymous_19)
FN:822,(anonymous_20)
FN:859,(anonymous_21)
FN:891,(anonymous_22)
FN:945,(anonymous_23)
FN:1008,(anonymous_24)
FN:1078,(anonymous_25)
FN:1099,(anonymous_26)
FN:1123,(anonymous_27)
FN:1171,(anonymous_28)
FN:1226,(anonymous_29)
FN:1256,(anonymous_30)
FN:1288,(anonymous_31)
FN:1300,(anonymous_32)
FN:1301,(anonymous_33)
FN:1341,(anonymous_34)
FN:1349,(anonymous_35)
FN:1409,(anonymous_36)
FN:1458,(anonymous_37)
FN:1515,(anonymous_38)
FN:1555,(anonymous_39)
FN:1561,(anonymous_40)
FN:1613,(anonymous_41)
FN:1674,(anonymous_42)
FN:1704,(anonymous_43)
FN:1757,(anonymous_44)
FN:1817,(anonymous_45)
FN:1896,(anonymous_46)
FN:1936,(anonymous_47)
FN:1981,(anonymous_48)
FN:2028,(anonymous_49)
FN:2068,(anonymous_50)
FN:2075,(anonymous_51)
FN:2129,(anonymous_52)
FN:2185,(anonymous_53)
FN:2241,(anonymous_54)
FN:2295,(anonymous_55)
FN:2315,(anonymous_56)
FN:2341,(anonymous_57)
FN:2386,(anonymous_58)
FN:2406,(anonymous_59)
FN:2420,(anonymous_60)
FN:2443,(anonymous_61)
FN:2452,(anonymous_62)
FN:2492,(anonymous_63)
FN:2505,(anonymous_64)
FN:2520,(anonymous_65)
FN:2528,(anonymous_66)
FN:2548,(anonymous_67)
FN:2566,(anonymous_68)
FN:2579,(anonymous_69)
FN:2595,(anonymous_70)
FN:2620,(anonymous_71)
FN:2627,(anonymous_72)
FN:2633,(anonymous_73)
FN:2652,(anonymous_74)
FN:2660,(anonymous_75)
FN:2686,(anonymous_76)
FN:2741,(anonymous_77)
FN:2790,(anonymous_78)
FN:2851,(anonymous_79)
FN:2857,(anonymous_80)
FN:2901,(anonymous_81)
FN:2908,(anonymous_82)
FN:2915,(anonymous_83)
FN:2926,(anonymous_84)
FN:2942,(anonymous_85)
FN:2962,(anonymous_86)
FN:2967,(anonymous_87)
FN:2973,(anonymous_88)
FN:2982,(anonymous_89)
FN:2991,(anonymous_90)
FN:2998,(anonymous_91)
FNF:92
FNH:55
FNDA:45,(anonymous_0)
FNDA:45,(anonymous_1)
FNDA:0,(anonymous_2)
FNDA:0,(anonymous_3)
FNDA:0,(anonymous_4)
FNDA:0,(anonymous_5)
FNDA:9,(anonymous_6)
FNDA:0,(anonymous_7)
FNDA:46,(anonymous_8)
FNDA:63,(anonymous_9)
FNDA:82,(anonymous_10)
FNDA:0,(anonymous_11)
FNDA:82,(anonymous_12)
FNDA:32,(anonymous_13)
FNDA:14,(anonymous_14)
FNDA:82,(anonymous_15)
FNDA:63,(anonymous_16)
FNDA:0,(anonymous_17)
FNDA:0,(anonymous_18)
FNDA:0,(anonymous_19)
FNDA:8,(anonymous_20)
FNDA:0,(anonymous_21)
FNDA:0,(anonymous_22)
FNDA:0,(anonymous_23)
FNDA:0,(anonymous_24)
FNDA:8,(anonymous_25)
FNDA:6,(anonymous_26)
FNDA:8,(anonymous_27)
FNDA:5,(anonymous_28)
FNDA:5,(anonymous_29)
FNDA:9,(anonymous_30)
FNDA:8,(anonymous_31)
FNDA:16,(anonymous_32)
FNDA:0,(anonymous_33)
FNDA:2,(anonymous_34)
FNDA:2,(anonymous_35)
FNDA:3,(anonymous_36)
FNDA:0,(anonymous_37)
FNDA:5,(anonymous_38)
FNDA:1,(anonymous_39)
FNDA:2,(anonymous_40)
FNDA:2,(anonymous_41)
FNDA:2,(anonymous_42)
FNDA:0,(anonymous_43)
FNDA:14,(anonymous_44)
FNDA:0,(anonymous_45)
FNDA:1,(anonymous_46)
FNDA:0,(anonymous_47)
FNDA:0,(anonymous_48)
FNDA:4,(anonymous_49)
FNDA:0,(anonymous_50)
FNDA:1,(anonymous_51)
FNDA:0,(anonymous_52)
FNDA:0,(anonymous_53)
FNDA:1,(anonymous_54)
FNDA:6,(anonymous_55)
FNDA:3,(anonymous_56)
FNDA:2,(anonymous_57)
FNDA:3,(anonymous_58)
FNDA:6,(anonymous_59)
FNDA:6,(anonymous_60)
FNDA:0,(anonymous_61)
FNDA:0,(anonymous_62)
FNDA:63,(anonymous_63)
FNDA:0,(anonymous_64)
FNDA:0,(anonymous_65)
FNDA:0,(anonymous_66)
FNDA:63,(anonymous_67)
FNDA:0,(anonymous_68)
FNDA:0,(anonymous_69)
FNDA:0,(anonymous_70)
FNDA:63,(anonymous_71)
FNDA:82,(anonymous_72)
FNDA:0,(anonymous_73)
FNDA:0,(anonymous_74)
FNDA:0,(anonymous_75)
FNDA:0,(anonymous_76)
FNDA:0,(anonymous_77)
FNDA:3,(anonymous_78)
FNDA:0,(anonymous_79)
FNDA:0,(anonymous_80)
FNDA:3,(anonymous_81)
FNDA:31,(anonymous_82)
FNDA:7,(anonymous_83)
FNDA:6,(anonymous_84)
FNDA:11,(anonymous_85)
FNDA:4,(anonymous_86)
FNDA:7,(anonymous_87)
FNDA:4,(anonymous_88)
FNDA:4,(anonymous_89)
FNDA:3,(anonymous_90)
FNDA:1,(anonymous_91)
DA:15,1
DA:16,1
DA:17,1
DA:18,1
DA:19,1
DA:24,1
DA:30,45
DA:31,45
DA:32,45
DA:34,45
DA:35,45
DA:36,45
DA:37,45
DA:38,45
DA:39,45
DA:40,45
DA:41,45
DA:42,45
DA:43,45
DA:44,45
DA:45,45
DA:63,45
DA:65,45
DA:66,45
DA:67,45
DA:69,45
DA:75,45
DA:77,45
DA:78,45
DA:79,45
DA:81,45
DA:82,45
DA:83,45
DA:86,45
DA:87,45
DA:88,45
DA:90,45
DA:91,45
DA:92,45
DA:94,45
DA:95,45
DA:96,0
DA:99,45
DA:100,45
DA:101,45
DA:104,0
DA:110,0
DA:111,0
DA:114,0
DA:131,45
DA:132,45
DA:134,45
DA:136,45
DA:137,0
DA:143,0
DA:144,0
DA:146,0
DA:147,0
DA:148,0
DA:149,0
DA:151,0
DA:152,0
DA:153,0
DA:157,45
DA:159,0
DA:166,0
DA:167,0
DA:172,0
DA:173,0
DA:174,0
DA:177,0
DA:178,0
DA:179,0
DA:181,0
DA:182,0
DA:184,0
DA:186,0
DA:187,0
DA:191,45
DA:192,0
DA:193,0
DA:199,0
DA:200,0
DA:202,0
DA:203,0
DA:207,45
DA:208,0
DA:210,0
DA:215,0
DA:216,0
DA:217,0
DA:219,0
DA:221,0
DA:222,0
DA:223,0
DA:226,0
DA:227,0
DA:230,0
DA:233,0
DA:234,0
DA:236,0
DA:237,0
DA:238,0
DA:240,0
DA:244,45
DA:245,45
DA:246,45
DA:249,0
DA:250,0
DA:267,9
DA:268,9
DA:274,9
DA:275,9
DA:276,9
DA:278,9
DA:280,9
DA:281,9
DA:282,9
DA:285,0
DA:291,0
DA:307,0
DA:308,0
DA:310,0
DA:312,0
DA:318,0
DA:319,0
DA:320,0
DA:323,0
DA:328,0
DA:333,0
DA:340,0
DA:346,0
DA:351,0
DA:357,0
DA:359,0
DA:360,0
DA:361,0
DA:364,0
DA:365,0
DA:388,46
DA:391,46
DA:394,46
DA:395,2
DA:396,1
DA:399,1
DA:403,46
DA:405,46
DA:407,46
DA:408,9
DA:410,9
DA:411,9
DA:413,9
DA:414,1
DA:425,45
DA:426,1
DA:427,1
DA:429,0
DA:430,0
DA:434,45
DA:435,45
DA:437,45
DA:438,45
DA:440,45
DA:442,45
DA:456,45
DA:458,45
DA:459,45
DA:461,45
DA:462,8
DA:463,8
DA:464,8
DA:465,8
DA:469,45
DA:472,45
DA:474,45
DA:475,45
DA:476,45
DA:478,45
DA:481,1
DA:483,1
DA:486,1
DA:489,0
DA:508,63
DA:509,63
DA:511,63
DA:512,63
DA:514,63
DA:515,63
DA:516,63
DA:517,63
DA:518,63
DA:520,63
DA:523,63
DA:525,63
DA:541,82
DA:547,63
DA:548,0
DA:549,0
DA:550,0
DA:556,0
DA:557,0
DA:558,0
DA:559,0
DA:560,0
DA:563,0
DA:564,0
DA:566,0
DA:567,0
DA:568,0
DA:569,0
DA:571,0
DA:572,0
DA:574,0
DA:575,0
DA:576,0
DA:577,0
DA:578,0
DA:579,0
DA:580,0
DA:581,0
DA:582,0
DA:583,0
DA:587,0
DA:591,63
DA:592,63
DA:593,63
DA:594,63
DA:595,63
DA:597,63
DA:599,63
DA:600,63
DA:601,63
DA:604,0
DA:606,0
DA:624,82
DA:627,82
DA:628,32
DA:629,14
DA:630,12
DA:634,70
DA:647,82
DA:654,82
DA:655,82
DA:656,82
DA:659,82
DA:661,82
DA:687,82
DA:688,82
DA:691,0
DA:697,0
DA:715,63
DA:716,63
DA:718,63
DA:719,63
DA:722,63
DA:723,0
DA:724,0
DA:725,0
DA:727,0
DA:729,0
DA:731,0
DA:732,0
DA:733,0
DA:734,0
DA:735,0
DA:736,0
DA:738,0
DA:742,0
DA:743,0
DA:746,0
DA:750,63
DA:751,0
DA:753,0
DA:754,0
DA:755,0
DA:758,0
DA:759,0
DA:760,0
DA:763,0
DA:770,0
DA:771,0
DA:773,0
DA:774,0
DA:776,0
DA:777,0
DA:780,0
DA:784,63
DA:785,0
DA:786,0
DA:792,0
DA:793,0
DA:796,63
DA:797,63
DA:798,63
DA:801,0
DA:803,0
DA:823,8
DA:825,8
DA:826,8
DA:827,8
DA:828,8
DA:830,8
DA:831,8
DA:833,8
DA:834,8
DA:835,8
DA:837,8
DA:838,8
DA:840,6
DA:843,6
DA:845,6
DA:851,2
DA:854,8
DA:855,8
DA:857,8
DA:859,6
DA:860,0
DA:861,0
DA:866,8
DA:867,8
DA:870,8
DA:873,0
DA:875,0
DA:892,0
DA:894,0
DA:895,0
DA:898,0
DA:899,0
DA:900,0
DA:901,0
DA:903,0
DA:904,0
DA:905,0
DA:911,0
DA:912,0
DA:914,0
DA:915,0
DA:916,0
DA:918,0
DA:919,0
DA:920,0
DA:923,0
DA:926,0
DA:928,0
DA:946,0
DA:947,0
DA:949,0
DA:950,0
DA:952,0
DA:953,0
DA:954,0
DA:956,0
DA:957,0
DA:966,0
DA:971,0
DA:977,0
DA:978,0
DA:980,0
DA:981,0
DA:982,0
DA:985,0
DA:987,0
DA:988,0
DA:991,0
DA:1009,0
DA:1010,0
DA:1012,0
DA:1013,0
DA:1015,0
DA:1016,0
DA:1017,0
DA:1019,0
DA:1020,0
DA:1027,0
DA:1029,0
DA:1030,0
DA:1032,0
DA:1034,0
DA:1040,0
DA:1041,0
DA:1042,0
DA:1045,0
DA:1055,0
DA:1057,0
DA:1058,0
DA:1061,0
DA:1079,8
DA:1080,8
DA:1082,8
DA:1083,8
DA:1085,8
DA:1086,8
DA:1087,8
DA:1089,8
DA:1090,1
DA:1099,7
DA:1100,7
DA:1101,7
DA:1103,7
DA:1104,2
DA:1113,5
DA:1115,5
DA:1117,5
DA:1120,5
DA:1121,5
DA:1124,8
DA:1125,8
DA:1129,4
DA:1135,5
DA:1138,4
DA:1139,4
DA:1140,4
DA:1146,4
DA:1147,4
DA:1149,4
DA:1150,3
DA:1153,1
DA:1172,5
DA:1173,5
DA:1178,5
DA:1179,5
DA:1180,5
DA:1181,0
DA:1190,5
DA:1197,5
DA:1199,5
DA:1200,5
DA:1202,5
DA:1203,5
DA:1205,5
DA:1206,5
DA:1207,5
DA:1212,5
DA:1215,0
DA:1216,0
DA:1227,5
DA:1229,5
DA:1230,5
DA:1231,5
DA:1232,5
DA:1235,5
DA:1236,5
DA:1237,5
DA:1238,5
DA:1241,5
DA:1244,5
DA:1246,0
DA:1257,9
DA:1259,9
DA:1260,9
DA:1261,9
DA:1262,8
DA:1265,8
DA:1266,8
DA:1267,6
DA:1268,6
DA:1271,8
DA:1274,9
DA:1276,0
DA:1289,8
DA:1294,8
DA:1295,8
DA:1296,8
DA:1299,8
DA:1300,16
DA:1301,0
DA:1303,8
DA:1304,0
DA:1305,0
DA:1309,8
DA:1312,8
DA:1313,8
DA:1314,8
DA:1316,8
DA:1317,8
DA:1320,8
DA:1323,8
DA:1328,8
DA:1330,0
DA:1346,2
DA:1347,1
DA:1348,1
DA:1349,2
DA:1351,1
DA:1352,1
DA:1353,1
DA:1356,2
DA:1358,2
DA:1359,2
DA:1360,2
DA:1361,1
DA:1364,2
DA:1365,2
DA:1366,2
DA:1368,2
DA:1369,2
DA:1370,2
DA:1371,2
DA:1373,2
DA:1374,2
DA:1382,2
DA:1385,0
DA:1386,0
DA:1390,0
DA:1392,0
DA:1410,3
DA:1411,3
DA:1413,3
DA:1414,3
DA:1416,3
DA:1417,3
DA:1418,3
DA:1420,3
DA:1421,2
DA:1431,1
DA:1432,1
DA:1437,1
DA:1438,0
DA:1444,0
DA:1454,1
DA:1455,0
DA:1456,0
DA:1457,0
DA:1458,0
DA:1460,0
DA:1461,0
DA:1471,1
DA:1472,1
DA:1473,1
DA:1475,1
DA:1476,1
DA:1477,1
DA:1480,1
DA:1481,1
DA:1483,1
DA:1486,1
DA:1488,1
DA:1489,1
DA:1490,1
DA:1493,2
DA:1495,2
DA:1496,2
DA:1499,0
DA:1516,5
DA:1517,5
DA:1519,5
DA:1520,5
DA:1522,5
DA:1523,5
DA:1524,5
DA:1526,5
DA:1527,5
DA:1528,5
DA:1531,5
DA:1532,5
DA:1534,5
DA:1535,5
DA:1536,5
DA:1539,0
DA:1541,0
DA:1556,1
DA:1557,1
DA:1559,1
DA:1561,2
DA:1562,1
DA:1564,1
DA:1565,1
DA:1567,1
DA:1569,1
DA:1570,2
DA:1575,2
DA:1576,2
DA:1577,2
DA:1578,2
DA:1580,2
DA:1583,1
DA:1585,1
DA:1586,1
DA:1587,1
DA:1594,0
DA:1596,0
DA:1614,2
DA:1616,2
DA:1617,2
DA:1618,2
DA:1620,2
DA:1621,2
DA:1626,2
DA:1627,2
DA:1628,2
DA:1631,0
DA:1633,0
DA:1635,0
DA:1636,0
DA:1637,0
DA:1638,0
DA:1639,0
DA:1641,0
DA:1645,0
DA:1646,0
DA:1648,0
DA:1649,0
DA:1651,0
DA:1654,0
DA:1656,0
DA:1675,2
DA:1677,2
DA:1678,2
DA:1679,2
DA:1682,2
DA:1684,2
DA:1685,2
DA:1690,2
DA:1691,2
DA:1692,2
DA:1696,0
DA:1697,0
DA:1698,0
DA:1699,0
DA:1700,0
DA:1704,0
DA:1705,0
DA:1706,0
DA:1708,0
DA:1710,0
DA:1712,0
DA:1714,0
DA:1715,0
DA:1716,0
DA:1717,0
DA:1718,0
DA:1720,0
DA:1727,0
DA:1728,0
DA:1730,0
DA:1734,0
DA:1740,0
DA:1742,0
DA:1758,14
DA:1759,14
DA:1761,14
DA:1762,14
DA:1763,14
DA:1765,14
DA:1767,14
DA:1769,14
DA:1770,14
DA:1771,14
DA:1773,14
DA:1774,0
DA:1775,0
DA:1776,0
DA:1781,0
DA:1782,0
DA:1783,0
DA:1785,0
DA:1790,14
DA:1791,14
DA:1792,14
DA:1798,0
DA:1800,0
DA:1818,0
DA:1823,0
DA:1824,0
DA:1825,0
DA:1827,0
DA:1830,0
DA:1831,0
DA:1833,0
DA:1834,0
DA:1835,0
DA:1837,0
DA:1838,0
DA:1839,0
DA:1842,0
DA:1843,0
DA:1846,0
DA:1847,0
DA:1848,0
DA:1849,0
DA:1851,0
DA:1852,0
DA:1853,0
DA:1854,0
DA:1857,0
DA:1858,0
DA:1860,0
DA:1861,0
DA:1863,0
DA:1865,0
DA:1871,0
DA:1877,0
DA:1882,0
DA:1897,1
DA:1898,1
DA:1900,1
DA:1901,1
DA:1906,1
DA:1911,1
DA:1914,1
DA:1916,1
DA:1917,1
DA:1918,1
DA:1921,0
DA:1923,0
DA:1937,0
DA:1938,0
DA:1940,0
DA:1941,0
DA:1942,0
DA:1944,0
DA:1946,0
DA:1947,0
DA:1948,0
DA:1950,0
DA:1951,0
DA:1953,0
DA:1955,0
DA:1956,0
DA:1958,0
DA:1959,0
DA:1962,0
DA:1963,0
DA:1964,0
DA:1967,0
DA:1968,0
DA:1982,0
DA:1983,0
DA:1985,0
DA:1986,0
DA:1987,0
DA:1989,0
DA:1991,0
DA:1992,0
DA:1993,0
DA:1995,0
DA:1996,0
DA:1998,0
DA:2000,0
DA:2001,0
DA:2003,0
DA:2004,0
DA:2007,0
DA:2008,0
DA:2009,0
DA:2012,0
DA:2013,0
DA:2029,4
DA:2030,4
DA:2032,4
DA:2033,4
DA:2035,4
DA:2036,4
DA:2041,4
DA:2042,4
DA:2043,4
DA:2044,4
DA:2047,4
DA:2048,4
DA:2049,4
DA:2052,0
DA:2053,0
DA:2069,0
DA:2076,1
DA:2077,1
DA:2079,1
DA:2080,1
DA:2081,1
DA:2082,1
DA:2083,1
DA:2086,0
DA:2087,0
DA:2089,0
DA:2091,0
DA:2092,0
DA:2093,0
DA:2094,0
DA:2095,0
DA:2096,0
DA:2097,0
DA:2102,0
DA:2103,0
DA:2105,0
DA:2111,0
DA:2113,0
DA:2114,0
DA:2115,0
DA:2122,0
DA:2130,0
DA:2131,0
DA:2133,0
DA:2134,0
DA:2136,0
DA:2138,0
DA:2139,0
DA:2140,0
DA:2142,0
DA:2146,0
DA:2147,0
DA:2148,0
DA:2150,0
DA:2151,0
DA:2152,0
DA:2153,0
DA:2154,0
DA:2156,0
DA:2161,0
DA:2163,0
DA:2164,0
DA:2165,0
DA:2171,0
DA:2172,0
DA:2186,0
DA:2187,0
DA:2189,0
DA:2190,0
DA:2192,0
DA:2194,0
DA:2195,0
DA:2196,0
DA:2198,0
DA:2202,0
DA:2203,0
DA:2204,0
DA:2206,0
DA:2207,0
DA:2208,0
DA:2209,0
DA:2210,0
DA:2212,0
DA:2217,0
DA:2219,0
DA:2220,0
DA:2221,0
DA:2227,0
DA:2228,0
DA:2242,1
DA:2243,1
DA:2249,1
DA:2250,1
DA:2251,1
DA:2252,1
DA:2254,1
DA:2255,1
DA:2256,1
DA:2258,1
DA:2261,1
DA:2262,1
DA:2263,1
DA:2264,0
DA:2265,0
DA:2266,0
DA:2269,1
DA:2271,1
DA:2272,1
DA:2273,1
DA:2276,0
DA:2278,0
DA:2296,6
DA:2297,6
DA:2299,6
DA:2300,6
DA:2301,0
DA:2303,6
DA:2305,0
DA:2319,3
DA:2321,3
DA:2323,3
DA:2325,3
DA:2326,6
DA:2327,6
DA:2328,6
DA:2329,6
DA:2330,5
DA:2332,6
DA:2337,3
DA:2338,3
DA:2341,3
DA:2343,3
DA:2344,5
DA:2347,5
DA:2348,5
DA:2350,5
DA:2351,6
DA:2352,6
DA:2356,5
DA:2360,3
DA:2361,6
DA:2362,6
DA:2363,6
DA:2364,6
DA:2368,3
DA:2373,3
DA:2376,0
DA:2387,3
DA:2388,3
DA:2390,3
DA:2392,3
DA:2394,3
DA:2399,3
DA:2400,3
DA:2401,6
DA:2402,6
DA:2406,6
DA:2409,3
DA:2417,3
DA:2420,6
DA:2426,3
DA:2429,3
DA:2430,6
DA:2431,6
DA:2432,6
DA:2433,6
DA:2435,6
DA:2443,3
DA:2444,0
DA:2448,3
DA:2449,3
DA:2450,3
DA:2452,3
DA:2453,0
DA:2454,0
DA:2456,0
DA:2457,0
DA:2462,3
DA:2464,3
DA:2468,3
DA:2469,3
DA:2470,3
DA:2473,0
DA:2475,0
DA:2493,63
DA:2494,63
DA:2496,63
DA:2497,63
DA:2499,63
DA:2500,0
DA:2501,0
DA:2505,63
DA:2506,0
DA:2507,0
DA:2508,0
DA:2509,0
DA:2515,0
DA:2520,63
DA:2521,0
DA:2522,0
DA:2523,0
DA:2528,63
DA:2529,0
DA:2532,63
DA:2533,63
DA:2534,63
DA:2537,0
DA:2549,63
DA:2550,63
DA:2552,63
DA:2553,63
DA:2555,63
DA:2556,0
DA:2557,0
DA:2560,63
DA:2561,63
DA:2562,63
DA:2563,63
DA:2564,63
DA:2566,63
DA:2567,0
DA:2568,0
DA:2570,0
DA:2571,0
DA:2572,0
DA:2573,0
DA:2574,0
DA:2576,0
DA:2579,63
DA:2580,0
DA:2582,0
DA:2583,0
DA:2585,0
DA:2586,0
DA:2588,0
DA:2589,0
DA:2592,0
DA:2595,63
DA:2596,0
DA:2597,0
DA:2598,0
DA:2602,63
DA:2603,63
DA:2605,63
DA:2606,63
DA:2607,63
DA:2610,0
DA:2621,63
DA:2622,63
DA:2624,63
DA:2625,63
DA:2627,63
DA:2628,82
DA:2629,82
DA:2630,82
DA:2631,82
DA:2633,82
DA:2634,0
DA:2635,0
DA:2636,0
DA:2638,0
DA:2639,0
DA:2641,0
DA:2642,0
DA:2643,0
DA:2644,0
DA:2645,0
DA:2649,0
DA:2652,82
DA:2653,0
DA:2655,0
DA:2656,0
DA:2657,0
DA:2660,82
DA:2661,0
DA:2662,0
DA:2663,0
DA:2667,82
DA:2668,82
DA:2671,63
DA:2672,63
DA:2673,63
DA:2676,0
DA:2687,0
DA:2688,0
DA:2690,0
DA:2691,0
DA:2693,0
DA:2694,0
DA:2695,0
DA:2698,0
DA:2699,0
DA:2701,0
DA:2703,0
DA:2704,0
DA:2706,0
DA:2707,0
DA:2708,0
DA:2709,0
DA:2710,0
DA:2712,0
DA:2713,0
DA:2714,0
DA:2718,0
DA:2724,0
DA:2726,0
DA:2727,0
DA:2728,0
DA:2731,0
DA:2742,0
DA:2743,0
DA:2745,0
DA:2746,0
DA:2748,0
DA:2749,0
DA:2750,0
DA:2753,0
DA:2754,0
DA:2756,0
DA:2758,0
DA:2759,0
DA:2761,0
DA:2762,0
DA:2763,0
DA:2764,0
DA:2766,0
DA:2767,0
DA:2771,0
DA:2776,0
DA:2777,0
DA:2778,0
DA:2781,0
DA:2791,3
DA:2792,3
DA:2794,3
DA:2795,3
DA:2796,0
DA:2797,0
DA:2801,3
DA:2802,3
DA:2804,3
DA:2805,6
DA:2806,6
DA:2807,6
DA:2808,6
DA:2809,6
DA:2811,6
DA:2812,6
DA:2816,3
DA:2817,3
DA:2820,3
DA:2821,3
DA:2822,0
DA:2825,0
DA:2826,0
DA:2828,0
DA:2830,0
DA:2836,0
DA:2837,0
DA:2838,0
DA:2841,3
DA:2852,0
DA:2853,0
DA:2855,0
DA:2856,0
DA:2857,0
DA:2872,0
DA:2877,0
DA:2878,0
DA:2879,0
DA:2881,0
DA:2884,0
DA:2886,0
DA:2902,3
DA:2909,31
DA:2916,7
DA:2927,6
DA:2928,6
DA:2929,2
DA:2931,4
DA:2932,3
DA:2934,1
DA:2935,1
DA:2936,1
DA:2943,11
DA:2944,11
DA:2945,2
DA:2947,9
DA:2948,9
DA:2954,9
DA:2955,9
DA:2956,9
DA:2963,4
DA:2964,4
DA:2965,0
DA:2967,7
DA:2968,4
DA:2969,1
DA:2971,3
DA:2973,3
DA:2974,4
DA:2976,3
DA:2983,4
DA:2984,4
DA:2985,4
DA:2992,3
DA:2999,1
LF:1154
LH:583
BRDA:62,0,0,0
BRDA:90,1,0,45
BRDA:90,1,1,0
BRDA:91,2,0,45
BRDA:91,2,1,0
BRDA:92,3,0,45
BRDA:92,3,1,0
BRDA:95,4,0,0
BRDA:110,5,0,0
BRDA:143,6,0,0
BRDA:143,6,1,0
BRDA:146,7,0,0
BRDA:166,8,0,0
BRDA:166,8,1,0
BRDA:172,9,0,0
BRDA:192,10,0,0
BRDA:192,11,0,0
BRDA:192,11,1,0
BRDA:219,12,0,0
BRDA:387,13,0,34
BRDA:394,14,0,2
BRDA:395,15,0,1
BRDA:395,15,1,1
BRDA:407,16,0,9
BRDA:413,17,0,1
BRDA:437,18,0,8
BRDA:437,18,1,37
BRDA:437,19,0,8
BRDA:437,19,1,0
BRDA:438,20,0,8
BRDA:438,20,1,37
BRDA:444,21,0,45
BRDA:444,21,1,44
BRDA:447,22,0,45
BRDA:447,22,1,44
BRDA:449,23,0,1
BRDA:449,23,1,44
BRDA:461,24,0,8
BRDA:463,25,0,8
BRDA:483,26,0,1
BRDA:483,27,0,1
BRDA:483,27,1,1
BRDA:483,27,2,0
BRDA:557,28,0,0
BRDA:557,28,1,0
BRDA:557,29,0,0
BRDA:557,29,1,0
BRDA:557,29,2,0
BRDA:559,30,0,0
BRDA:559,31,0,0
BRDA:559,31,1,0
BRDA:559,31,2,0
BRDA:559,31,3,0
BRDA:566,32,0,0
BRDA:566,33,0,0
BRDA:566,33,1,0
BRDA:574,34,0,0
BRDA:574,34,1,0
BRDA:574,35,0,0
BRDA:574,35,1,0
BRDA:576,36,0,0
BRDA:576,36,1,0
BRDA:576,37,0,0
BRDA:576,37,1,0
BRDA:578,38,0,0
BRDA:578,38,1,0
BRDA:578,39,0,0
BRDA:578,39,1,0
BRDA:580,40,0,0
BRDA:580,40,1,0
BRDA:580,41,0,0
BRDA:580,41,1,0
BRDA:582,42,0,0
BRDA:582,43,0,0
BRDA:582,43,1,0
BRDA:627,44,0,12
BRDA:627,45,0,82
BRDA:627,45,1,12
BRDA:725,46,0,0
BRDA:725,46,1,0
BRDA:729,47,0,0
BRDA:751,48,0,0
BRDA:785,49,0,0
BRDA:822,50,0,2
BRDA:837,51,0,8
BRDA:838,52,0,6
BRDA:838,52,1,2
BRDA:857,53,0,6
BRDA:860,54,0,0
BRDA:898,55,0,0
BRDA:903,56,0,0
BRDA:918,57,0,0
BRDA:956,58,0,0
BRDA:987,59,0,0
BRDA:987,60,0,0
BRDA:987,60,1,0
BRDA:1019,61,0,0
BRDA:1019,61,1,0
BRDA:1057,62,0,0
BRDA:1057,63,0,0
BRDA:1057,63,1,0
BRDA:1089,64,0,1
BRDA:1103,65,0,2
BRDA:1103,66,0,7
BRDA:1103,66,1,6
BRDA:1149,67,0,3
BRDA:1149,68,0,4
BRDA:1149,68,1,1
BRDA:1180,69,0,0
BRDA:1231,70,0,5
BRDA:1236,71,0,5
BRDA:1261,72,0,8
BRDA:1266,73,0,6
BRDA:1296,74,0,0
BRDA:1299,75,0,8
BRDA:1299,75,1,0
BRDA:1303,76,0,0
BRDA:1313,77,0,8
BRDA:1346,78,0,1
BRDA:1346,78,1,1
BRDA:1349,79,0,1
BRDA:1349,79,1,0
BRDA:1353,80,0,1
BRDA:1353,80,1,0
BRDA:1360,81,0,1
BRDA:1368,82,0,2
BRDA:1368,82,1,0
BRDA:1368,83,0,2
BRDA:1368,83,1,2
BRDA:1368,83,2,2
BRDA:1385,84,0,0
BRDA:1385,84,1,0
BRDA:1420,85,0,2
BRDA:1437,86,0,0
BRDA:1454,87,0,0
BRDA:1456,88,0,0
BRDA:1475,89,0,1
BRDA:1495,90,0,2
BRDA:1495,91,0,2
BRDA:1495,91,1,2
BRDA:1526,92,0,5
BRDA:1626,93,0,2
BRDA:1637,94,0,0
BRDA:1690,95,0,2
BRDA:1699,96,0,0
BRDA:1716,97,0,0
BRDA:1717,98,0,0
BRDA:1717,98,1,0
BRDA:1773,99,0,0
BRDA:1781,100,0,0
BRDA:1837,101,0,0
BRDA:1838,102,0,0
BRDA:1838,102,1,0
BRDA:1839,103,0,0
BRDA:1839,103,1,0
BRDA:1842,104,0,0
BRDA:1843,105,0,0
BRDA:1843,105,1,0
BRDA:1944,106,0,0
BRDA:1989,107,0,0
BRDA:2041,108,0,4
BRDA:2081,109,0,1
BRDA:2093,110,0,0
BRDA:2096,111,0,0
BRDA:2102,112,0,0
BRDA:2102,112,1,0
BRDA:2103,113,0,0
BRDA:2103,113,1,0
BRDA:2146,114,0,0
BRDA:2146,115,0,0
BRDA:2146,115,1,0
BRDA:2150,116,0,0
BRDA:2150,117,0,0
BRDA:2150,117,1,0
BRDA:2202,118,0,0
BRDA:2202,119,0,0
BRDA:2202,119,1,0
BRDA:2206,120,0,0
BRDA:2206,121,0,0
BRDA:2206,121,1,0
BRDA:2263,122,0,0
BRDA:2263,123,0,1
BRDA:2263,123,1,0
BRDA:2297,124,0,6
BRDA:2300,125,0,0
BRDA:2327,126,0,6
BRDA:2329,127,0,5
BRDA:2347,128,0,5
BRDA:2347,128,1,0
BRDA:2351,129,0,6
BRDA:2351,129,1,0
BRDA:2362,130,0,6
BRDA:2363,131,0,6
BRDA:2363,131,1,3
BRDA:2406,132,0,3
BRDA:2406,132,1,0
BRDA:2431,133,0,6
BRDA:2456,134,0,0
BRDA:2499,135,0,0
BRDA:2507,136,0,0
BRDA:2507,136,1,0
BRDA:2507,137,0,0
BRDA:2507,137,1,0
BRDA:2521,138,0,0
BRDA:2555,139,0,0
BRDA:2580,140,0,0
BRDA:2596,141,0,0
BRDA:2642,142,0,0
BRDA:2644,143,0,0
BRDA:2653,144,0,0
BRDA:2653,145,0,0
BRDA:2653,145,1,0
BRDA:2661,146,0,0
BRDA:2693,147,0,0
BRDA:2706,148,0,0
BRDA:2706,149,0,0
BRDA:2706,149,1,0
BRDA:2707,150,0,0
BRDA:2707,150,1,0
BRDA:2748,151,0,0
BRDA:2761,152,0,0
BRDA:2761,153,0,0
BRDA:2761,153,1,0
BRDA:2762,154,0,0
BRDA:2762,154,1,0
BRDA:2795,155,0,0
BRDA:2808,156,0,6
BRDA:2808,156,1,0
BRDA:2809,157,0,6
BRDA:2809,157,1,0
BRDA:2917,158,0,0
BRDA:2917,158,1,7
BRDA:2928,159,0,2
BRDA:2931,160,0,3
BRDA:2931,161,0,4
BRDA:2931,161,1,2
BRDA:2931,161,2,2
BRDA:2931,161,3,1
BRDA:2944,162,0,2
BRDA:2964,163,0,0
BRDA:2968,164,0,1
BRF:241
BRH:87
end_of_record
TN:
SF:src/services/gemini-service.ts
FN:14,(anonymous_0)
FN:43,(anonymous_1)
FN:242,(anonymous_2)
FNF:3
FNH:0
FNDA:0,(anonymous_0)
FNDA:0,(anonymous_1)
FNDA:0,(anonymous_2)
DA:1,0
DA:2,0
DA:8,0
DA:12,0
DA:15,0
DA:16,0
DA:19,0
DA:22,0
DA:26,0
DA:28,0
DA:29,0
DA:47,0
DA:48,0
DA:52,0
DA:54,0
DA:55,0
DA:64,0
DA:65,0
DA:74,0
DA:88,0
DA:93,0
DA:94,0
DA:95,0
DA:96,0
DA:97,0
DA:98,0
DA:99,0
DA:100,0
DA:103,0
DA:111,0
DA:112,0
DA:113,0
DA:119,0
DA:129,0
DA:130,0
DA:131,0
DA:133,0
DA:134,0
DA:142,0
DA:144,0
DA:145,0
DA:147,0
DA:148,0
DA:151,0
DA:152,0
DA:155,0
DA:158,0
DA:160,0
DA:161,0
DA:163,0
DA:164,0
DA:166,0
DA:167,0
DA:169,0
DA:172,0
DA:173,0
DA:174,0
DA:175,0
DA:176,0
DA:178,0
DA:184,0
DA:185,0
DA:191,0
DA:192,0
DA:200,0
DA:201,0
DA:202,0
DA:207,0
DA:208,0
DA:209,0
DA:210,0
DA:211,0
DA:212,0
DA:213,0
DA:214,0
DA:215,0
DA:216,0
DA:218,0
DA:221,0
DA:223,0
DA:224,0
DA:227,0
DA:243,0
DA:245,0
DA:247,0
DA:248,0
DA:253,0
LF:87
LH:0
BRDA:19,0,0,0
BRDA:19,0,1,0
BRDA:22,1,0,0
BRDA:22,1,1,0
BRDA:26,2,0,0
BRDA:26,2,1,0
BRDA:26,2,2,0
BRDA:28,3,0,0
BRDA:54,4,0,0
BRDA:54,5,0,0
BRDA:54,5,1,0
BRDA:64,6,0,0
BRDA:111,7,0,0
BRDA:133,8,0,0
BRDA:147,9,0,0
BRDA:158,10,0,0
BRDA:158,10,1,0
BRDA:161,11,0,0
BRDA:166,12,0,0
BRDA:166,12,1,0
BRDA:167,13,0,0
BRDA:167,14,0,0
BRDA:167,14,1,0
BRDA:172,15,0,0
BRDA:172,16,0,0
BRDA:172,16,1,0
BRDA:173,17,0,0
BRDA:173,17,1,0
BRDA:174,18,0,0
BRDA:184,19,0,0
BRDA:191,20,0,0
BRDA:191,21,0,0
BRDA:191,21,1,0
BRDA:191,21,2,0
BRDA:223,22,0,0
BRDA:223,23,0,0
BRDA:223,23,1,0
BRF:37
BRH:0
end_of_record
TN:
SF:src/types/errors.ts
FN:23,(anonymous_0)
FN:46,(anonymous_1)
FN:63,(anonymous_2)
FN:78,(anonymous_3)
FN:96,(anonymous_4)
FN:119,(anonymous_5)
FN:142,(anonymous_6)
FN:166,(anonymous_7)
FN:188,(anonymous_8)
FN:195,(anonymous_9)
FN:212,(anonymous_10)
FN:227,(anonymous_11)
FN:241,(anonymous_12)
FN:255,(anonymous_13)
FNF:14
FNH:11
FNDA:23,(anonymous_0)
FNDA:0,(anonymous_1)
FNDA:1,(anonymous_2)
FNDA:2,(anonymous_3)
FNDA:17,(anonymous_4)
FNDA:3,(anonymous_5)
FNDA:0,(anonymous_6)
FNDA:0,(anonymous_7)
FNDA:102,(anonymous_8)
FNDA:23,(anonymous_9)
FNDA:1,(anonymous_10)
FNDA:2,(anonymous_11)
FNDA:17,(anonymous_12)
FNDA:3,(anonymous_13)
DA:17,2
DA:30,23
DA:31,23
DA:32,23
DA:33,23
DA:34,23
DA:35,23
DA:38,23
DA:39,23
DA:47,0
DA:62,2
DA:70,1
DA:77,2
DA:85,2
DA:92,2
DA:102,17
DA:103,17
DA:105,17
DA:107,17
DA:108,17
DA:115,2
DA:125,3
DA:127,3
DA:129,3
DA:130,3
DA:137,2
DA:148,0
DA:149,0
DA:151,0
DA:153,0
DA:154,0
DA:155,0
DA:162,2
DA:172,0
DA:173,0
DA:175,0
DA:177,0
DA:178,0
DA:185,2
DA:189,102
DA:196,23
DA:202,23
DA:203,4
DA:206,23
DA:220,1
DA:221,1
DA:234,2
DA:235,2
DA:248,17
DA:249,17
DA:262,3
DA:263,3
LF:52
LH:40
BRDA:28,0,0,0
BRDA:38,1,0,23
BRDA:38,2,0,23
BRDA:38,2,1,23
BRDA:68,3,0,0
BRDA:83,4,0,2
BRDA:202,5,0,4
BRDA:218,6,0,1
BRF:8
BRH:6
end_of_record
TN:
SF:src/utils/debug-helper.ts
FN:20,(anonymous_0)
FN:26,(anonymous_1)
FN:33,(anonymous_2)
FN:41,(anonymous_3)
FN:49,(anonymous_4)
FN:62,(anonymous_5)
FN:78,(anonymous_6)
FN:88,(anonymous_7)
FN:98,(anonymous_8)
FN:102,(anonymous_9)
FN:107,(anonymous_10)
FN:118,(anonymous_11)
FN:150,(anonymous_12)
FN:182,(anonymous_13)
FN:206,(anonymous_14)
FN:214,(anonymous_15)
FN:249,(anonymous_16)
FN:256,(anonymous_17)
FN:257,(anonymous_18)
FNF:19
FNH:0
FNDA:0,(anonymous_0)
FNDA:0,(anonymous_1)
FNDA:0,(anonymous_2)
FNDA:0,(anonymous_3)
FNDA:0,(anonymous_4)
FNDA:0,(anonymous_5)
FNDA:0,(anonymous_6)
FNDA:0,(anonymous_7)
FNDA:0,(anonymous_8)
FNDA:0,(anonymous_9)
FNDA:0,(anonymous_10)
FNDA:0,(anonymous_11)
FNDA:0,(anonymous_12)
FNDA:0,(anonymous_13)
FNDA:0,(anonymous_14)
FNDA:0,(anonymous_15)
FNDA:0,(anonymous_16)
FNDA:0,(anonymous_17)
FNDA:0,(anonymous_18)
DA:20,0
DA:21,0
DA:27,0
DA:34,0
DA:35,0
DA:42,0
DA:43,0
DA:50,0
DA:56,0
DA:63,0
DA:64,0
DA:66,0
DA:72,0
DA:79,0
DA:82,0
DA:89,0
DA:92,0
DA:99,0
DA:102,0
DA:103,0
DA:107,0
DA:108,0
DA:111,0
DA:112,0
DA:119,0
DA:144,0
DA:151,0
DA:176,0
DA:183,0
DA:200,0
DA:207,0
DA:208,0
DA:215,0
DA:250,0
DA:251,0
DA:253,0
DA:257,0
DA:258,0
DA:262,0
DA:263,0
DA:264,0
DA:270,0
DA:273,0
DA:274,0
LF:44
LH:0
BRDA:64,0,0,0
BRDA:64,0,1,0
BRDA:68,1,0,0
BRDA:68,1,1,0
BRDA:82,2,0,0
BRDA:82,2,1,0
BRDA:92,3,0,0
BRDA:92,3,1,0
BRDA:250,4,0,0
BRDA:262,5,0,0
BRDA:262,6,0,0
BRDA:262,6,1,0
BRDA:273,7,0,0
BRF:13
BRH:0
end_of_record
TN:
SF:src/utils/logger.ts
FN:6,(anonymous_0)
FN:59,(anonymous_1)
FN:68,(anonymous_2)
FN:78,(anonymous_3)
FN:124,(anonymous_4)
FN:135,(anonymous_5)
FN:147,(anonymous_6)
FN:160,(anonymous_7)
FN:173,(anonymous_8)
FN:186,(anonymous_9)
FN:198,(anonymous_10)
FN:221,(anonymous_11)
FN:235,(anonymous_12)
FN:246,(anonymous_13)
FN:257,(anonymous_14)
FN:268,(anonymous_15)
FN:279,(anonymous_16)
FN:287,(anonymous_17)
FN:308,(anonymous_18)
FN:365,(anonymous_19)
FN:414,(anonymous_20)
FN:420,(anonymous_21)
FN:439,(anonymous_22)
FN:459,(anonymous_23)
FN:469,(anonymous_24)
FN:479,(anonymous_25)
FN:487,(anonymous_26)
FN:489,(anonymous_27)
FN:497,(anonymous_28)
FN:504,(anonymous_29)
FN:511,(anonymous_30)
FNF:31
FNH:28
FNDA:2,(anonymous_0)
FNDA:86,(anonymous_1)
FNDA:86,(anonymous_2)
FNDA:0,(anonymous_3)
FNDA:632,(anonymous_4)
FNDA:621,(anonymous_5)
FNDA:69,(anonymous_6)
FNDA:18,(anonymous_7)
FNDA:388,(anonymous_8)
FNDA:5,(anonymous_9)
FNDA:502,(anonymous_10)
FNDA:12,(anonymous_11)
FNDA:135,(anonymous_12)
FNDA:2,(anonymous_13)
FNDA:1,(anonymous_14)
FNDA:1,(anonymous_15)
FNDA:9,(anonymous_16)
FNDA:2395,(anonymous_17)
FNDA:2395,(anonymous_18)
FNDA:2395,(anonymous_19)
FNDA:12348,(anonymous_20)
FNDA:0,(anonymous_21)
FNDA:755,(anonymous_22)
FNDA:621,(anonymous_23)
FNDA:1567,(anonymous_24)
FNDA:127,(anonymous_25)
FNDA:1182,(anonymous_26)
FNDA:8263,(anonymous_27)
FNDA:86,(anonymous_28)
FNDA:86,(anonymous_29)
FNDA:0,(anonymous_30)
DA:6,2
DA:7,2
DA:8,2
DA:9,2
DA:10,2
DA:11,2
DA:12,2
DA:53,2
DA:57,86
DA:60,86
DA:61,86
DA:62,86
DA:63,86
DA:69,86
DA:70,0
DA:79,0
DA:80,0
DA:98,0
DA:99,0
DA:101,0
DA:102,0
DA:104,0
DA:105,0
DA:107,0
DA:108,0
DA:110,0
DA:111,0
DA:113,0
DA:114,0
DA:116,0
DA:117,0
DA:125,632
DA:136,621
DA:148,69
DA:161,18
DA:174,388
DA:187,5
DA:199,502
DA:200,502
DA:202,502
DA:203,502
DA:204,0
DA:205,502
DA:206,3
DA:209,502
DA:222,12
DA:236,135
DA:247,2
DA:258,1
DA:269,1
DA:280,9
DA:289,2395
DA:290,0
DA:293,2395
DA:305,2395
DA:310,2395
DA:311,2395
DA:315,0
DA:316,0
DA:320,0
DA:321,0
DA:325,0
DA:326,0
DA:327,0
DA:331,0
DA:332,0
DA:336,0
DA:337,0
DA:339,0
DA:340,0
DA:341,0
DA:342,0
DA:348,0
DA:349,0
DA:350,0
DA:351,0
DA:352,0
DA:353,0
DA:356,0
DA:357,0
DA:362,0
DA:366,2395
DA:367,2395
DA:376,2395
DA:378,2395
DA:379,2395
DA:382,2395
DA:383,2395
DA:384,2395
DA:385,2395
DA:386,2395
DA:387,2395
DA:389,2395
DA:390,2395
DA:393,2395
DA:394,0
DA:399,2395
DA:400,2395
DA:402,0
DA:406,0
DA:410,0
DA:415,12348
DA:416,1
DA:419,12347
DA:420,0
DA:423,12347
DA:424,3044
DA:425,3044
DA:426,9953
DA:427,9953
DA:430,3044
DA:433,9303
DA:440,755
DA:442,755
DA:443,1182
DA:444,1182
DA:445,1182
DA:446,3
DA:448,1179
DA:453,755
DA:460,621
DA:461,391
DA:463,230
DA:470,1567
DA:471,0
DA:473,1567
DA:480,127
DA:481,123
DA:488,1182
DA:489,1182
DA:490,8263
DA:498,86
DA:505,86
DA:512,0
LF:134
LH:84
BRDA:6,0,0,2
BRDA:6,0,1,2
BRDA:69,1,0,0
BRDA:69,2,0,86
BRDA:69,2,1,86
BRDA:79,3,0,0
BRDA:98,4,0,0
BRDA:101,5,0,0
BRDA:104,6,0,0
BRDA:107,7,0,0
BRDA:110,8,0,0
BRDA:113,9,0,0
BRDA:116,10,0,0
BRDA:124,11,0,116
BRDA:199,12,0,502
BRDA:199,12,1,502
BRDA:200,13,0,502
BRDA:200,13,1,502
BRDA:203,14,0,0
BRDA:203,14,1,502
BRDA:205,15,0,3
BRDA:239,16,0,115
BRDA:239,16,1,20
BRDA:239,17,0,115
BRDA:239,17,1,0
BRDA:287,18,0,0
BRDA:289,19,0,0
BRDA:297,20,0,2395
BRDA:297,20,1,5
BRDA:310,21,0,2395
BRDA:315,22,0,0
BRDA:320,23,0,0
BRDA:326,24,0,0
BRDA:326,25,0,0
BRDA:326,25,1,0
BRDA:331,26,0,0
BRDA:337,27,0,0
BRDA:339,28,0,0
BRDA:341,29,0,0
BRDA:341,30,0,0
BRDA:341,30,1,0
BRDA:348,31,0,0
BRDA:348,32,0,0
BRDA:348,32,1,0
BRDA:351,33,0,0
BRDA:351,34,0,0
BRDA:351,34,1,0
BRDA:356,35,0,0
BRDA:367,36,0,2395
BRDA:367,36,1,2395
BRDA:378,37,0,2395
BRDA:389,38,0,2395
BRDA:389,39,0,2395
BRDA:389,39,1,2395
BRDA:390,40,0,2395
BRDA:390,40,1,0
BRDA:393,41,0,0
BRDA:393,42,0,2395
BRDA:393,42,1,0
BRDA:399,43,0,2395
BRDA:399,43,1,0
BRDA:414,44,0,2395
BRDA:415,45,0,1
BRDA:419,46,0,0
BRDA:423,47,0,3044
BRDA:423,48,0,12347
BRDA:423,48,1,12309
BRDA:426,49,0,9953
BRDA:443,50,0,1182
BRDA:445,51,0,3
BRDA:445,51,1,1179
BRDA:460,52,0,391
BRDA:460,53,0,621
BRDA:460,53,1,391
BRDA:470,54,0,0
BRDA:470,55,0,1567
BRDA:470,55,1,1089
BRDA:480,56,0,4
BRF:78
BRH:41
end_of_record
TN:
SF:src/utils/markdown.ts
FN:10,(anonymous_0)
FN:21,(anonymous_1)
FN:48,(anonymous_2)
FN:112,(anonymous_3)
FN:124,(anonymous_4)
FN:157,(anonymous_5)
FN:178,(anonymous_6)
FN:188,(anonymous_7)
FNF:8
FNH:0
FNDA:0,(anonymous_0)
FNDA:0,(anonymous_1)
FNDA:0,(anonymous_2)
FNDA:0,(anonymous_3)
FNDA:0,(anonymous_4)
FNDA:0,(anonymous_5)
FNDA:0,(anonymous_6)
FNDA:0,(anonymous_7)
DA:1,0
DA:7,0
DA:11,0
DA:22,0
DA:23,0
DA:28,0
DA:30,0
DA:31,0
DA:34,0
DA:37,0
DA:38,0
DA:39,0
DA:43,0
DA:44,0
DA:47,0
DA:49,0
DA:50,0
DA:51,0
DA:53,0
DA:57,0
DA:60,0
DA:67,0
DA:70,0
DA:72,0
DA:78,0
DA:79,0
DA:80,0
DA:82,0
DA:85,0
DA:86,0
DA:87,0
DA:89,0
DA:90,0
DA:92,0
DA:96,0
DA:102,0
DA:103,0
DA:113,0
DA:114,0
DA:118,0
DA:119,0
DA:120,0
DA:122,0
DA:124,0
DA:125,0
DA:126,0
DA:127,0
DA:129,0
DA:135,0
DA:136,0
DA:137,0
DA:141,0
DA:145,0
DA:158,0
DA:159,0
DA:163,0
DA:178,0
DA:189,0
DA:190,0
DA:191,0
DA:196,0
LF:61
LH:0
BRDA:21,0,0,0
BRDA:30,1,0,0
BRDA:37,2,0,0
BRDA:43,3,0,0
BRDA:43,3,1,0
BRDA:43,4,0,0
BRDA:43,4,1,0
BRDA:49,5,0,0
BRDA:49,6,0,0
BRDA:49,6,1,0
BRDA:115,7,0,0
BRDA:115,7,1,0
BRDA:119,8,0,0
BRDA:119,8,1,0
BRDA:146,9,0,0
BRDA:146,9,1,0
BRDA:158,10,0,0
BRDA:158,11,0,0
BRDA:158,11,1,0
BRF:19
BRH:0
end_of_record
TN:
SF:src/utils/quill-manager.ts
FN:12,(anonymous_0)
FN:26,(anonymous_1)
FN:89,(anonymous_2)
FN:129,(anonymous_3)
FN:160,(anonymous_4)
FN:166,(anonymous_5)
FN:172,(anonymous_6)
FN:198,(anonymous_7)
FN:234,(anonymous_8)
FN:266,(anonymous_9)
FN:297,(anonymous_10)
FN:323,(anonymous_11)
FN:352,(anonymous_12)
FNF:13
FNH:0
FNDA:0,(anonymous_0)
FNDA:0,(anonymous_1)
FNDA:0,(anonymous_2)
FNDA:0,(anonymous_3)
FNDA:0,(anonymous_4)
FNDA:0,(anonymous_5)
FNDA:0,(anonymous_6)
FNDA:0,(anonymous_7)
FNDA:0,(anonymous_8)
FNDA:0,(anonymous_9)
FNDA:0,(anonymous_10)
FNDA:0,(anonymous_11)
FNDA:0,(anonymous_12)
DA:1,0
DA:7,0
DA:9,0
DA:13,0
DA:14,0
DA:32,0
DA:33,0
DA:38,0
DA:40,0
DA:41,0
DA:42,0
DA:46,0
DA:47,0
DA:51,0
DA:52,0
DA:53,0
DA:56,0
DA:72,0
DA:75,0
DA:77,0
DA:79,0
DA:82,0
DA:83,0
DA:88,0
DA:89,0
DA:91,0
DA:93,0
DA:96,0
DA:98,0
DA:107,0
DA:109,0
DA:111,0
DA:112,0
DA:113,0
DA:115,0
DA:118,0
DA:119,0
DA:130,0
DA:131,0
DA:133,0
DA:134,0
DA:135,0
DA:136,0
DA:137,0
DA:138,0
DA:139,0
DA:140,0
DA:141,0
DA:142,0
DA:143,0
DA:144,0
DA:145,0
DA:146,0
DA:147,0
DA:148,0
DA:149,0
DA:150,0
DA:151,0
DA:152,0
DA:154,0
DA:155,0
DA:157,0
DA:160,0
DA:161,0
DA:162,0
DA:166,0
DA:167,0
DA:168,0
DA:172,0
DA:173,0
DA:174,0
DA:178,0
DA:179,0
DA:182,0
DA:185,0
DA:189,0
DA:199,0
DA:204,0
DA:205,0
DA:207,0
DA:208,0
DA:209,0
DA:212,0
DA:214,0
DA:217,0
DA:218,0
DA:221,0
DA:224,0
DA:235,0
DA:237,0
DA:238,0
DA:240,0
DA:241,0
DA:242,0
DA:245,0
DA:247,0
DA:252,0
DA:255,0
DA:256,0
DA:267,0
DA:269,0
DA:270,0
DA:272,0
DA:273,0
DA:274,0
DA:277,0
DA:279,0
DA:284,0
DA:287,0
DA:288,0
DA:298,0
DA:300,0
DA:301,0
DA:303,0
DA:305,0
DA:306,0
DA:307,0
DA:310,0
DA:312,0
DA:316,0
DA:324,0
DA:328,0
DA:329,0
DA:330,0
DA:331,0
DA:333,0
DA:337,0
DA:339,0
DA:342,0
DA:353,0
DA:355,0
DA:356,0
DA:357,0
DA:363,0
LF:134
LH:0
BRDA:40,0,0,0
BRDA:46,1,0,0
BRDA:75,2,0,0
BRDA:77,3,0,0
BRDA:77,3,1,0
BRDA:77,4,0,0
BRDA:77,4,1,0
BRDA:88,5,0,0
BRDA:134,6,0,0
BRDA:134,6,1,0
BRDA:137,7,0,0
BRDA:137,7,1,0
BRDA:140,8,0,0
BRDA:140,8,1,0
BRDA:143,9,0,0
BRDA:143,9,1,0
BRDA:146,10,0,0
BRDA:146,10,1,0
BRDA:149,11,0,0
BRDA:149,11,1,0
BRDA:152,12,0,0
BRDA:152,12,1,0
BRDA:155,13,0,0
BRDA:155,13,1,0
BRDA:178,14,0,0
BRDA:207,15,0,0
BRDA:212,16,0,0
BRDA:212,16,1,0
BRDA:212,17,0,0
BRDA:212,17,1,0
BRDA:240,18,0,0
BRDA:272,19,0,0
BRDA:303,20,0,0
BRDA:306,21,0,0
BRDA:306,22,0,0
BRDA:306,22,1,0
BRDA:355,23,0,0
BRDA:357,24,0,0
BRDA:357,24,1,0
BRF:39
BRH:0
end_of_record
TN:
SF:src/utils/tree-layout.ts
FN:54,calculateTreeLayout
FN:74,(anonymous_1)
FN:106,calculateSubtreeWidth
FN:117,(anonymous_3)
FN:138,layoutSubtree
FN:161,(anonymous_5)
FN:165,(anonymous_6)
FNF:7
FNH:7
FNDA:19,calculateTreeLayout
FNDA:154,(anonymous_1)
FNDA:294,calculateSubtreeWidth
FNDA:143,(anonymous_3)
FNDA:151,layoutSubtree
FNDA:134,(anonymous_5)
FNDA:134,(anonymous_6)
DA:54,2
DA:58,19
DA:59,1
DA:62,18
DA:63,18
DA:64,18
DA:67,18
DA:68,154
DA:69,137
DA:70,137
DA:74,154
DA:75,18
DA:77,18
DA:78,17
DA:79,17
DA:81,17
DA:90,17
DA:93,18
DA:111,294
DA:113,294
DA:114,270
DA:117,24
DA:118,143
DA:121,24
DA:123,24
DA:146,151
DA:149,151
DA:153,151
DA:155,151
DA:157,151
DA:158,133
DA:161,18
DA:162,134
DA:165,134
DA:166,18
DA:167,18
DA:169,18
DA:171,18
DA:172,134
DA:173,134
DA:175,134
DA:176,134
DA:178,134
DA:187,134
LF:44
LH:44
BRDA:58,0,0,1
BRDA:68,1,0,137
BRDA:69,2,0,137
BRDA:69,2,1,21
BRDA:111,3,0,294
BRDA:111,3,1,270
BRDA:113,4,0,270
BRDA:155,5,0,151
BRDA:155,5,1,133
BRDA:157,6,0,133
BRDA:175,7,0,134
BRDA:175,8,0,134
BRDA:175,8,1,134
BRF:13
BRH:13
end_of_record
TN:
SF:src/utils/type-guards.ts
FN:19,isNodeBlockType
FN:32,isPosition
FN:49,isNodeBlock
FN:73,isGraphNode
FN:85,(anonymous_4)
FN:87,(anonymous_5)
FN:105,(anonymous_6)
FN:112,(anonymous_7)
FN:148,(anonymous_8)
FN:175,(anonymous_9)
FN:192,(anonymous_10)
FN:209,(anonymous_11)
FN:226,(anonymous_12)
FN:266,(anonymous_13)
FN:325,(anonymous_14)
FN:345,(anonymous_15)
FNF:16
FNH:16
FNDA:261,isNodeBlockType
FNDA:154,isPosition
FNDA:257,isNodeBlock
FNDA:140,isGraphNode
FNDA:6,(anonymous_4)
FNDA:147,(anonymous_5)
FNDA:57,(anonymous_6)
FNDA:111,(anonymous_7)
FNDA:138,(anonymous_8)
FNDA:4,(anonymous_9)
FNDA:91,(anonymous_10)
FNDA:124,(anonymous_11)
FNDA:46,(anonymous_12)
FNDA:63,(anonymous_13)
FNDA:17,(anonymous_14)
FNDA:5,(anonymous_15)
DA:9,2
DA:19,2
DA:20,261
DA:32,2
DA:33,154
DA:49,2
DA:50,257
DA:51,5
DA:54,252
DA:56,252
DA:73,2
DA:74,140
DA:75,1
DA:78,139
DA:80,139
DA:85,6
DA:87,147
DA:102,2
DA:106,57
DA:117,111
DA:118,3
DA:126,108
DA:127,2
DA:135,106
DA:136,0
DA:153,138
DA:154,1
DA:162,137
DA:163,1
DA:179,4
DA:180,2
DA:196,91
DA:197,2
DA:213,124
DA:214,2
DA:230,46
DA:231,46
DA:234,46
DA:235,63
DA:236,51
DA:240,63
DA:241,12
DA:242,12
DA:243,0
DA:251,12
DA:252,0
DA:273,63
DA:274,0
DA:282,63
DA:283,0
DA:286,63
DA:287,63
DA:290,63
DA:291,12
DA:292,12
DA:293,0
DA:301,12
DA:302,0
DA:312,63
DA:313,12
DA:314,12
DA:315,12
DA:319,63
DA:332,17
DA:333,0
DA:350,5
DA:351,3
LF:67
LH:59
BRDA:20,0,0,261
BRDA:20,0,1,254
BRDA:33,1,0,154
BRDA:33,1,1,151
BRDA:33,1,2,149
BRDA:33,1,3,144
BRDA:33,1,4,141
BRDA:33,1,5,136
BRDA:50,2,0,5
BRDA:50,3,0,257
BRDA:50,3,1,254
BRDA:56,4,0,252
BRDA:56,4,1,247
BRDA:56,4,2,247
BRDA:56,4,3,245
BRDA:56,4,4,243
BRDA:56,4,5,241
BRDA:56,4,6,239
BRDA:74,5,0,1
BRDA:74,6,0,140
BRDA:74,6,1,140
BRDA:80,7,0,139
BRDA:80,7,1,136
BRDA:80,7,2,136
BRDA:80,7,3,134
BRDA:80,7,4,21
BRDA:80,7,5,133
BRDA:80,7,6,132
BRDA:80,7,7,131
BRDA:80,7,8,130
BRDA:80,7,9,129
BRDA:80,7,10,128
BRDA:80,7,11,127
BRDA:80,7,12,126
BRDA:117,8,0,3
BRDA:126,9,0,2
BRDA:126,10,0,108
BRDA:126,10,1,107
BRDA:135,11,0,0
BRDA:135,12,0,106
BRDA:135,12,1,0
BRDA:153,13,0,1
BRDA:162,14,0,1
BRDA:179,15,0,2
BRDA:196,16,0,2
BRDA:213,17,0,2
BRDA:235,18,0,51
BRDA:242,19,0,0
BRDA:251,20,0,0
BRDA:273,21,0,0
BRDA:282,22,0,0
BRDA:290,23,0,12
BRDA:292,24,0,0
BRDA:301,25,0,0
BRDA:314,26,0,12
BRDA:332,27,0,0
BRDA:332,28,0,17
BRDA:332,28,1,17
BRDA:332,28,2,17
BRDA:350,29,0,3
BRDA:350,30,0,5
BRDA:350,30,1,3
BRF:62
BRH:53
end_of_record
